ARM GAS  /var/folders/84/_x1cyy_j36g486tldtwl37280000gn/T//ccDVZlpT.s 			page 1


   1              		.cpu cortex-m4
   2              		.eabi_attribute 27, 1
   3              		.eabi_attribute 28, 1
   4              		.eabi_attribute 20, 1
   5              		.eabi_attribute 21, 1
   6              		.eabi_attribute 23, 3
   7              		.eabi_attribute 24, 1
   8              		.eabi_attribute 25, 1
   9              		.eabi_attribute 26, 1
  10              		.eabi_attribute 30, 2
  11              		.eabi_attribute 34, 1
  12              		.eabi_attribute 18, 4
  13              		.file	"chordTrack.cpp"
  14              		.text
  15              	.Ltext0:
  16              		.cfi_sections	.debug_frame
  17              		.global	_ZN10ChordTrack11track_item_E
  18              		.global	_ZN10ChordTrack11track_mask_E
  19              		.global	_ZN10ChordTrack10step_item_E
  20              		.global	_ZN10ChordTrack10step_mask_E
  21              		.section	.data._ZN10ChordTrack10step_item_E,"aw"
  22              		.align	2
  25              	_ZN10ChordTrack10step_item_E:
  26 0000 00000000 		.word	0
  27 0004 01000000 		.word	1
  28 0008 01000000 		.word	1
  29 000c 00000000 		.word	0
  30 0010 00000000 		.word	_ZN10ChordTrack10step_mask_E
  31 0014 00000000 		.space	4
  32 0018 00000000 		.word	0
  33 001c 07000000 		.word	7
  34 0020 02000000 		.word	2
  35 0024 07000000 		.word	7
  36 0028 08000000 		.word	_ZN10ChordTrack10step_mask_E+8
  37 002c 00000000 		.space	4
  38 0030 00000000 		.word	0
  39 0034 15000000 		.word	21
  40 0038 07000000 		.word	7
  41 003c 07000000 		.word	7
  42 0040 10000000 		.word	_ZN10ChordTrack10step_mask_E+16
  43 0044 00000000 		.space	4
  44 0048 00000000 		.word	0
  45 004c 07000000 		.word	7
  46 0050 02000000 		.word	2
  47 0054 00000000 		.word	0
  48 0058 18000000 		.word	_ZN10ChordTrack10step_mask_E+24
  49 005c 00000000 		.space	4
  50 0060 00000000 		.word	0
  51 0064 03000000 		.word	3
  52 0068 02000000 		.word	2
  53 006c 00000000 		.word	0
  54 0070 20000000 		.word	_ZN10ChordTrack10step_mask_E+32
  55 0074 00000000 		.space	4
  56 0078 00000000 		.word	0
  57 007c 07000000 		.word	7
  58 0080 02000000 		.word	2
  59 0084 00000000 		.word	0
ARM GAS  /var/folders/84/_x1cyy_j36g486tldtwl37280000gn/T//ccDVZlpT.s 			page 2


  60 0088 28000000 		.word	_ZN10ChordTrack10step_mask_E+40
  61 008c 00000000 		.space	4
  62 0090 00000000 		.word	0
  63 0094 7F000000 		.word	127
  64 0098 0A000000 		.word	10
  65 009c 64000000 		.word	100
  66 00a0 30000000 		.word	_ZN10ChordTrack10step_mask_E+48
  67 00a4 00000000 		.space	4
  68 00a8 01000000 		.word	1
  69 00ac 40000000 		.word	64
  70 00b0 04000000 		.word	4
  71 00b4 04000000 		.word	4
  72 00b8 38000000 		.word	_ZN10ChordTrack10step_mask_E+56
  73 00bc 00000000 		.space	4
  74 00c0 00000000 		.word	0
  75 00c4 03000000 		.word	3
  76 00c8 01000000 		.word	1
  77 00cc 00000000 		.word	0
  78 00d0 40000000 		.word	_ZN10ChordTrack10step_mask_E+64
  79 00d4 00000000 		.space	4
  80 00d8 00000000 		.word	0
  81 00dc 11000000 		.word	17
  82 00e0 03000000 		.word	3
  83 00e4 0D000000 		.word	13
  84 00e8 48000000 		.word	_ZN10ChordTrack10step_mask_E+72
  85 00ec 00000000 		.space	4
  86 00f0 00000000 		.word	0
  87 00f4 08000000 		.word	8
  88 00f8 01000000 		.word	1
  89 00fc 00000000 		.word	0
  90 0100 50000000 		.word	_ZN10ChordTrack10step_mask_E+80
  91 0104 00000000 		.space	4
  92 0108 00000000 		.word	0
  93 010c 08000000 		.word	8
  94 0110 01000000 		.word	1
  95 0114 00000000 		.word	0
  96 0118 58000000 		.word	_ZN10ChordTrack10step_mask_E+88
  97 011c 00000000 		.space	4
  98 0120 00000000 		.word	0
  99 0124 08000000 		.word	8
 100 0128 01000000 		.word	1
 101 012c 00000000 		.word	0
 102 0130 60000000 		.word	_ZN10ChordTrack10step_mask_E+96
 103 0134 00000000 		.space	4
 104 0138 00000000 		.word	0
 105 013c 05000000 		.word	5
 106 0140 01000000 		.word	1
 107 0144 05000000 		.word	5
 108 0148 68000000 		.word	_ZN10ChordTrack10step_mask_E+104
 109 014c 00000000 		.space	4
 110 0150 00000000 		.word	0
 111 0154 03000000 		.word	3
 112 0158 01000000 		.word	1
 113 015c 00000000 		.word	0
 114 0160 70000000 		.word	_ZN10ChordTrack10step_mask_E+112
 115 0164 00000000 		.space	4
 116              		.section	.data._ZN10ChordTrack10step_mask_E,"aw"
ARM GAS  /var/folders/84/_x1cyy_j36g486tldtwl37280000gn/T//ccDVZlpT.s 			page 3


 117              		.align	2
 120              	_ZN10ChordTrack10step_mask_E:
 121 0000 00       		.byte	0
 122 0001 01       		.byte	1
 123 0002 00       		.byte	0
 124 0003 00       		.space	1
 125 0004 01000000 		.word	1
 126 0008 00       		.byte	0
 127 0009 03       		.byte	3
 128 000a 01       		.byte	1
 129 000b 00       		.space	1
 130 000c 0E000000 		.word	14
 131 0010 00       		.byte	0
 132 0011 05       		.byte	5
 133 0012 04       		.byte	4
 134 0013 00       		.space	1
 135 0014 F0010000 		.word	496
 136 0018 00       		.byte	0
 137 0019 03       		.byte	3
 138 001a 09       		.byte	9
 139 001b 00       		.space	1
 140 001c 000E0000 		.word	3584
 141 0020 00       		.byte	0
 142 0021 02       		.byte	2
 143 0022 0C       		.byte	12
 144 0023 00       		.space	1
 145 0024 00300000 		.word	12288
 146 0028 00       		.byte	0
 147 0029 03       		.byte	3
 148 002a 0E       		.byte	14
 149 002b 00       		.space	1
 150 002c 00C00100 		.word	114688
 151 0030 00       		.byte	0
 152 0031 07       		.byte	7
 153 0032 11       		.byte	17
 154 0033 00       		.space	1
 155 0034 0000FE00 		.word	16646144
 156 0038 00       		.byte	0
 157 0039 07       		.byte	7
 158 003a 18       		.byte	24
 159 003b 00       		.space	1
 160 003c 0000007F 		.word	2130706432
 161 0040 01       		.byte	1
 162 0041 02       		.byte	2
 163 0042 00       		.byte	0
 164 0043 00       		.space	1
 165 0044 03000000 		.word	3
 166 0048 01       		.byte	1
 167 0049 05       		.byte	5
 168 004a 02       		.byte	2
 169 004b 00       		.space	1
 170 004c 7C000000 		.word	124
 171 0050 01       		.byte	1
 172 0051 04       		.byte	4
 173 0052 07       		.byte	7
 174 0053 00       		.space	1
 175 0054 80070000 		.word	1920
ARM GAS  /var/folders/84/_x1cyy_j36g486tldtwl37280000gn/T//ccDVZlpT.s 			page 4


 176 0058 01       		.byte	1
 177 0059 04       		.byte	4
 178 005a 0B       		.byte	11
 179 005b 00       		.space	1
 180 005c 00780000 		.word	30720
 181 0060 01       		.byte	1
 182 0061 04       		.byte	4
 183 0062 0F       		.byte	15
 184 0063 00       		.space	1
 185 0064 00800700 		.word	491520
 186 0068 01       		.byte	1
 187 0069 03       		.byte	3
 188 006a 13       		.byte	19
 189 006b 00       		.space	1
 190 006c 00003800 		.word	3670016
 191 0070 01       		.byte	1
 192 0071 03       		.byte	3
 193 0072 16       		.byte	22
 194 0073 00       		.space	1
 195 0074 0000C001 		.word	29360128
 196              		.section	.data._ZN10ChordTrack11track_item_E,"aw"
 197              		.align	2
 200              	_ZN10ChordTrack11track_item_E:
 201 0000 00000000 		.word	0
 202 0004 08000000 		.word	8
 203 0008 01000000 		.word	1
 204 000c 04000000 		.word	4
 205 0010 00000000 		.word	_ZN10ChordTrack11track_mask_E
 206 0014 00000000 		.space	4
 207              		.section	.data._ZN10ChordTrack11track_mask_E,"aw"
 208              		.align	2
 211              	_ZN10ChordTrack11track_mask_E:
 212 0000 00       		.byte	0
 213 0001 04       		.byte	4
 214 0002 00       		.byte	0
 215 0003 00       		.space	1
 216 0004 0F000000 		.word	15
 217              		.text
 218              	.Letext0:
 219              		.file 1 "/usr/local/Caskroom/gcc-arm-embedded/9-2019-q4-major/gcc-arm-none-eabi-9-2019-q4-major/ar
 220              		.file 2 "/usr/local/Caskroom/gcc-arm-embedded/9-2019-q4-major/gcc-arm-none-eabi-9-2019-q4-major/ar
 221              		.file 3 "/usr/local/Caskroom/gcc-arm-embedded/9-2019-q4-major/gcc-arm-none-eabi-9-2019-q4-major/ar
 222              		.file 4 "/Users/joostbooy/STM32Cube/Repository/STM32Cube_FW_F4_V1.26.1/Drivers/CMSIS/Include/core_
 223              		.file 5 "/Users/joostbooy/STM32Cube/Repository/STM32Cube_FW_F4_V1.26.1/Drivers/CMSIS/Device/ST/STM
 224              		.file 6 "/usr/local/Caskroom/gcc-arm-embedded/9-2019-q4-major/gcc-arm-none-eabi-9-2019-q4-major/li
 225              		.file 7 "/Users/joostbooy/STM32Cube/Repository/STM32Cube_FW_F4_V1.26.1/Drivers/STM32F4xx_HAL_Drive
 226              		.file 8 "/usr/local/Caskroom/gcc-arm-embedded/9-2019-q4-major/gcc-arm-none-eabi-9-2019-q4-major/ar
 227              		.file 9 "/usr/local/Caskroom/gcc-arm-embedded/9-2019-q4-major/gcc-arm-none-eabi-9-2019-q4-major/ar
 228              		.file 10 "/usr/local/Caskroom/gcc-arm-embedded/9-2019-q4-major/gcc-arm-none-eabi-9-2019-q4-major/a
 229              		.file 11 "/usr/local/Caskroom/gcc-arm-embedded/9-2019-q4-major/gcc-arm-none-eabi-9-2019-q4-major/a
 230              		.file 12 "/usr/local/Caskroom/gcc-arm-embedded/9-2019-q4-major/gcc-arm-none-eabi-9-2019-q4-major/a
 231              		.file 13 "/usr/local/Caskroom/gcc-arm-embedded/9-2019-q4-major/gcc-arm-none-eabi-9-2019-q4-major/a
 232              		.file 14 "/usr/local/Caskroom/gcc-arm-embedded/9-2019-q4-major/gcc-arm-none-eabi-9-2019-q4-major/a
 233              		.file 15 "/usr/local/Caskroom/gcc-arm-embedded/9-2019-q4-major/gcc-arm-none-eabi-9-2019-q4-major/a
 234              		.file 16 "/usr/local/Caskroom/gcc-arm-embedded/9-2019-q4-major/gcc-arm-none-eabi-9-2019-q4-major/a
 235              		.file 17 "/usr/local/Caskroom/gcc-arm-embedded/9-2019-q4-major/gcc-arm-none-eabi-9-2019-q4-major/a
 236              		.file 18 "/usr/local/Caskroom/gcc-arm-embedded/9-2019-q4-major/gcc-arm-none-eabi-9-2019-q4-major/a
ARM GAS  /var/folders/84/_x1cyy_j36g486tldtwl37280000gn/T//ccDVZlpT.s 			page 5


 237              		.file 19 "/usr/local/Caskroom/gcc-arm-embedded/9-2019-q4-major/gcc-arm-none-eabi-9-2019-q4-major/a
 238              		.file 20 "/usr/local/Caskroom/gcc-arm-embedded/9-2019-q4-major/gcc-arm-none-eabi-9-2019-q4-major/a
 239              		.file 21 "/usr/local/Caskroom/gcc-arm-embedded/9-2019-q4-major/gcc-arm-none-eabi-9-2019-q4-major/a
 240              		.file 22 "/usr/local/Caskroom/gcc-arm-embedded/9-2019-q4-major/gcc-arm-none-eabi-9-2019-q4-major/a
 241              		.file 23 "/usr/local/Caskroom/gcc-arm-embedded/9-2019-q4-major/gcc-arm-none-eabi-9-2019-q4-major/a
 242              		.file 24 "/usr/local/Caskroom/gcc-arm-embedded/9-2019-q4-major/gcc-arm-none-eabi-9-2019-q4-major/a
 243              		.file 25 "/usr/local/Caskroom/gcc-arm-embedded/9-2019-q4-major/gcc-arm-none-eabi-9-2019-q4-major/a
 244              		.file 26 "/usr/local/Caskroom/gcc-arm-embedded/9-2019-q4-major/gcc-arm-none-eabi-9-2019-q4-major/a
 245              		.file 27 "/usr/local/Caskroom/gcc-arm-embedded/9-2019-q4-major/gcc-arm-none-eabi-9-2019-q4-major/a
 246              		.file 28 "/usr/local/Caskroom/gcc-arm-embedded/9-2019-q4-major/gcc-arm-none-eabi-9-2019-q4-major/a
 247              		.file 29 "/usr/local/Caskroom/gcc-arm-embedded/9-2019-q4-major/gcc-arm-none-eabi-9-2019-q4-major/a
 248              		.file 30 "/usr/local/Caskroom/gcc-arm-embedded/9-2019-q4-major/gcc-arm-none-eabi-9-2019-q4-major/a
 249              		.file 31 "/usr/local/Caskroom/gcc-arm-embedded/9-2019-q4-major/gcc-arm-none-eabi-9-2019-q4-major/a
 250              		.file 32 "/usr/local/Caskroom/gcc-arm-embedded/9-2019-q4-major/gcc-arm-none-eabi-9-2019-q4-major/l
 251              		.file 33 "<built-in>"
 252              		.file 34 "/usr/local/Caskroom/gcc-arm-embedded/9-2019-q4-major/gcc-arm-none-eabi-9-2019-q4-major/a
 253              		.file 35 "/usr/local/Caskroom/gcc-arm-embedded/9-2019-q4-major/gcc-arm-none-eabi-9-2019-q4-major/a
 254              		.file 36 "/usr/local/Caskroom/gcc-arm-embedded/9-2019-q4-major/gcc-arm-none-eabi-9-2019-q4-major/a
 255              		.file 37 "/usr/local/Caskroom/gcc-arm-embedded/9-2019-q4-major/gcc-arm-none-eabi-9-2019-q4-major/a
 256              		.file 38 "/usr/local/Caskroom/gcc-arm-embedded/9-2019-q4-major/gcc-arm-none-eabi-9-2019-q4-major/a
 257              		.file 39 "/usr/local/Caskroom/gcc-arm-embedded/9-2019-q4-major/gcc-arm-none-eabi-9-2019-q4-major/a
 258              		.file 40 "/usr/local/Caskroom/gcc-arm-embedded/9-2019-q4-major/gcc-arm-none-eabi-9-2019-q4-major/a
 259              		.file 41 "/usr/local/Caskroom/gcc-arm-embedded/9-2019-q4-major/gcc-arm-none-eabi-9-2019-q4-major/a
 260              		.file 42 "/usr/local/Caskroom/gcc-arm-embedded/9-2019-q4-major/gcc-arm-none-eabi-9-2019-q4-major/a
 261              		.file 43 "Src/Settings/trackData.h"
 262              		.file 44 "lookupTables/lookUpTables.h"
 263              		.file 45 "Drivers/uart.h"
 264              		.file 46 "Drivers/Usb/usb.h"
 265              		.file 47 "lookupTables/font.h"
 266              		.file 48 "Src/Settings/pattern.h"
 267              		.file 49 "Src/Settings/baseTrack.h"
 268              		.file 50 "Src/Settings/serial.h"
 269              		.file 51 "Src/Settings/serialItem.h"
 270              		.file 52 "Src/Settings/chordTrack.h"
 271              		.file 53 "Src/Settings/chordTrack.cpp"
ARM GAS  /var/folders/84/_x1cyy_j36g486tldtwl37280000gn/T//ccDVZlpT.s 			page 6


DEFINED SYMBOLS
                            *ABS*:0000000000000000 chordTrack.cpp
/var/folders/84/_x1cyy_j36g486tldtwl37280000gn/T//ccDVZlpT.s:200    .data._ZN10ChordTrack11track_item_E:0000000000000000 _ZN10ChordTrack11track_item_E
/var/folders/84/_x1cyy_j36g486tldtwl37280000gn/T//ccDVZlpT.s:211    .data._ZN10ChordTrack11track_mask_E:0000000000000000 _ZN10ChordTrack11track_mask_E
/var/folders/84/_x1cyy_j36g486tldtwl37280000gn/T//ccDVZlpT.s:25     .data._ZN10ChordTrack10step_item_E:0000000000000000 _ZN10ChordTrack10step_item_E
/var/folders/84/_x1cyy_j36g486tldtwl37280000gn/T//ccDVZlpT.s:120    .data._ZN10ChordTrack10step_mask_E:0000000000000000 _ZN10ChordTrack10step_mask_E
/var/folders/84/_x1cyy_j36g486tldtwl37280000gn/T//ccDVZlpT.s:22     .data._ZN10ChordTrack10step_item_E:0000000000000000 $d
/var/folders/84/_x1cyy_j36g486tldtwl37280000gn/T//ccDVZlpT.s:117    .data._ZN10ChordTrack10step_mask_E:0000000000000000 $d
/var/folders/84/_x1cyy_j36g486tldtwl37280000gn/T//ccDVZlpT.s:197    .data._ZN10ChordTrack11track_item_E:0000000000000000 $d
/var/folders/84/_x1cyy_j36g486tldtwl37280000gn/T//ccDVZlpT.s:208    .data._ZN10ChordTrack11track_mask_E:0000000000000000 $d

NO UNDEFINED SYMBOLS
