ARM GAS  /var/folders/84/_x1cyy_j36g486tldtwl37280000gn/T//cc8UUaXA.s 			page 1


   1              		.cpu cortex-m4
   2              		.eabi_attribute 27, 1
   3              		.eabi_attribute 28, 1
   4              		.eabi_attribute 20, 1
   5              		.eabi_attribute 21, 1
   6              		.eabi_attribute 23, 3
   7              		.eabi_attribute 24, 1
   8              		.eabi_attribute 25, 1
   9              		.eabi_attribute 26, 1
  10              		.eabi_attribute 30, 2
  11              		.eabi_attribute 34, 1
  12              		.eabi_attribute 18, 4
  13              		.file	"debug.cpp"
  14              		.text
  15              	.Ltext0:
  16              		.cfi_sections	.debug_frame
  17              		.section	.text._ZN5Debug4initEv,"ax",%progbits
  18              		.align	1
  19              		.p2align 2,,3
  20              		.global	_ZN5Debug4initEv
  21              		.arch armv7e-m
  22              		.syntax unified
  23              		.thumb
  24              		.thumb_func
  25              		.fpu fpv4-sp-d16
  27              	_ZN5Debug4initEv:
  28              	.LVL0:
  29              	.LFB1980:
  30              		.file 1 "Drivers/debug.cpp"
   1:Drivers/debug.cpp **** #include "debug.h"
   2:Drivers/debug.cpp **** 
   3:Drivers/debug.cpp **** Debug debug;
   4:Drivers/debug.cpp **** 
   5:Drivers/debug.cpp **** void Debug::init() {
  31              		.loc 1 5 20 view -0
  32              		.cfi_startproc
  33              		@ args = 0, pretend = 0, frame = 24
  34              		@ frame_needed = 0, uses_anonymous_args = 0
   6:Drivers/debug.cpp **** 	GPIO_InitTypeDef GPIO_InitStruct = {0};
  35              		.loc 1 6 2 view .LVU1
   5:Drivers/debug.cpp **** 
  36              		.loc 1 5 20 is_stmt 0 view .LVU2
  37 0000 70B5     		push	{r4, r5, r6, lr}
  38              		.cfi_def_cfa_offset 16
  39              		.cfi_offset 4, -16
  40              		.cfi_offset 5, -12
  41              		.cfi_offset 6, -8
  42              		.cfi_offset 14, -4
  43 0002 86B0     		sub	sp, sp, #24
  44              		.cfi_def_cfa_offset 40
  45              		.loc 1 6 19 view .LVU3
  46 0004 0024     		movs	r4, #0
   7:Drivers/debug.cpp **** 
   8:Drivers/debug.cpp **** 	/**UART8 GPIO Configuration
   9:Drivers/debug.cpp **** 	PE0     ------> RX
  10:Drivers/debug.cpp **** 	PE1     ------> TX
  11:Drivers/debug.cpp **** 	*/
ARM GAS  /var/folders/84/_x1cyy_j36g486tldtwl37280000gn/T//cc8UUaXA.s 			page 2


  12:Drivers/debug.cpp **** 
  13:Drivers/debug.cpp **** 	GPIO_InitStruct.Pin = GPIO_PIN_1;
  47              		.loc 1 13 22 view .LVU4
  48 0006 0225     		movs	r5, #2
  14:Drivers/debug.cpp **** 	GPIO_InitStruct.Mode = GPIO_MODE_OUTPUT_PP;
  15:Drivers/debug.cpp **** 	GPIO_InitStruct.Pull = GPIO_NOPULL;
  16:Drivers/debug.cpp **** 	GPIO_InitStruct.Speed = GPIO_SPEED_FREQ_HIGH;
  17:Drivers/debug.cpp **** 	HAL_GPIO_Init(GPIOE, &GPIO_InitStruct);
  49              		.loc 1 17 15 view .LVU5
  50 0008 01A9     		add	r1, sp, #4
  14:Drivers/debug.cpp **** 	GPIO_InitStruct.Mode = GPIO_MODE_OUTPUT_PP;
  51              		.loc 1 14 23 view .LVU6
  52 000a 0126     		movs	r6, #1
  53              		.loc 1 17 15 view .LVU7
  54 000c 0848     		ldr	r0, .L4
  55              	.LVL1:
   6:Drivers/debug.cpp **** 
  56              		.loc 1 6 19 view .LVU8
  57 000e 0594     		str	r4, [sp, #20]
  13:Drivers/debug.cpp **** 	GPIO_InitStruct.Mode = GPIO_MODE_OUTPUT_PP;
  58              		.loc 1 13 2 is_stmt 1 view .LVU9
  15:Drivers/debug.cpp **** 	GPIO_InitStruct.Speed = GPIO_SPEED_FREQ_HIGH;
  59              		.loc 1 15 23 is_stmt 0 view .LVU10
  60 0010 0394     		str	r4, [sp, #12]
  13:Drivers/debug.cpp **** 	GPIO_InitStruct.Mode = GPIO_MODE_OUTPUT_PP;
  61              		.loc 1 13 22 view .LVU11
  62 0012 0195     		str	r5, [sp, #4]
  14:Drivers/debug.cpp **** 	GPIO_InitStruct.Pull = GPIO_NOPULL;
  63              		.loc 1 14 2 is_stmt 1 view .LVU12
  16:Drivers/debug.cpp **** 	HAL_GPIO_Init(GPIOE, &GPIO_InitStruct);
  64              		.loc 1 16 24 is_stmt 0 view .LVU13
  65 0014 0495     		str	r5, [sp, #16]
  14:Drivers/debug.cpp **** 	GPIO_InitStruct.Pull = GPIO_NOPULL;
  66              		.loc 1 14 23 view .LVU14
  67 0016 0296     		str	r6, [sp, #8]
  15:Drivers/debug.cpp **** 	GPIO_InitStruct.Speed = GPIO_SPEED_FREQ_HIGH;
  68              		.loc 1 15 2 is_stmt 1 view .LVU15
  16:Drivers/debug.cpp **** 	HAL_GPIO_Init(GPIOE, &GPIO_InitStruct);
  69              		.loc 1 16 2 view .LVU16
  70              		.loc 1 17 2 view .LVU17
  71              		.loc 1 17 15 is_stmt 0 view .LVU18
  72 0018 FFF7FEFF 		bl	HAL_GPIO_Init
  73              	.LVL2:
  18:Drivers/debug.cpp **** 
  19:Drivers/debug.cpp **** 	GPIO_InitStruct.Pin = GPIO_PIN_0;
  74              		.loc 1 19 2 is_stmt 1 view .LVU19
  20:Drivers/debug.cpp **** 	GPIO_InitStruct.Mode = GPIO_MODE_INPUT;
  21:Drivers/debug.cpp **** 	GPIO_InitStruct.Pull = GPIO_NOPULL;
  22:Drivers/debug.cpp **** 	GPIO_InitStruct.Speed = GPIO_SPEED_FREQ_HIGH;
  23:Drivers/debug.cpp **** 	HAL_GPIO_Init(GPIOE, &GPIO_InitStruct);
  75              		.loc 1 23 15 is_stmt 0 view .LVU20
  76 001c 0448     		ldr	r0, .L4
  77 001e 01A9     		add	r1, sp, #4
  20:Drivers/debug.cpp **** 	GPIO_InitStruct.Mode = GPIO_MODE_INPUT;
  78              		.loc 1 20 23 view .LVU21
  79 0020 CDE90164 		strd	r6, r4, [sp, #4]
  21:Drivers/debug.cpp **** 	GPIO_InitStruct.Speed = GPIO_SPEED_FREQ_HIGH;
ARM GAS  /var/folders/84/_x1cyy_j36g486tldtwl37280000gn/T//cc8UUaXA.s 			page 3


  80              		.loc 1 21 2 is_stmt 1 view .LVU22
  22:Drivers/debug.cpp **** 	HAL_GPIO_Init(GPIOE, &GPIO_InitStruct);
  81              		.loc 1 22 24 is_stmt 0 view .LVU23
  82 0024 CDE90345 		strd	r4, r5, [sp, #12]
  83              		.loc 1 23 2 is_stmt 1 view .LVU24
  84              		.loc 1 23 15 is_stmt 0 view .LVU25
  85 0028 FFF7FEFF 		bl	HAL_GPIO_Init
  86              	.LVL3:
  24:Drivers/debug.cpp **** 
  25:Drivers/debug.cpp **** 	/**UART8 GPIO Configuration
  26:Drivers/debug.cpp **** 	PE0     ------> UART8_RX
  27:Drivers/debug.cpp **** 	PE1     ------> UART8_TX
  28:Drivers/debug.cpp **** 	*/
  29:Drivers/debug.cpp **** 
  30:Drivers/debug.cpp **** 	/*
  31:Drivers/debug.cpp **** 	GPIO_InitStruct.Pin = GPIO_PIN_0|GPIO_PIN_1;
  32:Drivers/debug.cpp **** 	GPIO_InitStruct.Mode = GPIO_MODE_AF_PP;
  33:Drivers/debug.cpp **** 	GPIO_InitStruct.Pull = GPIO_PULLUP;
  34:Drivers/debug.cpp **** 	GPIO_InitStruct.Speed = GPIO_SPEED_FREQ_VERY_HIGH;
  35:Drivers/debug.cpp **** 	GPIO_InitStruct.Alternate = GPIO_AF8_UART8;
  36:Drivers/debug.cpp **** 	HAL_GPIO_Init(GPIOE, &GPIO_InitStruct);
  37:Drivers/debug.cpp **** 
  38:Drivers/debug.cpp **** 	UART_HandleTypeDef huart8;
  39:Drivers/debug.cpp **** 
  40:Drivers/debug.cpp **** 	huart8.Instance = UART8;
  41:Drivers/debug.cpp **** 	huart8.Init.BaudRate = 115200;
  42:Drivers/debug.cpp **** 	huart8.Init.WordLength = UART_WORDLENGTH_8B;
  43:Drivers/debug.cpp **** 	huart8.Init.StopBits = UART_STOPBITS_1;
  44:Drivers/debug.cpp **** 	huart8.Init.Parity = UART_PARITY_NONE;
  45:Drivers/debug.cpp **** 	huart8.Init.Mode = UART_MODE_TX_RX;
  46:Drivers/debug.cpp **** 	huart8.Init.HwFlowCtl = UART_HWCONTROL_NONE;
  47:Drivers/debug.cpp **** 	huart8.Init.OverSampling = UART_OVERSAMPLING_16;
  48:Drivers/debug.cpp **** 	HAL_UART_Init(&huart8);
  49:Drivers/debug.cpp **** 
  50:Drivers/debug.cpp **** 	*/
  51:Drivers/debug.cpp **** }
  87              		.loc 1 51 1 view .LVU26
  88 002c 06B0     		add	sp, sp, #24
  89              		.cfi_def_cfa_offset 16
  90              		@ sp needed
  91 002e 70BD     		pop	{r4, r5, r6, pc}
  92              	.L5:
  93              		.align	2
  94              	.L4:
  95 0030 00100240 		.word	1073876992
  96              		.cfi_endproc
  97              	.LFE1980:
  99              		.global	debug
 100              		.section	.bss.debug,"aw",%nobits
 101              		.align	2
 104              	debug:
 105 0000 00       		.space	1
 106              		.text
 107              	.Letext0:
 108              		.file 2 "/usr/local/Caskroom/gcc-arm-embedded/9-2019-q4-major/gcc-arm-none-eabi-9-2019-q4-major/ar
 109              		.file 3 "/usr/local/Caskroom/gcc-arm-embedded/9-2019-q4-major/gcc-arm-none-eabi-9-2019-q4-major/ar
 110              		.file 4 "/usr/local/Caskroom/gcc-arm-embedded/9-2019-q4-major/gcc-arm-none-eabi-9-2019-q4-major/ar
ARM GAS  /var/folders/84/_x1cyy_j36g486tldtwl37280000gn/T//cc8UUaXA.s 			page 4


 111              		.file 5 "/Users/joostbooy/STM32Cube/Repository/STM32Cube_FW_F4_V1.26.1/Drivers/CMSIS/Include/core_
 112              		.file 6 "/Users/joostbooy/STM32Cube/Repository/STM32Cube_FW_F4_V1.26.1/Drivers/CMSIS/Device/ST/STM
 113              		.file 7 "/Users/joostbooy/STM32Cube/Repository/STM32Cube_FW_F4_V1.26.1/Drivers/CMSIS/Device/ST/STM
 114              		.file 8 "/usr/local/Caskroom/gcc-arm-embedded/9-2019-q4-major/gcc-arm-none-eabi-9-2019-q4-major/li
 115              		.file 9 "/Users/joostbooy/STM32Cube/Repository/STM32Cube_FW_F4_V1.26.1/Drivers/STM32F4xx_HAL_Drive
 116              		.file 10 "/Users/joostbooy/STM32Cube/Repository/STM32Cube_FW_F4_V1.26.1/Drivers/STM32F4xx_HAL_Driv
 117              		.file 11 "/usr/local/Caskroom/gcc-arm-embedded/9-2019-q4-major/gcc-arm-none-eabi-9-2019-q4-major/a
 118              		.file 12 "/usr/local/Caskroom/gcc-arm-embedded/9-2019-q4-major/gcc-arm-none-eabi-9-2019-q4-major/a
 119              		.file 13 "/usr/local/Caskroom/gcc-arm-embedded/9-2019-q4-major/gcc-arm-none-eabi-9-2019-q4-major/a
 120              		.file 14 "/usr/local/Caskroom/gcc-arm-embedded/9-2019-q4-major/gcc-arm-none-eabi-9-2019-q4-major/a
 121              		.file 15 "/usr/local/Caskroom/gcc-arm-embedded/9-2019-q4-major/gcc-arm-none-eabi-9-2019-q4-major/a
 122              		.file 16 "/usr/local/Caskroom/gcc-arm-embedded/9-2019-q4-major/gcc-arm-none-eabi-9-2019-q4-major/a
 123              		.file 17 "/usr/local/Caskroom/gcc-arm-embedded/9-2019-q4-major/gcc-arm-none-eabi-9-2019-q4-major/a
 124              		.file 18 "/usr/local/Caskroom/gcc-arm-embedded/9-2019-q4-major/gcc-arm-none-eabi-9-2019-q4-major/a
 125              		.file 19 "/usr/local/Caskroom/gcc-arm-embedded/9-2019-q4-major/gcc-arm-none-eabi-9-2019-q4-major/a
 126              		.file 20 "/usr/local/Caskroom/gcc-arm-embedded/9-2019-q4-major/gcc-arm-none-eabi-9-2019-q4-major/a
 127              		.file 21 "/usr/local/Caskroom/gcc-arm-embedded/9-2019-q4-major/gcc-arm-none-eabi-9-2019-q4-major/a
 128              		.file 22 "/usr/local/Caskroom/gcc-arm-embedded/9-2019-q4-major/gcc-arm-none-eabi-9-2019-q4-major/a
 129              		.file 23 "/usr/local/Caskroom/gcc-arm-embedded/9-2019-q4-major/gcc-arm-none-eabi-9-2019-q4-major/a
 130              		.file 24 "/usr/local/Caskroom/gcc-arm-embedded/9-2019-q4-major/gcc-arm-none-eabi-9-2019-q4-major/a
 131              		.file 25 "/usr/local/Caskroom/gcc-arm-embedded/9-2019-q4-major/gcc-arm-none-eabi-9-2019-q4-major/a
 132              		.file 26 "/usr/local/Caskroom/gcc-arm-embedded/9-2019-q4-major/gcc-arm-none-eabi-9-2019-q4-major/a
 133              		.file 27 "/usr/local/Caskroom/gcc-arm-embedded/9-2019-q4-major/gcc-arm-none-eabi-9-2019-q4-major/a
 134              		.file 28 "/usr/local/Caskroom/gcc-arm-embedded/9-2019-q4-major/gcc-arm-none-eabi-9-2019-q4-major/a
 135              		.file 29 "/usr/local/Caskroom/gcc-arm-embedded/9-2019-q4-major/gcc-arm-none-eabi-9-2019-q4-major/a
 136              		.file 30 "/usr/local/Caskroom/gcc-arm-embedded/9-2019-q4-major/gcc-arm-none-eabi-9-2019-q4-major/a
 137              		.file 31 "/usr/local/Caskroom/gcc-arm-embedded/9-2019-q4-major/gcc-arm-none-eabi-9-2019-q4-major/a
 138              		.file 32 "/usr/local/Caskroom/gcc-arm-embedded/9-2019-q4-major/gcc-arm-none-eabi-9-2019-q4-major/a
 139              		.file 33 "/usr/local/Caskroom/gcc-arm-embedded/9-2019-q4-major/gcc-arm-none-eabi-9-2019-q4-major/a
 140              		.file 34 "/usr/local/Caskroom/gcc-arm-embedded/9-2019-q4-major/gcc-arm-none-eabi-9-2019-q4-major/a
 141              		.file 35 "/usr/local/Caskroom/gcc-arm-embedded/9-2019-q4-major/gcc-arm-none-eabi-9-2019-q4-major/l
 142              		.file 36 "<built-in>"
 143              		.file 37 "/usr/local/Caskroom/gcc-arm-embedded/9-2019-q4-major/gcc-arm-none-eabi-9-2019-q4-major/a
 144              		.file 38 "/usr/local/Caskroom/gcc-arm-embedded/9-2019-q4-major/gcc-arm-none-eabi-9-2019-q4-major/a
 145              		.file 39 "/usr/local/Caskroom/gcc-arm-embedded/9-2019-q4-major/gcc-arm-none-eabi-9-2019-q4-major/a
 146              		.file 40 "/usr/local/Caskroom/gcc-arm-embedded/9-2019-q4-major/gcc-arm-none-eabi-9-2019-q4-major/a
 147              		.file 41 "/usr/local/Caskroom/gcc-arm-embedded/9-2019-q4-major/gcc-arm-none-eabi-9-2019-q4-major/a
 148              		.file 42 "/usr/local/Caskroom/gcc-arm-embedded/9-2019-q4-major/gcc-arm-none-eabi-9-2019-q4-major/a
 149              		.file 43 "/usr/local/Caskroom/gcc-arm-embedded/9-2019-q4-major/gcc-arm-none-eabi-9-2019-q4-major/a
 150              		.file 44 "/usr/local/Caskroom/gcc-arm-embedded/9-2019-q4-major/gcc-arm-none-eabi-9-2019-q4-major/a
 151              		.file 45 "/usr/local/Caskroom/gcc-arm-embedded/9-2019-q4-major/gcc-arm-none-eabi-9-2019-q4-major/a
 152              		.file 46 "Drivers/debug.h"
ARM GAS  /var/folders/84/_x1cyy_j36g486tldtwl37280000gn/T//cc8UUaXA.s 			page 5


DEFINED SYMBOLS
                            *ABS*:0000000000000000 debug.cpp
/var/folders/84/_x1cyy_j36g486tldtwl37280000gn/T//cc8UUaXA.s:18     .text._ZN5Debug4initEv:0000000000000000 $t
/var/folders/84/_x1cyy_j36g486tldtwl37280000gn/T//cc8UUaXA.s:27     .text._ZN5Debug4initEv:0000000000000000 _ZN5Debug4initEv
/var/folders/84/_x1cyy_j36g486tldtwl37280000gn/T//cc8UUaXA.s:95     .text._ZN5Debug4initEv:0000000000000030 $d
/var/folders/84/_x1cyy_j36g486tldtwl37280000gn/T//cc8UUaXA.s:104    .bss.debug:0000000000000000 debug
/var/folders/84/_x1cyy_j36g486tldtwl37280000gn/T//cc8UUaXA.s:101    .bss.debug:0000000000000000 $d

UNDEFINED SYMBOLS
HAL_GPIO_Init
