ARM GAS  /var/folders/84/_x1cyy_j36g486tldtwl37280000gn/T//cc1iqFXP.s 			page 1


   1              		.cpu cortex-m4
   2              		.eabi_attribute 27, 1
   3              		.eabi_attribute 28, 1
   4              		.eabi_attribute 20, 1
   5              		.eabi_attribute 21, 1
   6              		.eabi_attribute 23, 3
   7              		.eabi_attribute 24, 1
   8              		.eabi_attribute 25, 1
   9              		.eabi_attribute 26, 1
  10              		.eabi_attribute 30, 2
  11              		.eabi_attribute 34, 1
  12              		.eabi_attribute 18, 4
  13              		.file	"drumTrack.cpp"
  14              		.text
  15              	.Ltext0:
  16              		.cfi_sections	.debug_frame
  17              		.global	_ZN9DrumTrack11track_item_E
  18              		.global	_ZN9DrumTrack11track_mask_E
  19              		.global	_ZN9DrumTrack10step_item_E
  20              		.global	_ZN9DrumTrack10step_mask_E
  21              		.section	.data._ZN9DrumTrack10step_item_E,"aw"
  22              		.align	2
  25              	_ZN9DrumTrack10step_item_E:
  26 0000 00000000 		.word	0
  27 0004 01000000 		.word	1
  28 0008 01000000 		.word	1
  29 000c 00000000 		.word	0
  30 0010 00000000 		.word	_ZN9DrumTrack10step_mask_E
  31 0014 00000000 		.space	4
  32 0018 00000000 		.word	0
  33 001c 07000000 		.word	7
  34 0020 02000000 		.word	2
  35 0024 07000000 		.word	7
  36 0028 08000000 		.word	_ZN9DrumTrack10step_mask_E+8
  37 002c 00000000 		.space	4
  38 0030 00000000 		.word	0
  39 0034 7F000000 		.word	127
  40 0038 0A000000 		.word	10
  41 003c 64000000 		.word	100
  42 0040 10000000 		.word	_ZN9DrumTrack10step_mask_E+16
  43 0044 00000000 		.space	4
  44 0048 01000000 		.word	1
  45 004c 40000000 		.word	64
  46 0050 04000000 		.word	4
  47 0054 04000000 		.word	4
  48 0058 18000000 		.word	_ZN9DrumTrack10step_mask_E+24
  49 005c 00000000 		.space	4
  50 0060 00000000 		.word	0
  51 0064 0E000000 		.word	14
  52 0068 02000000 		.word	2
  53 006c 07000000 		.word	7
  54 0070 20000000 		.word	_ZN9DrumTrack10step_mask_E+32
  55 0074 00000000 		.space	4
  56 0078 00000000 		.word	0
  57 007c 06000000 		.word	6
  58 0080 02000000 		.word	2
  59 0084 03000000 		.word	3
ARM GAS  /var/folders/84/_x1cyy_j36g486tldtwl37280000gn/T//cc1iqFXP.s 			page 2


  60 0088 28000000 		.word	_ZN9DrumTrack10step_mask_E+40
  61 008c 00000000 		.space	4
  62 0090 00000000 		.word	0
  63 0094 02000000 		.word	2
  64 0098 01000000 		.word	1
  65 009c 01000000 		.word	1
  66 00a0 30000000 		.word	_ZN9DrumTrack10step_mask_E+48
  67 00a4 00000000 		.space	4
  68 00a8 00000000 		.word	0
  69 00ac 03000000 		.word	3
  70 00b0 01000000 		.word	1
  71 00b4 00000000 		.word	0
  72 00b8 38000000 		.word	_ZN9DrumTrack10step_mask_E+56
  73 00bc 00000000 		.space	4
  74              		.section	.data._ZN9DrumTrack10step_mask_E,"aw"
  75              		.align	2
  78              	_ZN9DrumTrack10step_mask_E:
  79 0000 00       		.byte	0
  80 0001 01       		.byte	1
  81 0002 00       		.byte	0
  82 0003 00       		.space	1
  83 0004 01000000 		.word	1
  84 0008 00       		.byte	0
  85 0009 03       		.byte	3
  86 000a 01       		.byte	1
  87 000b 00       		.space	1
  88 000c 0E000000 		.word	14
  89 0010 00       		.byte	0
  90 0011 07       		.byte	7
  91 0012 04       		.byte	4
  92 0013 00       		.space	1
  93 0014 F0070000 		.word	2032
  94 0018 00       		.byte	0
  95 0019 07       		.byte	7
  96 001a 0B       		.byte	11
  97 001b 00       		.space	1
  98 001c 00F80300 		.word	260096
  99 0020 00       		.byte	0
 100 0021 04       		.byte	4
 101 0022 12       		.byte	18
 102 0023 00       		.space	1
 103 0024 00003C00 		.word	3932160
 104 0028 00       		.byte	0
 105 0029 03       		.byte	3
 106 002a 16       		.byte	22
 107 002b 00       		.space	1
 108 002c 0000C001 		.word	29360128
 109 0030 00       		.byte	0
 110 0031 02       		.byte	2
 111 0032 19       		.byte	25
 112 0033 00       		.space	1
 113 0034 00000006 		.word	100663296
 114 0038 00       		.byte	0
 115 0039 03       		.byte	3
 116 003a 1B       		.byte	27
 117 003b 00       		.space	1
 118 003c 00000038 		.word	939524096
ARM GAS  /var/folders/84/_x1cyy_j36g486tldtwl37280000gn/T//cc1iqFXP.s 			page 3


 119              		.section	.data._ZN9DrumTrack11track_item_E,"aw"
 120              		.align	2
 123              	_ZN9DrumTrack11track_item_E:
 124 0000 00000000 		.word	0
 125 0004 7F000000 		.word	127
 126 0008 0A000000 		.word	10
 127 000c 00000000 		.word	0
 128 0010 00000000 		.word	_ZN9DrumTrack11track_mask_E
 129 0014 00000000 		.space	4
 130              		.section	.data._ZN9DrumTrack11track_mask_E,"aw"
 131              		.align	2
 134              	_ZN9DrumTrack11track_mask_E:
 135 0000 00       		.byte	0
 136 0001 07       		.byte	7
 137 0002 00       		.byte	0
 138 0003 00       		.space	1
 139 0004 7F000000 		.word	127
 140              		.text
 141              	.Letext0:
 142              		.file 1 "/usr/local/Caskroom/gcc-arm-embedded/9-2019-q4-major/gcc-arm-none-eabi-9-2019-q4-major/ar
 143              		.file 2 "/usr/local/Caskroom/gcc-arm-embedded/9-2019-q4-major/gcc-arm-none-eabi-9-2019-q4-major/ar
 144              		.file 3 "/usr/local/Caskroom/gcc-arm-embedded/9-2019-q4-major/gcc-arm-none-eabi-9-2019-q4-major/ar
 145              		.file 4 "/Users/joostbooy/STM32Cube/Repository/STM32Cube_FW_F4_V1.26.1/Drivers/CMSIS/Include/core_
 146              		.file 5 "/Users/joostbooy/STM32Cube/Repository/STM32Cube_FW_F4_V1.26.1/Drivers/CMSIS/Device/ST/STM
 147              		.file 6 "/usr/local/Caskroom/gcc-arm-embedded/9-2019-q4-major/gcc-arm-none-eabi-9-2019-q4-major/li
 148              		.file 7 "/Users/joostbooy/STM32Cube/Repository/STM32Cube_FW_F4_V1.26.1/Drivers/STM32F4xx_HAL_Drive
 149              		.file 8 "/usr/local/Caskroom/gcc-arm-embedded/9-2019-q4-major/gcc-arm-none-eabi-9-2019-q4-major/ar
 150              		.file 9 "/usr/local/Caskroom/gcc-arm-embedded/9-2019-q4-major/gcc-arm-none-eabi-9-2019-q4-major/ar
 151              		.file 10 "/usr/local/Caskroom/gcc-arm-embedded/9-2019-q4-major/gcc-arm-none-eabi-9-2019-q4-major/a
 152              		.file 11 "/usr/local/Caskroom/gcc-arm-embedded/9-2019-q4-major/gcc-arm-none-eabi-9-2019-q4-major/a
 153              		.file 12 "/usr/local/Caskroom/gcc-arm-embedded/9-2019-q4-major/gcc-arm-none-eabi-9-2019-q4-major/a
 154              		.file 13 "/usr/local/Caskroom/gcc-arm-embedded/9-2019-q4-major/gcc-arm-none-eabi-9-2019-q4-major/a
 155              		.file 14 "/usr/local/Caskroom/gcc-arm-embedded/9-2019-q4-major/gcc-arm-none-eabi-9-2019-q4-major/a
 156              		.file 15 "/usr/local/Caskroom/gcc-arm-embedded/9-2019-q4-major/gcc-arm-none-eabi-9-2019-q4-major/a
 157              		.file 16 "/usr/local/Caskroom/gcc-arm-embedded/9-2019-q4-major/gcc-arm-none-eabi-9-2019-q4-major/a
 158              		.file 17 "/usr/local/Caskroom/gcc-arm-embedded/9-2019-q4-major/gcc-arm-none-eabi-9-2019-q4-major/a
 159              		.file 18 "/usr/local/Caskroom/gcc-arm-embedded/9-2019-q4-major/gcc-arm-none-eabi-9-2019-q4-major/a
 160              		.file 19 "/usr/local/Caskroom/gcc-arm-embedded/9-2019-q4-major/gcc-arm-none-eabi-9-2019-q4-major/a
 161              		.file 20 "/usr/local/Caskroom/gcc-arm-embedded/9-2019-q4-major/gcc-arm-none-eabi-9-2019-q4-major/a
 162              		.file 21 "/usr/local/Caskroom/gcc-arm-embedded/9-2019-q4-major/gcc-arm-none-eabi-9-2019-q4-major/a
 163              		.file 22 "/usr/local/Caskroom/gcc-arm-embedded/9-2019-q4-major/gcc-arm-none-eabi-9-2019-q4-major/a
 164              		.file 23 "/usr/local/Caskroom/gcc-arm-embedded/9-2019-q4-major/gcc-arm-none-eabi-9-2019-q4-major/a
 165              		.file 24 "/usr/local/Caskroom/gcc-arm-embedded/9-2019-q4-major/gcc-arm-none-eabi-9-2019-q4-major/a
 166              		.file 25 "/usr/local/Caskroom/gcc-arm-embedded/9-2019-q4-major/gcc-arm-none-eabi-9-2019-q4-major/a
 167              		.file 26 "/usr/local/Caskroom/gcc-arm-embedded/9-2019-q4-major/gcc-arm-none-eabi-9-2019-q4-major/a
 168              		.file 27 "/usr/local/Caskroom/gcc-arm-embedded/9-2019-q4-major/gcc-arm-none-eabi-9-2019-q4-major/a
 169              		.file 28 "/usr/local/Caskroom/gcc-arm-embedded/9-2019-q4-major/gcc-arm-none-eabi-9-2019-q4-major/a
 170              		.file 29 "/usr/local/Caskroom/gcc-arm-embedded/9-2019-q4-major/gcc-arm-none-eabi-9-2019-q4-major/a
 171              		.file 30 "/usr/local/Caskroom/gcc-arm-embedded/9-2019-q4-major/gcc-arm-none-eabi-9-2019-q4-major/a
 172              		.file 31 "/usr/local/Caskroom/gcc-arm-embedded/9-2019-q4-major/gcc-arm-none-eabi-9-2019-q4-major/a
 173              		.file 32 "/usr/local/Caskroom/gcc-arm-embedded/9-2019-q4-major/gcc-arm-none-eabi-9-2019-q4-major/l
 174              		.file 33 "<built-in>"
 175              		.file 34 "/usr/local/Caskroom/gcc-arm-embedded/9-2019-q4-major/gcc-arm-none-eabi-9-2019-q4-major/a
 176              		.file 35 "/usr/local/Caskroom/gcc-arm-embedded/9-2019-q4-major/gcc-arm-none-eabi-9-2019-q4-major/a
 177              		.file 36 "/usr/local/Caskroom/gcc-arm-embedded/9-2019-q4-major/gcc-arm-none-eabi-9-2019-q4-major/a
 178              		.file 37 "/usr/local/Caskroom/gcc-arm-embedded/9-2019-q4-major/gcc-arm-none-eabi-9-2019-q4-major/a
 179              		.file 38 "/usr/local/Caskroom/gcc-arm-embedded/9-2019-q4-major/gcc-arm-none-eabi-9-2019-q4-major/a
ARM GAS  /var/folders/84/_x1cyy_j36g486tldtwl37280000gn/T//cc1iqFXP.s 			page 4


 180              		.file 39 "/usr/local/Caskroom/gcc-arm-embedded/9-2019-q4-major/gcc-arm-none-eabi-9-2019-q4-major/a
 181              		.file 40 "/usr/local/Caskroom/gcc-arm-embedded/9-2019-q4-major/gcc-arm-none-eabi-9-2019-q4-major/a
 182              		.file 41 "/usr/local/Caskroom/gcc-arm-embedded/9-2019-q4-major/gcc-arm-none-eabi-9-2019-q4-major/a
 183              		.file 42 "/usr/local/Caskroom/gcc-arm-embedded/9-2019-q4-major/gcc-arm-none-eabi-9-2019-q4-major/a
 184              		.file 43 "Src/Settings/trackData.h"
 185              		.file 44 "lookupTables/lookUpTables.h"
 186              		.file 45 "Drivers/uart.h"
 187              		.file 46 "Drivers/Usb/usb.h"
 188              		.file 47 "lookupTables/font.h"
 189              		.file 48 "Src/Settings/pattern.h"
 190              		.file 49 "Src/Settings/baseTrack.h"
 191              		.file 50 "Src/Settings/serial.h"
 192              		.file 51 "Src/Settings/serialItem.h"
 193              		.file 52 "Src/Settings/drumTrack.h"
 194              		.file 53 "Src/Settings/drumTrack.cpp"
ARM GAS  /var/folders/84/_x1cyy_j36g486tldtwl37280000gn/T//cc1iqFXP.s 			page 5


DEFINED SYMBOLS
                            *ABS*:0000000000000000 drumTrack.cpp
/var/folders/84/_x1cyy_j36g486tldtwl37280000gn/T//cc1iqFXP.s:123    .data._ZN9DrumTrack11track_item_E:0000000000000000 _ZN9DrumTrack11track_item_E
/var/folders/84/_x1cyy_j36g486tldtwl37280000gn/T//cc1iqFXP.s:134    .data._ZN9DrumTrack11track_mask_E:0000000000000000 _ZN9DrumTrack11track_mask_E
/var/folders/84/_x1cyy_j36g486tldtwl37280000gn/T//cc1iqFXP.s:25     .data._ZN9DrumTrack10step_item_E:0000000000000000 _ZN9DrumTrack10step_item_E
/var/folders/84/_x1cyy_j36g486tldtwl37280000gn/T//cc1iqFXP.s:78     .data._ZN9DrumTrack10step_mask_E:0000000000000000 _ZN9DrumTrack10step_mask_E
/var/folders/84/_x1cyy_j36g486tldtwl37280000gn/T//cc1iqFXP.s:22     .data._ZN9DrumTrack10step_item_E:0000000000000000 $d
/var/folders/84/_x1cyy_j36g486tldtwl37280000gn/T//cc1iqFXP.s:75     .data._ZN9DrumTrack10step_mask_E:0000000000000000 $d
/var/folders/84/_x1cyy_j36g486tldtwl37280000gn/T//cc1iqFXP.s:120    .data._ZN9DrumTrack11track_item_E:0000000000000000 $d
/var/folders/84/_x1cyy_j36g486tldtwl37280000gn/T//cc1iqFXP.s:131    .data._ZN9DrumTrack11track_mask_E:0000000000000000 $d

NO UNDEFINED SYMBOLS
