ARM GAS  /var/folders/84/_x1cyy_j36g486tldtwl37280000gn/T//ccwvLVKF.s 			page 1


   1              		.cpu cortex-m4
   2              		.eabi_attribute 27, 1
   3              		.eabi_attribute 28, 1
   4              		.eabi_attribute 20, 1
   5              		.eabi_attribute 21, 1
   6              		.eabi_attribute 23, 3
   7              		.eabi_attribute 24, 1
   8              		.eabi_attribute 25, 1
   9              		.eabi_attribute 26, 1
  10              		.eabi_attribute 30, 2
  11              		.eabi_attribute 34, 1
  12              		.eabi_attribute 18, 4
  13              		.file	"gateIO.cpp"
  14              		.text
  15              	.Ltext0:
  16              		.cfi_sections	.debug_frame
  17              		.section	.text._ZN6GateIO4initEv,"ax",%progbits
  18              		.align	1
  19              		.p2align 2,,3
  20              		.global	_ZN6GateIO4initEv
  21              		.arch armv7e-m
  22              		.syntax unified
  23              		.thumb
  24              		.thumb_func
  25              		.fpu fpv4-sp-d16
  27              	_ZN6GateIO4initEv:
  28              	.LVL0:
  29              	.LFB1978:
  30              		.file 1 "Drivers/gateIO.cpp"
   1:Drivers/gateIO.cpp **** #include "gateIO.h"
   2:Drivers/gateIO.cpp **** 
   3:Drivers/gateIO.cpp **** GateIO gateIO;
   4:Drivers/gateIO.cpp **** 
   5:Drivers/gateIO.cpp **** void GateIO::init() {
  31              		.loc 1 5 21 view -0
  32              		.cfi_startproc
  33              		@ args = 0, pretend = 0, frame = 112
  34              		@ frame_needed = 0, uses_anonymous_args = 0
   6:Drivers/gateIO.cpp **** 	GPIO_InitTypeDef GPIO_InitStruct = {0};
  35              		.loc 1 6 2 view .LVU1
   5:Drivers/gateIO.cpp **** 	GPIO_InitTypeDef GPIO_InitStruct = {0};
  36              		.loc 1 5 21 is_stmt 0 view .LVU2
  37 0000 70B5     		push	{r4, r5, r6, lr}
  38              		.cfi_def_cfa_offset 16
  39              		.cfi_offset 4, -16
  40              		.cfi_offset 5, -12
  41              		.cfi_offset 6, -8
  42              		.cfi_offset 14, -4
  43 0002 9CB0     		sub	sp, sp, #112
  44              		.cfi_def_cfa_offset 128
  45              		.loc 1 6 19 view .LVU3
  46 0004 0024     		movs	r4, #0
   7:Drivers/gateIO.cpp **** 
   8:Drivers/gateIO.cpp **** 	/**SPI4 GPIO Configuration
   9:Drivers/gateIO.cpp **** 	PB14     ------> Gate in 1
  10:Drivers/gateIO.cpp **** 	PB11     ------> Gate in 2
  11:Drivers/gateIO.cpp **** 	PB10     ------> Gate in 3
ARM GAS  /var/folders/84/_x1cyy_j36g486tldtwl37280000gn/T//ccwvLVKF.s 			page 2


  12:Drivers/gateIO.cpp **** 	PE15     ------> Gate in 4
  13:Drivers/gateIO.cpp **** 	*/
  14:Drivers/gateIO.cpp **** 	GPIO_InitStruct.Pin = GPIO_PIN_10 | GPIO_PIN_11 | GPIO_PIN_14;
  47              		.loc 1 14 22 view .LVU4
  48 0006 4FF49843 		mov	r3, #19456
   5:Drivers/gateIO.cpp **** 	GPIO_InitTypeDef GPIO_InitStruct = {0};
  49              		.loc 1 5 21 view .LVU5
  50 000a 0546     		mov	r5, r0
  15:Drivers/gateIO.cpp ****     GPIO_InitStruct.Mode = GPIO_MODE_INPUT;
  16:Drivers/gateIO.cpp ****     GPIO_InitStruct.Pull = GPIO_NOPULL;
  17:Drivers/gateIO.cpp ****     HAL_GPIO_Init(GPIOB, &GPIO_InitStruct);
  51              		.loc 1 17 18 view .LVU6
  52 000c 01A9     		add	r1, sp, #4
  53 000e 2E48     		ldr	r0, .L10
  54              	.LVL1:
  14:Drivers/gateIO.cpp ****     GPIO_InitStruct.Mode = GPIO_MODE_INPUT;
  55              		.loc 1 14 22 view .LVU7
  56 0010 0193     		str	r3, [sp, #4]
  15:Drivers/gateIO.cpp ****     GPIO_InitStruct.Mode = GPIO_MODE_INPUT;
  57              		.loc 1 15 5 is_stmt 1 view .LVU8
  16:Drivers/gateIO.cpp ****     HAL_GPIO_Init(GPIOB, &GPIO_InitStruct);
  58              		.loc 1 16 5 view .LVU9
  59              		.loc 1 17 5 view .LVU10
   6:Drivers/gateIO.cpp **** 
  60              		.loc 1 6 19 is_stmt 0 view .LVU11
  61 0012 CDE90444 		strd	r4, r4, [sp, #16]
  16:Drivers/gateIO.cpp ****     HAL_GPIO_Init(GPIOB, &GPIO_InitStruct);
  62              		.loc 1 16 26 view .LVU12
  63 0016 CDE90244 		strd	r4, r4, [sp, #8]
  64              		.loc 1 17 18 view .LVU13
  65 001a FFF7FEFF 		bl	HAL_GPIO_Init
  66              	.LVL2:
  18:Drivers/gateIO.cpp **** 
  19:Drivers/gateIO.cpp **** 	GPIO_InitStruct.Pin = GPIO_PIN_15;
  67              		.loc 1 19 2 is_stmt 1 view .LVU14
  68              		.loc 1 19 22 is_stmt 0 view .LVU15
  69 001e 4FF40042 		mov	r2, #32768
  20:Drivers/gateIO.cpp ****     GPIO_InitStruct.Mode = GPIO_MODE_INPUT;
  21:Drivers/gateIO.cpp ****     GPIO_InitStruct.Pull = GPIO_NOPULL;
  22:Drivers/gateIO.cpp ****     HAL_GPIO_Init(GPIOE, &GPIO_InitStruct);
  70              		.loc 1 22 18 view .LVU16
  71 0022 2A48     		ldr	r0, .L10+4
  19:Drivers/gateIO.cpp ****     GPIO_InitStruct.Mode = GPIO_MODE_INPUT;
  72              		.loc 1 19 22 view .LVU17
  73 0024 0192     		str	r2, [sp, #4]
  20:Drivers/gateIO.cpp ****     GPIO_InitStruct.Mode = GPIO_MODE_INPUT;
  74              		.loc 1 20 5 is_stmt 1 view .LVU18
  21:Drivers/gateIO.cpp ****     HAL_GPIO_Init(GPIOE, &GPIO_InitStruct);
  75              		.loc 1 21 5 view .LVU19
  76              		.loc 1 22 5 view .LVU20
  77              		.loc 1 22 18 is_stmt 0 view .LVU21
  78 0026 01A9     		add	r1, sp, #4
  21:Drivers/gateIO.cpp ****     HAL_GPIO_Init(GPIOE, &GPIO_InitStruct);
  79              		.loc 1 21 26 view .LVU22
  80 0028 CDE90244 		strd	r4, r4, [sp, #8]
  81              		.loc 1 22 18 view .LVU23
  82 002c FFF7FEFF 		bl	HAL_GPIO_Init
ARM GAS  /var/folders/84/_x1cyy_j36g486tldtwl37280000gn/T//ccwvLVKF.s 			page 3


  83              	.LVL3:
  23:Drivers/gateIO.cpp **** 
  24:Drivers/gateIO.cpp **** 
  25:Drivers/gateIO.cpp **** 	/**SPI4 GPIO Configuration
  26:Drivers/gateIO.cpp ****     PE12     ------> SPI4_SCK
  27:Drivers/gateIO.cpp ****     PE13     ------> SPI4_MISO
  28:Drivers/gateIO.cpp ****     PE14     ------> SPI4_MOSI
  29:Drivers/gateIO.cpp ****     */
  30:Drivers/gateIO.cpp ****     GPIO_InitStruct.Pin = GPIO_PIN_12 | GPIO_PIN_13 | GPIO_PIN_14;
  84              		.loc 1 30 5 is_stmt 1 view .LVU24
  85              		.loc 1 30 25 is_stmt 0 view .LVU25
  86 0030 4FF4E040 		mov	r0, #28672
  31:Drivers/gateIO.cpp ****     GPIO_InitStruct.Mode = GPIO_MODE_AF_PP;
  87              		.loc 1 31 26 view .LVU26
  88 0034 0226     		movs	r6, #2
  32:Drivers/gateIO.cpp ****     GPIO_InitStruct.Pull = GPIO_NOPULL;
  33:Drivers/gateIO.cpp ****     GPIO_InitStruct.Speed = GPIO_SPEED_FREQ_HIGH;
  34:Drivers/gateIO.cpp ****     GPIO_InitStruct.Alternate = GPIO_AF5_SPI4;
  89              		.loc 1 34 31 view .LVU27
  90 0036 4FF0050C 		mov	ip, #5
  35:Drivers/gateIO.cpp ****     HAL_GPIO_Init(GPIOE, &GPIO_InitStruct);
  91              		.loc 1 35 18 view .LVU28
  92 003a 01A9     		add	r1, sp, #4
  30:Drivers/gateIO.cpp ****     GPIO_InitStruct.Mode = GPIO_MODE_AF_PP;
  93              		.loc 1 30 25 view .LVU29
  94 003c 0190     		str	r0, [sp, #4]
  31:Drivers/gateIO.cpp ****     GPIO_InitStruct.Pull = GPIO_NOPULL;
  95              		.loc 1 31 5 is_stmt 1 view .LVU30
  96              		.loc 1 35 18 is_stmt 0 view .LVU31
  97 003e 2348     		ldr	r0, .L10+4
  31:Drivers/gateIO.cpp ****     GPIO_InitStruct.Pull = GPIO_NOPULL;
  98              		.loc 1 31 26 view .LVU32
  99 0040 0296     		str	r6, [sp, #8]
  32:Drivers/gateIO.cpp ****     GPIO_InitStruct.Speed = GPIO_SPEED_FREQ_HIGH;
 100              		.loc 1 32 5 is_stmt 1 view .LVU33
  33:Drivers/gateIO.cpp ****     GPIO_InitStruct.Alternate = GPIO_AF5_SPI4;
 101              		.loc 1 33 5 view .LVU34
  34:Drivers/gateIO.cpp ****     HAL_GPIO_Init(GPIOE, &GPIO_InitStruct);
 102              		.loc 1 34 31 is_stmt 0 view .LVU35
 103 0042 CDE9046C 		strd	r6, ip, [sp, #16]
 104              		.loc 1 35 5 is_stmt 1 view .LVU36
  32:Drivers/gateIO.cpp ****     GPIO_InitStruct.Speed = GPIO_SPEED_FREQ_HIGH;
 105              		.loc 1 32 26 is_stmt 0 view .LVU37
 106 0046 0394     		str	r4, [sp, #12]
 107              		.loc 1 35 18 view .LVU38
 108 0048 FFF7FEFF 		bl	HAL_GPIO_Init
 109              	.LVL4:
  36:Drivers/gateIO.cpp **** 
  37:Drivers/gateIO.cpp **** 	//SPI CS = E11
  38:Drivers/gateIO.cpp **** 	GPIO_InitStruct.Pin = GPIO_PIN_11;
 110              		.loc 1 38 2 is_stmt 1 view .LVU39
  39:Drivers/gateIO.cpp **** 	GPIO_InitStruct.Mode = GPIO_MODE_OUTPUT_PP;
 111              		.loc 1 39 23 is_stmt 0 view .LVU40
 112 004c 0123     		movs	r3, #1
  38:Drivers/gateIO.cpp **** 	GPIO_InitStruct.Mode = GPIO_MODE_OUTPUT_PP;
 113              		.loc 1 38 22 view .LVU41
 114 004e 4FF40062 		mov	r2, #2048
ARM GAS  /var/folders/84/_x1cyy_j36g486tldtwl37280000gn/T//ccwvLVKF.s 			page 4


  40:Drivers/gateIO.cpp **** 	GPIO_InitStruct.Pull = GPIO_NOPULL;
  41:Drivers/gateIO.cpp **** 	GPIO_InitStruct.Speed = GPIO_SPEED_FREQ_HIGH;
  42:Drivers/gateIO.cpp **** 	HAL_GPIO_Init(GPIOE, &GPIO_InitStruct);
 115              		.loc 1 42 15 view .LVU42
 116 0052 1E48     		ldr	r0, .L10+4
 117 0054 01A9     		add	r1, sp, #4
  39:Drivers/gateIO.cpp **** 	GPIO_InitStruct.Pull = GPIO_NOPULL;
 118              		.loc 1 39 23 view .LVU43
 119 0056 CDE90123 		strd	r2, r3, [sp, #4]
  40:Drivers/gateIO.cpp **** 	GPIO_InitStruct.Pull = GPIO_NOPULL;
 120              		.loc 1 40 2 is_stmt 1 view .LVU44
  41:Drivers/gateIO.cpp **** 	HAL_GPIO_Init(GPIOE, &GPIO_InitStruct);
 121              		.loc 1 41 2 view .LVU45
 122              		.loc 1 42 2 view .LVU46
  41:Drivers/gateIO.cpp **** 	HAL_GPIO_Init(GPIOE, &GPIO_InitStruct);
 123              		.loc 1 41 24 is_stmt 0 view .LVU47
 124 005a CDE90346 		strd	r4, r6, [sp, #12]
 125              		.loc 1 42 15 view .LVU48
 126 005e FFF7FEFF 		bl	HAL_GPIO_Init
 127              	.LVL5:
  43:Drivers/gateIO.cpp **** 
  44:Drivers/gateIO.cpp **** 	// SPI 4
  45:Drivers/gateIO.cpp **** 	SPI_HandleTypeDef hspi4;
 128              		.loc 1 45 2 is_stmt 1 view .LVU49
  46:Drivers/gateIO.cpp **** 	hspi4.Instance = SPI4;
 129              		.loc 1 46 2 view .LVU50
 130              		.loc 1 46 17 is_stmt 0 view .LVU51
 131 0062 1B48     		ldr	r0, .L10+8
 132 0064 0690     		str	r0, [sp, #24]
  47:Drivers/gateIO.cpp **** 	hspi4.Init.Mode = SPI_MODE_MASTER;
 133              		.loc 1 47 2 is_stmt 1 view .LVU52
 134              		.loc 1 47 18 is_stmt 0 view .LVU53
 135 0066 4FF48276 		mov	r6, #260
  48:Drivers/gateIO.cpp **** 	hspi4.Init.Direction = SPI_DIRECTION_2LINES;
  49:Drivers/gateIO.cpp **** 	hspi4.Init.DataSize = SPI_DATASIZE_8BIT;
  50:Drivers/gateIO.cpp **** 	hspi4.Init.CLKPolarity = SPI_POLARITY_LOW;
  51:Drivers/gateIO.cpp **** 	hspi4.Init.CLKPhase = SPI_PHASE_1EDGE;
  52:Drivers/gateIO.cpp **** 	hspi4.Init.NSS = SPI_NSS_SOFT;
 136              		.loc 1 52 17 view .LVU54
 137 006a 4FF40071 		mov	r1, #512
  53:Drivers/gateIO.cpp **** 	hspi4.Init.BaudRatePrescaler = SPI_BAUDRATEPRESCALER_32;
 138              		.loc 1 53 31 view .LVU55
 139 006e 4FF0200C 		mov	ip, #32
  54:Drivers/gateIO.cpp **** 	hspi4.Init.FirstBit = SPI_FIRSTBIT_MSB;
  55:Drivers/gateIO.cpp **** 	hspi4.Init.TIMode = SPI_TIMODE_DISABLE;
  56:Drivers/gateIO.cpp **** 	hspi4.Init.CRCCalculation = SPI_CRCCALCULATION_DISABLE;
  57:Drivers/gateIO.cpp **** 	hspi4.Init.CRCPolynomial = 10;
 140              		.loc 1 57 27 view .LVU56
 141 0072 0A22     		movs	r2, #10
  58:Drivers/gateIO.cpp **** 	HAL_SPI_Init(&hspi4);
 142              		.loc 1 58 14 view .LVU57
 143 0074 06A8     		add	r0, sp, #24
  47:Drivers/gateIO.cpp **** 	hspi4.Init.Direction = SPI_DIRECTION_2LINES;
 144              		.loc 1 47 18 view .LVU58
 145 0076 0796     		str	r6, [sp, #28]
  48:Drivers/gateIO.cpp **** 	hspi4.Init.DataSize = SPI_DATASIZE_8BIT;
 146              		.loc 1 48 2 is_stmt 1 view .LVU59
ARM GAS  /var/folders/84/_x1cyy_j36g486tldtwl37280000gn/T//ccwvLVKF.s 			page 5


  49:Drivers/gateIO.cpp **** 	hspi4.Init.CLKPolarity = SPI_POLARITY_LOW;
 147              		.loc 1 49 2 view .LVU60
  50:Drivers/gateIO.cpp **** 	hspi4.Init.CLKPhase = SPI_PHASE_1EDGE;
 148              		.loc 1 50 2 view .LVU61
  51:Drivers/gateIO.cpp **** 	hspi4.Init.NSS = SPI_NSS_SOFT;
 149              		.loc 1 51 2 view .LVU62
  52:Drivers/gateIO.cpp **** 	hspi4.Init.BaudRatePrescaler = SPI_BAUDRATEPRESCALER_32;
 150              		.loc 1 52 2 view .LVU63
  50:Drivers/gateIO.cpp **** 	hspi4.Init.CLKPhase = SPI_PHASE_1EDGE;
 151              		.loc 1 50 25 is_stmt 0 view .LVU64
 152 0078 CDE90944 		strd	r4, r4, [sp, #36]
  55:Drivers/gateIO.cpp **** 	hspi4.Init.CRCCalculation = SPI_CRCCALCULATION_DISABLE;
 153              		.loc 1 55 20 view .LVU65
 154 007c CDE90E44 		strd	r4, r4, [sp, #56]
  53:Drivers/gateIO.cpp **** 	hspi4.Init.FirstBit = SPI_FIRSTBIT_MSB;
 155              		.loc 1 53 31 view .LVU66
 156 0080 CDE90C1C 		strd	r1, ip, [sp, #48]
  54:Drivers/gateIO.cpp **** 	hspi4.Init.TIMode = SPI_TIMODE_DISABLE;
 157              		.loc 1 54 2 is_stmt 1 view .LVU67
  55:Drivers/gateIO.cpp **** 	hspi4.Init.CRCCalculation = SPI_CRCCALCULATION_DISABLE;
 158              		.loc 1 55 2 view .LVU68
  56:Drivers/gateIO.cpp **** 	hspi4.Init.CRCPolynomial = 10;
 159              		.loc 1 56 2 view .LVU69
  57:Drivers/gateIO.cpp **** 	HAL_SPI_Init(&hspi4);
 160              		.loc 1 57 2 view .LVU70
  48:Drivers/gateIO.cpp **** 	hspi4.Init.DataSize = SPI_DATASIZE_8BIT;
 161              		.loc 1 48 23 is_stmt 0 view .LVU71
 162 0084 0894     		str	r4, [sp, #32]
  51:Drivers/gateIO.cpp **** 	hspi4.Init.NSS = SPI_NSS_SOFT;
 163              		.loc 1 51 22 view .LVU72
 164 0086 0B94     		str	r4, [sp, #44]
  56:Drivers/gateIO.cpp **** 	hspi4.Init.CRCPolynomial = 10;
 165              		.loc 1 56 28 view .LVU73
 166 0088 1094     		str	r4, [sp, #64]
  57:Drivers/gateIO.cpp **** 	HAL_SPI_Init(&hspi4);
 167              		.loc 1 57 27 view .LVU74
 168 008a 1192     		str	r2, [sp, #68]
 169              		.loc 1 58 2 is_stmt 1 view .LVU75
 170              		.loc 1 58 14 is_stmt 0 view .LVU76
 171 008c FFF7FEFF 		bl	HAL_SPI_Init
 172              	.LVL6:
  59:Drivers/gateIO.cpp **** 	__HAL_SPI_ENABLE(&hspi4);
 173              		.loc 1 59 2 is_stmt 1 view .LVU77
 174 0090 0698     		ldr	r0, [sp, #24]
 175 0092 0368     		ldr	r3, [r0]
 176 0094 43F04006 		orr	r6, r3, #64
 177 0098 0660     		str	r6, [r0]
  60:Drivers/gateIO.cpp **** 
  61:Drivers/gateIO.cpp **** 	out_bits_ = 0;
 178              		.loc 1 61 2 view .LVU78
 179              		.loc 1 61 12 is_stmt 0 view .LVU79
 180 009a 2C70     		strb	r4, [r5]
  62:Drivers/gateIO.cpp **** 	write_output();
 181              		.loc 1 62 2 is_stmt 1 view .LVU80
 182              	.LVL7:
 183              	.LBB4:
 184              	.LBI4:
ARM GAS  /var/folders/84/_x1cyy_j36g486tldtwl37280000gn/T//ccwvLVKF.s 			page 6


 185              		.file 2 "Drivers/gateIO.h"
   1:Drivers/gateIO.h **** #ifndef GateOut_h
   2:Drivers/gateIO.h **** #define GateOut_h
   3:Drivers/gateIO.h **** 
   4:Drivers/gateIO.h **** #include "stmf4lib.h"
   5:Drivers/gateIO.h **** 
   6:Drivers/gateIO.h **** class GateIO {
   7:Drivers/gateIO.h **** 
   8:Drivers/gateIO.h **** public:
   9:Drivers/gateIO.h **** 	void init();
  10:Drivers/gateIO.h **** 
  11:Drivers/gateIO.h **** 	bool read_input(uint8_t channel) {
  12:Drivers/gateIO.h **** 		switch (channel)
  13:Drivers/gateIO.h **** 		{
  14:Drivers/gateIO.h **** 		case 0: return !(GPIOB->IDR & GPIO_PIN_14);
  15:Drivers/gateIO.h **** 		case 1: return !(GPIOB->IDR & GPIO_PIN_11);
  16:Drivers/gateIO.h **** 		case 2: return !(GPIOB->IDR & GPIO_PIN_10);
  17:Drivers/gateIO.h **** 		case 3: return !(GPIOE->IDR & GPIO_PIN_15);
  18:Drivers/gateIO.h **** 		default:
  19:Drivers/gateIO.h **** 			break;
  20:Drivers/gateIO.h **** 		}
  21:Drivers/gateIO.h **** 		return 0;
  22:Drivers/gateIO.h **** 	}
  23:Drivers/gateIO.h **** 
  24:Drivers/gateIO.h **** 	void set_output(uint8_t channel, bool state) {
  25:Drivers/gateIO.h **** 		uint8_t bits = out_bits_;
  26:Drivers/gateIO.h **** 		uint8_t mask = (1 << channel);
  27:Drivers/gateIO.h **** 
  28:Drivers/gateIO.h **** 		if (state == 1) {
  29:Drivers/gateIO.h **** 			out_bits_ = bits | mask;
  30:Drivers/gateIO.h **** 		} else {
  31:Drivers/gateIO.h **** 			out_bits_ = bits & ~mask;
  32:Drivers/gateIO.h **** 		}
  33:Drivers/gateIO.h **** 	}
  34:Drivers/gateIO.h **** 
  35:Drivers/gateIO.h **** 	void write_output() {
 186              		.loc 2 35 7 view .LVU81
 187              	.L2:
 188              	.LBB5:
  36:Drivers/gateIO.h **** 		// select
  37:Drivers/gateIO.h **** 		//GPIOE->BSRR = GPIO_PIN_11 << 16;
  38:Drivers/gateIO.h **** 
  39:Drivers/gateIO.h **** 		// write
  40:Drivers/gateIO.h **** 		while (!(SPI4->SR & SPI_FLAG_TXE));
 189              		.loc 2 40 3 view .LVU82
 190              		.loc 2 40 10 view .LVU83
 191              		.loc 2 40 18 is_stmt 0 view .LVU84
 192 009c 0C4C     		ldr	r4, .L10+8
 193 009e A168     		ldr	r1, [r4, #8]
 194              		.loc 2 40 10 view .LVU85
 195 00a0 8907     		lsls	r1, r1, #30
 196 00a2 FBD5     		bpl	.L2
  41:Drivers/gateIO.h **** 		SPI4->DR = out_bits_;
 197              		.loc 2 41 3 is_stmt 1 view .LVU86
 198              		.loc 2 41 12 is_stmt 0 view .LVU87
 199 00a4 0022     		movs	r2, #0
 200 00a6 E260     		str	r2, [r4, #12]
ARM GAS  /var/folders/84/_x1cyy_j36g486tldtwl37280000gn/T//ccwvLVKF.s 			page 7


 201              	.L3:
  42:Drivers/gateIO.h **** 
  43:Drivers/gateIO.h **** 		while (!(SPI4->SR & SPI_FLAG_RXNE));
 202              		.loc 2 43 3 is_stmt 1 view .LVU88
 203              		.loc 2 43 10 view .LVU89
 204              		.loc 2 43 18 is_stmt 0 view .LVU90
 205 00a8 0948     		ldr	r0, .L10+8
 206 00aa 8368     		ldr	r3, [r0, #8]
 207              		.loc 2 43 10 view .LVU91
 208 00ac DA07     		lsls	r2, r3, #31
 209 00ae FBD5     		bpl	.L3
  44:Drivers/gateIO.h **** 		dummy = SPI4->DR;
 210              		.loc 2 44 3 is_stmt 1 view .LVU92
 211              		.loc 2 44 17 is_stmt 0 view .LVU93
 212 00b0 C668     		ldr	r6, [r0, #12]
  45:Drivers/gateIO.h **** 
  46:Drivers/gateIO.h **** 		// latch
  47:Drivers/gateIO.h **** 		GPIOE->BSRR = GPIO_PIN_11 << 16;
 213              		.loc 2 47 15 view .LVU94
 214 00b2 064C     		ldr	r4, .L10+4
  44:Drivers/gateIO.h **** 		dummy = SPI4->DR;
 215              		.loc 2 44 9 view .LVU95
 216 00b4 F2B2     		uxtb	r2, r6
 217              		.loc 2 47 15 view .LVU96
 218 00b6 4FF00060 		mov	r0, #134217728
  48:Drivers/gateIO.h **** 		GPIOE->BSRR = GPIO_PIN_11;
 219              		.loc 2 48 15 view .LVU97
 220 00ba 4FF40061 		mov	r1, #2048
  44:Drivers/gateIO.h **** 		dummy = SPI4->DR;
 221              		.loc 2 44 9 view .LVU98
 222 00be 6A70     		strb	r2, [r5, #1]
  47:Drivers/gateIO.h **** 		GPIOE->BSRR = GPIO_PIN_11;
 223              		.loc 2 47 3 is_stmt 1 view .LVU99
  47:Drivers/gateIO.h **** 		GPIOE->BSRR = GPIO_PIN_11;
 224              		.loc 2 47 15 is_stmt 0 view .LVU100
 225 00c0 A061     		str	r0, [r4, #24]
 226              		.loc 2 48 3 is_stmt 1 view .LVU101
 227              		.loc 2 48 15 is_stmt 0 view .LVU102
 228 00c2 A161     		str	r1, [r4, #24]
 229              	.LVL8:
 230              		.loc 2 48 15 view .LVU103
 231              	.LBE5:
 232              	.LBE4:
  63:Drivers/gateIO.cpp **** }
 233              		.loc 1 63 1 view .LVU104
 234 00c4 1CB0     		add	sp, sp, #112
 235              		.cfi_def_cfa_offset 16
 236              		@ sp needed
 237 00c6 70BD     		pop	{r4, r5, r6, pc}
 238              	.LVL9:
 239              	.L11:
 240              		.loc 1 63 1 view .LVU105
 241              		.align	2
 242              	.L10:
 243 00c8 00040240 		.word	1073873920
 244 00cc 00100240 		.word	1073876992
 245 00d0 00340140 		.word	1073820672
ARM GAS  /var/folders/84/_x1cyy_j36g486tldtwl37280000gn/T//ccwvLVKF.s 			page 8


 246              		.cfi_endproc
 247              	.LFE1978:
 249              		.global	gateIO
 250              		.section	.bss.gateIO,"aw",%nobits
 251              		.align	2
 254              	gateIO:
 255 0000 0000     		.space	2
 256              		.text
 257              	.Letext0:
 258              		.file 3 "/usr/local/Caskroom/gcc-arm-embedded/9-2019-q4-major/gcc-arm-none-eabi-9-2019-q4-major/ar
 259              		.file 4 "/usr/local/Caskroom/gcc-arm-embedded/9-2019-q4-major/gcc-arm-none-eabi-9-2019-q4-major/ar
 260              		.file 5 "/usr/local/Caskroom/gcc-arm-embedded/9-2019-q4-major/gcc-arm-none-eabi-9-2019-q4-major/ar
 261              		.file 6 "/Users/joostbooy/STM32Cube/Repository/STM32Cube_FW_F4_V1.26.1/Drivers/CMSIS/Include/core_
 262              		.file 7 "/Users/joostbooy/STM32Cube/Repository/STM32Cube_FW_F4_V1.26.1/Drivers/CMSIS/Device/ST/STM
 263              		.file 8 "/Users/joostbooy/STM32Cube/Repository/STM32Cube_FW_F4_V1.26.1/Drivers/CMSIS/Device/ST/STM
 264              		.file 9 "/usr/local/Caskroom/gcc-arm-embedded/9-2019-q4-major/gcc-arm-none-eabi-9-2019-q4-major/li
 265              		.file 10 "/Users/joostbooy/STM32Cube/Repository/STM32Cube_FW_F4_V1.26.1/Drivers/STM32F4xx_HAL_Driv
 266              		.file 11 "/Users/joostbooy/STM32Cube/Repository/STM32Cube_FW_F4_V1.26.1/Drivers/STM32F4xx_HAL_Driv
 267              		.file 12 "/Users/joostbooy/STM32Cube/Repository/STM32Cube_FW_F4_V1.26.1/Drivers/STM32F4xx_HAL_Driv
 268              		.file 13 "/Users/joostbooy/STM32Cube/Repository/STM32Cube_FW_F4_V1.26.1/Drivers/STM32F4xx_HAL_Driv
 269              		.file 14 "/Users/joostbooy/STM32Cube/Repository/STM32Cube_FW_F4_V1.26.1/Drivers/STM32F4xx_HAL_Driv
 270              		.file 15 "/usr/local/Caskroom/gcc-arm-embedded/9-2019-q4-major/gcc-arm-none-eabi-9-2019-q4-major/a
 271              		.file 16 "/usr/local/Caskroom/gcc-arm-embedded/9-2019-q4-major/gcc-arm-none-eabi-9-2019-q4-major/a
 272              		.file 17 "/usr/local/Caskroom/gcc-arm-embedded/9-2019-q4-major/gcc-arm-none-eabi-9-2019-q4-major/a
 273              		.file 18 "/usr/local/Caskroom/gcc-arm-embedded/9-2019-q4-major/gcc-arm-none-eabi-9-2019-q4-major/a
 274              		.file 19 "/usr/local/Caskroom/gcc-arm-embedded/9-2019-q4-major/gcc-arm-none-eabi-9-2019-q4-major/a
 275              		.file 20 "/usr/local/Caskroom/gcc-arm-embedded/9-2019-q4-major/gcc-arm-none-eabi-9-2019-q4-major/a
 276              		.file 21 "/usr/local/Caskroom/gcc-arm-embedded/9-2019-q4-major/gcc-arm-none-eabi-9-2019-q4-major/a
 277              		.file 22 "/usr/local/Caskroom/gcc-arm-embedded/9-2019-q4-major/gcc-arm-none-eabi-9-2019-q4-major/a
 278              		.file 23 "/usr/local/Caskroom/gcc-arm-embedded/9-2019-q4-major/gcc-arm-none-eabi-9-2019-q4-major/a
 279              		.file 24 "/usr/local/Caskroom/gcc-arm-embedded/9-2019-q4-major/gcc-arm-none-eabi-9-2019-q4-major/a
 280              		.file 25 "/usr/local/Caskroom/gcc-arm-embedded/9-2019-q4-major/gcc-arm-none-eabi-9-2019-q4-major/a
 281              		.file 26 "/usr/local/Caskroom/gcc-arm-embedded/9-2019-q4-major/gcc-arm-none-eabi-9-2019-q4-major/a
 282              		.file 27 "/usr/local/Caskroom/gcc-arm-embedded/9-2019-q4-major/gcc-arm-none-eabi-9-2019-q4-major/a
 283              		.file 28 "/usr/local/Caskroom/gcc-arm-embedded/9-2019-q4-major/gcc-arm-none-eabi-9-2019-q4-major/a
 284              		.file 29 "/usr/local/Caskroom/gcc-arm-embedded/9-2019-q4-major/gcc-arm-none-eabi-9-2019-q4-major/a
 285              		.file 30 "/usr/local/Caskroom/gcc-arm-embedded/9-2019-q4-major/gcc-arm-none-eabi-9-2019-q4-major/a
 286              		.file 31 "/usr/local/Caskroom/gcc-arm-embedded/9-2019-q4-major/gcc-arm-none-eabi-9-2019-q4-major/a
 287              		.file 32 "/usr/local/Caskroom/gcc-arm-embedded/9-2019-q4-major/gcc-arm-none-eabi-9-2019-q4-major/a
 288              		.file 33 "/usr/local/Caskroom/gcc-arm-embedded/9-2019-q4-major/gcc-arm-none-eabi-9-2019-q4-major/a
 289              		.file 34 "/usr/local/Caskroom/gcc-arm-embedded/9-2019-q4-major/gcc-arm-none-eabi-9-2019-q4-major/a
 290              		.file 35 "/usr/local/Caskroom/gcc-arm-embedded/9-2019-q4-major/gcc-arm-none-eabi-9-2019-q4-major/a
 291              		.file 36 "/usr/local/Caskroom/gcc-arm-embedded/9-2019-q4-major/gcc-arm-none-eabi-9-2019-q4-major/a
 292              		.file 37 "/usr/local/Caskroom/gcc-arm-embedded/9-2019-q4-major/gcc-arm-none-eabi-9-2019-q4-major/a
 293              		.file 38 "/usr/local/Caskroom/gcc-arm-embedded/9-2019-q4-major/gcc-arm-none-eabi-9-2019-q4-major/a
 294              		.file 39 "/usr/local/Caskroom/gcc-arm-embedded/9-2019-q4-major/gcc-arm-none-eabi-9-2019-q4-major/l
 295              		.file 40 "<built-in>"
 296              		.file 41 "/usr/local/Caskroom/gcc-arm-embedded/9-2019-q4-major/gcc-arm-none-eabi-9-2019-q4-major/a
 297              		.file 42 "/usr/local/Caskroom/gcc-arm-embedded/9-2019-q4-major/gcc-arm-none-eabi-9-2019-q4-major/a
 298              		.file 43 "/usr/local/Caskroom/gcc-arm-embedded/9-2019-q4-major/gcc-arm-none-eabi-9-2019-q4-major/a
 299              		.file 44 "/usr/local/Caskroom/gcc-arm-embedded/9-2019-q4-major/gcc-arm-none-eabi-9-2019-q4-major/a
 300              		.file 45 "/usr/local/Caskroom/gcc-arm-embedded/9-2019-q4-major/gcc-arm-none-eabi-9-2019-q4-major/a
 301              		.file 46 "/usr/local/Caskroom/gcc-arm-embedded/9-2019-q4-major/gcc-arm-none-eabi-9-2019-q4-major/a
 302              		.file 47 "/usr/local/Caskroom/gcc-arm-embedded/9-2019-q4-major/gcc-arm-none-eabi-9-2019-q4-major/a
 303              		.file 48 "/usr/local/Caskroom/gcc-arm-embedded/9-2019-q4-major/gcc-arm-none-eabi-9-2019-q4-major/a
 304              		.file 49 "/usr/local/Caskroom/gcc-arm-embedded/9-2019-q4-major/gcc-arm-none-eabi-9-2019-q4-major/a
ARM GAS  /var/folders/84/_x1cyy_j36g486tldtwl37280000gn/T//ccwvLVKF.s 			page 9


DEFINED SYMBOLS
                            *ABS*:0000000000000000 gateIO.cpp
/var/folders/84/_x1cyy_j36g486tldtwl37280000gn/T//ccwvLVKF.s:18     .text._ZN6GateIO4initEv:0000000000000000 $t
/var/folders/84/_x1cyy_j36g486tldtwl37280000gn/T//ccwvLVKF.s:27     .text._ZN6GateIO4initEv:0000000000000000 _ZN6GateIO4initEv
/var/folders/84/_x1cyy_j36g486tldtwl37280000gn/T//ccwvLVKF.s:243    .text._ZN6GateIO4initEv:00000000000000c8 $d
/var/folders/84/_x1cyy_j36g486tldtwl37280000gn/T//ccwvLVKF.s:254    .bss.gateIO:0000000000000000 gateIO
/var/folders/84/_x1cyy_j36g486tldtwl37280000gn/T//ccwvLVKF.s:251    .bss.gateIO:0000000000000000 $d

UNDEFINED SYMBOLS
HAL_GPIO_Init
HAL_SPI_Init
