ARM GAS  /var/folders/84/_x1cyy_j36g486tldtwl37280000gn/T//ccRoDKIL.s 			page 1


   1              		.cpu cortex-m4
   2              		.eabi_attribute 27, 1
   3              		.eabi_attribute 28, 1
   4              		.eabi_attribute 20, 1
   5              		.eabi_attribute 21, 1
   6              		.eabi_attribute 23, 3
   7              		.eabi_attribute 24, 1
   8              		.eabi_attribute 25, 1
   9              		.eabi_attribute 26, 1
  10              		.eabi_attribute 30, 2
  11              		.eabi_attribute 34, 1
  12              		.eabi_attribute 18, 4
  13              		.file	"ledPainter.cpp"
  14              		.text
  15              	.Ltext0:
  16              		.cfi_sections	.debug_frame
  17              		.global	_ZN10LedPainter12chapter_ledsE
  18              		.global	_ZN10LedPainter16step_button_ledsE
  19              		.global	_ZN10LedPainter17step_encoder_ledsE
  20              		.section	.data._ZN10LedPainter12chapter_ledsE,"aw"
  21              		.align	2
  24              	_ZN10LedPainter12chapter_ledsE:
  25 0000 06       		.byte	6
  26 0001 00       		.byte	0
  27 0002 07       		.byte	7
  28 0003 00       		.byte	0
  29 0004 07       		.byte	7
  30 0005 01       		.byte	1
  31 0006 00       		.byte	0
  32 0007 04       		.byte	4
  33 0008 00       		.byte	0
  34 0009 05       		.byte	5
  35 000a 01       		.byte	1
  36 000b 05       		.byte	5
  37              		.section	.data._ZN10LedPainter16step_button_ledsE,"aw"
  38              		.align	2
  41              	_ZN10LedPainter16step_button_ledsE:
  42 0000 00       		.byte	0
  43 0001 03       		.byte	3
  44 0002 01       		.byte	1
  45 0003 03       		.byte	3
  46 0004 02       		.byte	2
  47 0005 03       		.byte	3
  48 0006 03       		.byte	3
  49 0007 03       		.byte	3
  50 0008 04       		.byte	4
  51 0009 03       		.byte	3
  52 000a 05       		.byte	5
  53 000b 03       		.byte	3
  54 000c 06       		.byte	6
  55 000d 03       		.byte	3
  56 000e 07       		.byte	7
  57 000f 03       		.byte	3
  58 0010 00       		.byte	0
  59 0011 07       		.byte	7
  60 0012 01       		.byte	1
  61 0013 07       		.byte	7
ARM GAS  /var/folders/84/_x1cyy_j36g486tldtwl37280000gn/T//ccRoDKIL.s 			page 2


  62 0014 02       		.byte	2
  63 0015 07       		.byte	7
  64 0016 03       		.byte	3
  65 0017 07       		.byte	7
  66 0018 04       		.byte	4
  67 0019 07       		.byte	7
  68 001a 05       		.byte	5
  69 001b 07       		.byte	7
  70 001c 06       		.byte	6
  71 001d 07       		.byte	7
  72 001e 07       		.byte	7
  73 001f 07       		.byte	7
  74              		.section	.data._ZN10LedPainter17step_encoder_ledsE,"aw"
  75              		.align	2
  78              	_ZN10LedPainter17step_encoder_ledsE:
  79 0000 00       		.byte	0
  80 0001 02       		.byte	2
  81 0002 01       		.byte	1
  82 0003 02       		.byte	2
  83 0004 02       		.byte	2
  84 0005 02       		.byte	2
  85 0006 03       		.byte	3
  86 0007 02       		.byte	2
  87 0008 04       		.byte	4
  88 0009 02       		.byte	2
  89 000a 05       		.byte	5
  90 000b 02       		.byte	2
  91 000c 06       		.byte	6
  92 000d 02       		.byte	2
  93 000e 07       		.byte	7
  94 000f 02       		.byte	2
  95 0010 00       		.byte	0
  96 0011 06       		.byte	6
  97 0012 01       		.byte	1
  98 0013 06       		.byte	6
  99 0014 02       		.byte	2
 100 0015 06       		.byte	6
 101 0016 03       		.byte	3
 102 0017 06       		.byte	6
 103 0018 04       		.byte	4
 104 0019 06       		.byte	6
 105 001a 05       		.byte	5
 106 001b 06       		.byte	6
 107 001c 06       		.byte	6
 108 001d 06       		.byte	6
 109 001e 07       		.byte	7
 110 001f 06       		.byte	6
 111              		.text
 112              	.Letext0:
 113              		.file 1 "/usr/local/Caskroom/gcc-arm-embedded/9-2019-q4-major/gcc-arm-none-eabi-9-2019-q4-major/ar
 114              		.file 2 "/usr/local/Caskroom/gcc-arm-embedded/9-2019-q4-major/gcc-arm-none-eabi-9-2019-q4-major/ar
 115              		.file 3 "/usr/local/Caskroom/gcc-arm-embedded/9-2019-q4-major/gcc-arm-none-eabi-9-2019-q4-major/ar
 116              		.file 4 "/Users/joostbooy/STM32Cube/Repository/STM32Cube_FW_F4_V1.26.1/Drivers/CMSIS/Include/core_
 117              		.file 5 "/Users/joostbooy/STM32Cube/Repository/STM32Cube_FW_F4_V1.26.1/Drivers/CMSIS/Device/ST/STM
 118              		.file 6 "/usr/local/Caskroom/gcc-arm-embedded/9-2019-q4-major/gcc-arm-none-eabi-9-2019-q4-major/li
 119              		.file 7 "/Users/joostbooy/STM32Cube/Repository/STM32Cube_FW_F4_V1.26.1/Drivers/STM32F4xx_HAL_Drive
 120              		.file 8 "/usr/local/Caskroom/gcc-arm-embedded/9-2019-q4-major/gcc-arm-none-eabi-9-2019-q4-major/ar
ARM GAS  /var/folders/84/_x1cyy_j36g486tldtwl37280000gn/T//ccRoDKIL.s 			page 3


 121              		.file 9 "/usr/local/Caskroom/gcc-arm-embedded/9-2019-q4-major/gcc-arm-none-eabi-9-2019-q4-major/ar
 122              		.file 10 "/usr/local/Caskroom/gcc-arm-embedded/9-2019-q4-major/gcc-arm-none-eabi-9-2019-q4-major/a
 123              		.file 11 "/usr/local/Caskroom/gcc-arm-embedded/9-2019-q4-major/gcc-arm-none-eabi-9-2019-q4-major/a
 124              		.file 12 "/usr/local/Caskroom/gcc-arm-embedded/9-2019-q4-major/gcc-arm-none-eabi-9-2019-q4-major/a
 125              		.file 13 "/usr/local/Caskroom/gcc-arm-embedded/9-2019-q4-major/gcc-arm-none-eabi-9-2019-q4-major/a
 126              		.file 14 "/usr/local/Caskroom/gcc-arm-embedded/9-2019-q4-major/gcc-arm-none-eabi-9-2019-q4-major/a
 127              		.file 15 "/usr/local/Caskroom/gcc-arm-embedded/9-2019-q4-major/gcc-arm-none-eabi-9-2019-q4-major/a
 128              		.file 16 "/usr/local/Caskroom/gcc-arm-embedded/9-2019-q4-major/gcc-arm-none-eabi-9-2019-q4-major/a
 129              		.file 17 "/usr/local/Caskroom/gcc-arm-embedded/9-2019-q4-major/gcc-arm-none-eabi-9-2019-q4-major/a
 130              		.file 18 "/usr/local/Caskroom/gcc-arm-embedded/9-2019-q4-major/gcc-arm-none-eabi-9-2019-q4-major/a
 131              		.file 19 "/usr/local/Caskroom/gcc-arm-embedded/9-2019-q4-major/gcc-arm-none-eabi-9-2019-q4-major/a
 132              		.file 20 "/usr/local/Caskroom/gcc-arm-embedded/9-2019-q4-major/gcc-arm-none-eabi-9-2019-q4-major/a
 133              		.file 21 "/usr/local/Caskroom/gcc-arm-embedded/9-2019-q4-major/gcc-arm-none-eabi-9-2019-q4-major/a
 134              		.file 22 "/usr/local/Caskroom/gcc-arm-embedded/9-2019-q4-major/gcc-arm-none-eabi-9-2019-q4-major/a
 135              		.file 23 "/usr/local/Caskroom/gcc-arm-embedded/9-2019-q4-major/gcc-arm-none-eabi-9-2019-q4-major/a
 136              		.file 24 "/usr/local/Caskroom/gcc-arm-embedded/9-2019-q4-major/gcc-arm-none-eabi-9-2019-q4-major/a
 137              		.file 25 "/usr/local/Caskroom/gcc-arm-embedded/9-2019-q4-major/gcc-arm-none-eabi-9-2019-q4-major/a
 138              		.file 26 "/usr/local/Caskroom/gcc-arm-embedded/9-2019-q4-major/gcc-arm-none-eabi-9-2019-q4-major/a
 139              		.file 27 "/usr/local/Caskroom/gcc-arm-embedded/9-2019-q4-major/gcc-arm-none-eabi-9-2019-q4-major/a
 140              		.file 28 "/usr/local/Caskroom/gcc-arm-embedded/9-2019-q4-major/gcc-arm-none-eabi-9-2019-q4-major/a
 141              		.file 29 "/usr/local/Caskroom/gcc-arm-embedded/9-2019-q4-major/gcc-arm-none-eabi-9-2019-q4-major/a
 142              		.file 30 "/usr/local/Caskroom/gcc-arm-embedded/9-2019-q4-major/gcc-arm-none-eabi-9-2019-q4-major/a
 143              		.file 31 "/usr/local/Caskroom/gcc-arm-embedded/9-2019-q4-major/gcc-arm-none-eabi-9-2019-q4-major/a
 144              		.file 32 "/usr/local/Caskroom/gcc-arm-embedded/9-2019-q4-major/gcc-arm-none-eabi-9-2019-q4-major/l
 145              		.file 33 "<built-in>"
 146              		.file 34 "/usr/local/Caskroom/gcc-arm-embedded/9-2019-q4-major/gcc-arm-none-eabi-9-2019-q4-major/a
 147              		.file 35 "/usr/local/Caskroom/gcc-arm-embedded/9-2019-q4-major/gcc-arm-none-eabi-9-2019-q4-major/a
 148              		.file 36 "/usr/local/Caskroom/gcc-arm-embedded/9-2019-q4-major/gcc-arm-none-eabi-9-2019-q4-major/a
 149              		.file 37 "/usr/local/Caskroom/gcc-arm-embedded/9-2019-q4-major/gcc-arm-none-eabi-9-2019-q4-major/a
 150              		.file 38 "/usr/local/Caskroom/gcc-arm-embedded/9-2019-q4-major/gcc-arm-none-eabi-9-2019-q4-major/a
 151              		.file 39 "/usr/local/Caskroom/gcc-arm-embedded/9-2019-q4-major/gcc-arm-none-eabi-9-2019-q4-major/a
 152              		.file 40 "/usr/local/Caskroom/gcc-arm-embedded/9-2019-q4-major/gcc-arm-none-eabi-9-2019-q4-major/a
 153              		.file 41 "/usr/local/Caskroom/gcc-arm-embedded/9-2019-q4-major/gcc-arm-none-eabi-9-2019-q4-major/a
 154              		.file 42 "/usr/local/Caskroom/gcc-arm-embedded/9-2019-q4-major/gcc-arm-none-eabi-9-2019-q4-major/a
 155              		.file 43 "Drivers/timer.h"
 156              		.file 44 "/Users/joostbooy/Desktop/Code/stm32/lib/utils/StringBuilder.h"
 157              		.file 45 "Src/Ui/Pages/pages.h"
 158              		.file 46 "lookupTables/bitmap.h"
 159              		.file 47 "Src/Ui/Pages/chapter.h"
 160              		.file 48 "Src/Ui/ui.h"
 161              		.file 49 "Drivers/micros.h"
 162              		.file 50 "Drivers/matrix.h"
 163              		.file 51 "lookupTables/lookUpTables.h"
 164              		.file 52 "Src/Engine/midiEvent.h"
 165              		.file 53 "Src/Settings/trackData.h"
 166              		.file 54 "Drivers/uart.h"
 167              		.file 55 "Drivers/Usb/usb.h"
 168              		.file 56 "Src/Engine/midiBuffer.h"
 169              		.file 57 "/Users/joostbooy/Desktop/Code/stm32/lib/utils/que.h"
 170              		.file 58 "Src/Engine/midiPort.h"
 171              		.file 59 "lookupTables/font.h"
 172              		.file 60 "Src/Settings/pattern.h"
 173              		.file 61 "Src/Engine/clockEngine.h"
 174              		.file 62 "Src/Engine/positionEngine.h"
 175              		.file 63 "Src/Engine/repeatEngine.h"
 176              		.file 64 "/Users/joostbooy/Desktop/Code/stm32/lib/utils/reciprocal.h"
 177              		.file 65 "Src/Settings/baseTrack.h"
ARM GAS  /var/folders/84/_x1cyy_j36g486tldtwl37280000gn/T//ccRoDKIL.s 			page 4


 178              		.file 66 "Src/Settings/serial.h"
 179              		.file 67 "Src/Settings/serialItem.h"
 180              		.file 68 "/Users/joostbooy/Desktop/Code/stm32/lib/ff14b/source/ff.h"
 181              		.file 69 "Src/Disk/file.h"
 182              		.file 70 "/Users/joostbooy/Desktop/Code/stm32/lib/utils/hash.h"
 183              		.file 71 "Src/Disk/fileWriter.h"
 184              		.file 72 "Src/Disk/fileReader.h"
 185              		.file 73 "Src/Settings/scale.h"
 186              		.file 74 "/Users/joostbooy/Desktop/Code/stm32/lib/utils/stack.h"
 187              		.file 75 "Src/Settings/noteTrack.h"
 188              		.file 76 "Src/Settings/arpeggiator.h"
 189              		.file 77 "Src/Settings/chord.h"
 190              		.file 78 "Src/Settings/chordTrack.h"
 191              		.file 79 "Src/Settings/drumTrack.h"
 192              		.file 80 "Src/Settings/curveTrack.h"
 193              		.file 81 "Src/Settings/track.h"
 194              		.file 82 "Src/Settings/midiClock.h"
 195              		.file 83 "Src/Settings/song.h"
 196              		.file 84 "Src/Ui/clipboard.h"
 197              		.file 85 "Src/Settings/cvOutput.h"
 198              		.file 86 "Src/Settings/cvInput.h"
 199              		.file 87 "Src/Settings/midiFilter.h"
 200              		.file 88 "Src/Settings/midiMonitor.h"
 201              		.file 89 "Src/Settings/midiInput.h"
 202              		.file 90 "Src/Settings/midiOutput.h"
 203              		.file 91 "Drivers/dac.h"
 204              		.file 92 "Src/Settings/calibration.h"
 205              		.file 93 "Src/Settings/drumKit.h"
 206              		.file 94 "Src/Settings/settings.h"
 207              		.file 95 "Src/Engine/noteStack.h"
 208              		.file 96 "Src/Engine/arpeggiatorEngine.h"
 209              		.file 97 "Drivers/gateIO.h"
 210              		.file 98 "Src/Engine/cvOutputEngine.h"
 211              		.file 99 "Src/Engine/midiScheduler.h"
 212              		.file 100 "Src/Engine/midiOutputEngine.h"
 213              		.file 101 "Src/Engine/midiInputEngine.h"
 214              		.file 102 "Src/Engine/midiRecordEngine.h"
 215              		.file 103 "Drivers/adc.h"
 216              		.file 104 "Src/Engine/cvInputEngine.h"
 217              		.file 105 "Src/Engine/trackState.h"
 218              		.file 106 "Drivers/debug.h"
 219              		.file 107 "Src/Engine/trackEngine.h"
 220              		.file 108 "Src/Engine/noteTrackEngine.h"
 221              		.file 109 "Src/Engine/chordTrackEngine.h"
 222              		.file 110 "Src/Engine/drumTrackEngine.h"
 223              		.file 111 "Src/Engine/curveTrackEngine.h"
 224              		.file 112 "Src/Engine/engine.h"
 225              		.file 113 "Src/Settings/stepEditor.h"
 226              		.file 114 "Src/Ui/Painters/ledPainter.h"
 227              		.file 115 "Src/Ui/Painters/ledPainter.cpp"
ARM GAS  /var/folders/84/_x1cyy_j36g486tldtwl37280000gn/T//ccRoDKIL.s 			page 5


DEFINED SYMBOLS
                            *ABS*:0000000000000000 ledPainter.cpp
/var/folders/84/_x1cyy_j36g486tldtwl37280000gn/T//ccRoDKIL.s:24     .data._ZN10LedPainter12chapter_ledsE:0000000000000000 _ZN10LedPainter12chapter_ledsE
/var/folders/84/_x1cyy_j36g486tldtwl37280000gn/T//ccRoDKIL.s:41     .data._ZN10LedPainter16step_button_ledsE:0000000000000000 _ZN10LedPainter16step_button_ledsE
/var/folders/84/_x1cyy_j36g486tldtwl37280000gn/T//ccRoDKIL.s:78     .data._ZN10LedPainter17step_encoder_ledsE:0000000000000000 _ZN10LedPainter17step_encoder_ledsE
/var/folders/84/_x1cyy_j36g486tldtwl37280000gn/T//ccRoDKIL.s:21     .data._ZN10LedPainter12chapter_ledsE:0000000000000000 $d
/var/folders/84/_x1cyy_j36g486tldtwl37280000gn/T//ccRoDKIL.s:38     .data._ZN10LedPainter16step_button_ledsE:0000000000000000 $d
/var/folders/84/_x1cyy_j36g486tldtwl37280000gn/T//ccRoDKIL.s:75     .data._ZN10LedPainter17step_encoder_ledsE:0000000000000000 $d

NO UNDEFINED SYMBOLS
