ARM GAS  /var/folders/84/_x1cyy_j36g486tldtwl37280000gn/T//cch5KVLM.s 			page 1


   1              		.cpu cortex-m4
   2              		.eabi_attribute 27, 1
   3              		.eabi_attribute 28, 1
   4              		.eabi_attribute 20, 1
   5              		.eabi_attribute 21, 1
   6              		.eabi_attribute 23, 3
   7              		.eabi_attribute 24, 1
   8              		.eabi_attribute 25, 1
   9              		.eabi_attribute 26, 1
  10              		.eabi_attribute 30, 2
  11              		.eabi_attribute 34, 1
  12              		.eabi_attribute 18, 4
  13              		.file	"lookupTables.cpp"
  14              		.text
  15              	.Ltext0:
  16              		.cfi_sections	.debug_frame
  17              		.global	lut_scale_locrian_map
  18              		.global	lut_scale_locrian
  19              		.global	lut_scale_aeolyian_map
  20              		.global	lut_scale_aeolyian
  21              		.global	lut_scale_lydian_map
  22              		.global	lut_scale_lydian
  23              		.global	lut_scale_phrygian_map
  24              		.global	lut_scale_phrygian
  25              		.global	lut_scale_dorian_map
  26              		.global	lut_scale_dorian
  27              		.global	lut_scale_mixolydian_map
  28              		.global	lut_scale_mixolydian
  29              		.global	lut_scale_minor_map
  30              		.global	lut_scale_minor
  31              		.global	lut_scale_major_map
  32              		.global	lut_scale_major
  33              		.global	lut_bpm_fractional_inc
  34              		.global	lut_bpm_inc
  35              		.section	.rodata.lut_bpm_fractional_inc,"a"
  36              		.align	2
  39              	lut_bpm_fractional_inc:
  40 0000 00000000 		.word	0
  41 0004 169F0200 		.word	171798
  42 0008 2D3E0500 		.word	343597
  43 000c 44DD0700 		.word	515396
  44 0010 5A7C0A00 		.word	687194
  45 0014 711B0D00 		.word	858993
  46 0018 88BA0F00 		.word	1030792
  47 001c 9E591200 		.word	1202590
  48 0020 B5F81400 		.word	1374389
  49 0024 CC971700 		.word	1546188
  50              		.section	.rodata.lut_bpm_inc,"a"
  51              		.align	2
  54              	lut_bpm_inc:
  55 0000 E2361A00 		.word	1717986
  56 0004 C56D3400 		.word	3435973
  57 0008 A8A44E00 		.word	5153960
  58 000c 8BDB6800 		.word	6871947
  59 0010 6E128300 		.word	8589934
  60 0014 51499D00 		.word	10307921
  61 0018 3480B700 		.word	12025908
ARM GAS  /var/folders/84/_x1cyy_j36g486tldtwl37280000gn/T//cch5KVLM.s 			page 2


  62 001c 17B7D100 		.word	13743895
  63 0020 FAEDEB00 		.word	15461882
  64 0024 DD240601 		.word	17179869
  65 0028 C05B2001 		.word	18897856
  66 002c A3923A01 		.word	20615843
  67 0030 85C95401 		.word	22333829
  68 0034 68006F01 		.word	24051816
  69 0038 4B378901 		.word	25769803
  70 003c 2E6EA301 		.word	27487790
  71 0040 11A5BD01 		.word	29205777
  72 0044 F4DBD701 		.word	30923764
  73 0048 D712F201 		.word	32641751
  74 004c BA490C02 		.word	34359738
  75 0050 9D802602 		.word	36077725
  76 0054 80B74002 		.word	37795712
  77 0058 63EE5A02 		.word	39513699
  78 005c 46257502 		.word	41231686
  79 0060 285C8F02 		.word	42949672
  80 0064 0B93A902 		.word	44667659
  81 0068 EEC9C302 		.word	46385646
  82 006c D100DE02 		.word	48103633
  83 0070 B437F802 		.word	49821620
  84 0074 976E1203 		.word	51539607
  85 0078 7AA52C03 		.word	53257594
  86 007c 5DDC4603 		.word	54975581
  87 0080 40136103 		.word	56693568
  88 0084 234A7B03 		.word	58411555
  89 0088 06819503 		.word	60129542
  90 008c E9B7AF03 		.word	61847529
  91 0090 CBEEC903 		.word	63565515
  92 0094 AE25E403 		.word	65283502
  93 0098 915CFE03 		.word	67001489
  94 009c 74931804 		.word	68719476
  95 00a0 57CA3204 		.word	70437463
  96 00a4 3A014D04 		.word	72155450
  97 00a8 1D386704 		.word	73873437
  98 00ac 006F8104 		.word	75591424
  99 00b0 E3A59B04 		.word	77309411
 100 00b4 C6DCB504 		.word	79027398
 101 00b8 A913D004 		.word	80745385
 102 00bc 8C4AEA04 		.word	82463372
 103 00c0 6F810405 		.word	84181359
 104 00c4 51B81E05 		.word	85899345
 105 00c8 34EF3805 		.word	87617332
 106 00cc 17265305 		.word	89335319
 107 00d0 FA5C6D05 		.word	91053306
 108 00d4 DD938705 		.word	92771293
 109 00d8 C0CAA105 		.word	94489280
 110 00dc A301BC05 		.word	96207267
 111 00e0 8638D605 		.word	97925254
 112 00e4 696FF005 		.word	99643241
 113 00e8 4CA60A06 		.word	101361228
 114 00ec 2FDD2406 		.word	103079215
 115 00f0 12143F06 		.word	104797202
 116 00f4 F44A5906 		.word	106515188
 117 00f8 D7817306 		.word	108233175
 118 00fc BAB88D06 		.word	109951162
ARM GAS  /var/folders/84/_x1cyy_j36g486tldtwl37280000gn/T//cch5KVLM.s 			page 3


 119 0100 9DEFA706 		.word	111669149
 120 0104 8026C206 		.word	113387136
 121 0108 635DDC06 		.word	115105123
 122 010c 4694F606 		.word	116823110
 123 0110 29CB1007 		.word	118541097
 124 0114 0C022B07 		.word	120259084
 125 0118 EF384507 		.word	121977071
 126 011c D26F5F07 		.word	123695058
 127 0120 B5A67907 		.word	125413045
 128 0124 97DD9307 		.word	127131031
 129 0128 7A14AE07 		.word	128849018
 130 012c 5D4BC807 		.word	130567005
 131 0130 4082E207 		.word	132284992
 132 0134 23B9FC07 		.word	134002979
 133 0138 06F01608 		.word	135720966
 134 013c E9263108 		.word	137438953
 135 0140 CC5D4B08 		.word	139156940
 136 0144 AF946508 		.word	140874927
 137 0148 92CB7F08 		.word	142592914
 138 014c 75029A08 		.word	144310901
 139 0150 5839B408 		.word	146028888
 140 0154 3A70CE08 		.word	147746874
 141 0158 1DA7E808 		.word	149464861
 142 015c 00DE0209 		.word	151182848
 143 0160 E3141D09 		.word	152900835
 144 0164 C64B3709 		.word	154618822
 145 0168 A9825109 		.word	156336809
 146 016c 8CB96B09 		.word	158054796
 147 0170 6FF08509 		.word	159772783
 148 0174 5227A009 		.word	161490770
 149 0178 355EBA09 		.word	163208757
 150 017c 1895D409 		.word	164926744
 151 0180 FBCBEE09 		.word	166644731
 152 0184 DE02090A 		.word	168362718
 153 0188 C039230A 		.word	170080704
 154 018c A3703D0A 		.word	171798691
 155 0190 86A7570A 		.word	173516678
 156 0194 69DE710A 		.word	175234665
 157 0198 4C158C0A 		.word	176952652
 158 019c 2F4CA60A 		.word	178670639
 159 01a0 1283C00A 		.word	180388626
 160 01a4 F5B9DA0A 		.word	182106613
 161 01a8 D8F0F40A 		.word	183824600
 162 01ac BB270F0B 		.word	185542587
 163 01b0 9E5E290B 		.word	187260574
 164 01b4 8195430B 		.word	188978561
 165 01b8 63CC5D0B 		.word	190696547
 166 01bc 4603780B 		.word	192414534
 167 01c0 293A920B 		.word	194132521
 168 01c4 0C71AC0B 		.word	195850508
 169 01c8 EFA7C60B 		.word	197568495
 170 01cc D2DEE00B 		.word	199286482
 171 01d0 B515FB0B 		.word	201004469
 172 01d4 984C150C 		.word	202722456
 173 01d8 7B832F0C 		.word	204440443
 174 01dc 5EBA490C 		.word	206158430
 175 01e0 41F1630C 		.word	207876417
ARM GAS  /var/folders/84/_x1cyy_j36g486tldtwl37280000gn/T//cch5KVLM.s 			page 4


 176 01e4 24287E0C 		.word	209594404
 177 01e8 065F980C 		.word	211312390
 178 01ec E995B20C 		.word	213030377
 179 01f0 CCCCCC0C 		.word	214748364
 180 01f4 AF03E70C 		.word	216466351
 181 01f8 923A010D 		.word	218184338
 182 01fc 75711B0D 		.word	219902325
 183 0200 58A8350D 		.word	221620312
 184 0204 3BDF4F0D 		.word	223338299
 185 0208 1E166A0D 		.word	225056286
 186 020c 014D840D 		.word	226774273
 187 0210 E4839E0D 		.word	228492260
 188 0214 C7BAB80D 		.word	230210247
 189 0218 A9F1D20D 		.word	231928233
 190 021c 8C28ED0D 		.word	233646220
 191 0220 6F5F070E 		.word	235364207
 192 0224 5296210E 		.word	237082194
 193 0228 35CD3B0E 		.word	238800181
 194 022c 1804560E 		.word	240518168
 195 0230 FB3A700E 		.word	242236155
 196 0234 DE718A0E 		.word	243954142
 197 0238 C1A8A40E 		.word	245672129
 198 023c A4DFBE0E 		.word	247390116
 199 0240 8716D90E 		.word	249108103
 200 0244 6A4DF30E 		.word	250826090
 201 0248 4D840D0F 		.word	252544077
 202 024c 2FBB270F 		.word	254262063
 203 0250 12F2410F 		.word	255980050
 204 0254 F5285C0F 		.word	257698037
 205 0258 D85F760F 		.word	259416024
 206 025c BB96900F 		.word	261134011
 207 0260 9ECDAA0F 		.word	262851998
 208 0264 8104C50F 		.word	264569985
 209 0268 643BDF0F 		.word	266287972
 210 026c 4772F90F 		.word	268005959
 211 0270 2AA91310 		.word	269723946
 212 0274 0DE02D10 		.word	271441933
 213 0278 F0164810 		.word	273159920
 214 027c D24D6210 		.word	274877906
 215 0280 B5847C10 		.word	276595893
 216 0284 98BB9610 		.word	278313880
 217 0288 7BF2B010 		.word	280031867
 218 028c 5E29CB10 		.word	281749854
 219 0290 4160E510 		.word	283467841
 220 0294 2497FF10 		.word	285185828
 221 0298 07CE1911 		.word	286903815
 222 029c EA043411 		.word	288621802
 223 02a0 CD3B4E11 		.word	290339789
 224 02a4 B0726811 		.word	292057776
 225 02a8 93A98211 		.word	293775763
 226 02ac 75E09C11 		.word	295493749
 227 02b0 5817B711 		.word	297211736
 228 02b4 3B4ED111 		.word	298929723
 229 02b8 1E85EB11 		.word	300647710
 230 02bc 01BC0512 		.word	302365697
 231 02c0 E4F21F12 		.word	304083684
 232 02c4 C7293A12 		.word	305801671
ARM GAS  /var/folders/84/_x1cyy_j36g486tldtwl37280000gn/T//cch5KVLM.s 			page 5


 233 02c8 AA605412 		.word	307519658
 234 02cc 8D976E12 		.word	309237645
 235 02d0 70CE8812 		.word	310955632
 236 02d4 5305A312 		.word	312673619
 237 02d8 363CBD12 		.word	314391606
 238 02dc 1873D712 		.word	316109592
 239 02e0 FBA9F112 		.word	317827579
 240 02e4 DEE00B13 		.word	319545566
 241 02e8 C1172613 		.word	321263553
 242 02ec A44E4013 		.word	322981540
 243 02f0 87855A13 		.word	324699527
 244 02f4 6ABC7413 		.word	326417514
 245 02f8 4DF38E13 		.word	328135501
 246 02fc 302AA913 		.word	329853488
 247 0300 1361C313 		.word	331571475
 248 0304 F697DD13 		.word	333289462
 249 0308 D9CEF713 		.word	335007449
 250 030c BC051214 		.word	336725436
 251 0310 9E3C2C14 		.word	338443422
 252 0314 81734614 		.word	340161409
 253 0318 64AA6014 		.word	341879396
 254 031c 47E17A14 		.word	343597383
 255 0320 2A189514 		.word	345315370
 256 0324 0D4FAF14 		.word	347033357
 257 0328 F085C914 		.word	348751344
 258 032c D3BCE314 		.word	350469331
 259 0330 B6F3FD14 		.word	352187318
 260 0334 992A1815 		.word	353905305
 261 0338 7C613215 		.word	355623292
 262 033c 5F984C15 		.word	357341279
 263 0340 41CF6615 		.word	359059265
 264 0344 24068115 		.word	360777252
 265 0348 073D9B15 		.word	362495239
 266 034c EA73B515 		.word	364213226
 267 0350 CDAACF15 		.word	365931213
 268 0354 B0E1E915 		.word	367649200
 269 0358 93180416 		.word	369367187
 270 035c 764F1E16 		.word	371085174
 271 0360 59863816 		.word	372803161
 272 0364 3CBD5216 		.word	374521148
 273 0368 1FF46C16 		.word	376239135
 274 036c 022B8716 		.word	377957122
 275 0370 E461A116 		.word	379675108
 276 0374 C798BB16 		.word	381393095
 277 0378 AACFD516 		.word	383111082
 278 037c 8D06F016 		.word	384829069
 279 0380 703D0A17 		.word	386547056
 280 0384 53742417 		.word	388265043
 281 0388 36AB3E17 		.word	389983030
 282 038c 19E25817 		.word	391701017
 283 0390 FC187317 		.word	393419004
 284 0394 DF4F8D17 		.word	395136991
 285 0398 C286A717 		.word	396854978
 286 039c A5BDC117 		.word	398572965
 287 03a0 87F4DB17 		.word	400290951
 288 03a4 6A2BF617 		.word	402008938
 289 03a8 4D621018 		.word	403726925
ARM GAS  /var/folders/84/_x1cyy_j36g486tldtwl37280000gn/T//cch5KVLM.s 			page 6


 290 03ac 30992A18 		.word	405444912
 291 03b0 13D04418 		.word	407162899
 292 03b4 F6065F18 		.word	408880886
 293 03b8 D93D7918 		.word	410598873
 294 03bc BC749318 		.word	412316860
 295 03c0 9FABAD18 		.word	414034847
 296 03c4 82E2C718 		.word	415752834
 297 03c8 6519E218 		.word	417470821
 298 03cc 4850FC18 		.word	419188808
 299 03d0 2B871619 		.word	420906795
 300 03d4 0DBE3019 		.word	422624781
 301 03d8 F0F44A19 		.word	424342768
 302 03dc D32B6519 		.word	426060755
 303 03e0 B6627F19 		.word	427778742
 304 03e4 99999919 		.word	429496729
 305 03e8 7CD0B319 		.word	431214716
 306 03ec 5F07CE19 		.word	432932703
 307 03f0 423EE819 		.word	434650690
 308 03f4 2575021A 		.word	436368677
 309 03f8 08AC1C1A 		.word	438086664
 310 03fc EBE2361A 		.word	439804651
 311 0400 CE19511A 		.word	441522638
 312 0404 B0506B1A 		.word	443240624
 313 0408 9387851A 		.word	444958611
 314 040c 76BE9F1A 		.word	446676598
 315 0410 59F5B91A 		.word	448394585
 316 0414 3C2CD41A 		.word	450112572
 317 0418 1F63EE1A 		.word	451830559
 318 041c 029A081B 		.word	453548546
 319 0420 E5D0221B 		.word	455266533
 320 0424 C8073D1B 		.word	456984520
 321 0428 AB3E571B 		.word	458702507
 322 042c 8E75711B 		.word	460420494
 323 0430 71AC8B1B 		.word	462138481
 324 0434 53E3A51B 		.word	463856467
 325 0438 361AC01B 		.word	465574454
 326 043c 1951DA1B 		.word	467292441
 327 0440 FC87F41B 		.word	469010428
 328 0444 DFBE0E1C 		.word	470728415
 329 0448 C2F5281C 		.word	472446402
 330 044c A52C431C 		.word	474164389
 331 0450 88635D1C 		.word	475882376
 332 0454 6B9A771C 		.word	477600363
 333 0458 4ED1911C 		.word	479318350
 334 045c 3108AC1C 		.word	481036337
 335 0460 143FC61C 		.word	482754324
 336 0464 F675E01C 		.word	484472310
 337 0468 D9ACFA1C 		.word	486190297
 338 046c BCE3141D 		.word	487908284
 339 0470 9F1A2F1D 		.word	489626271
 340 0474 8251491D 		.word	491344258
 341 0478 6588631D 		.word	493062245
 342 047c 48BF7D1D 		.word	494780232
 343 0480 2BF6971D 		.word	496498219
 344 0484 0E2DB21D 		.word	498216206
 345 0488 F163CC1D 		.word	499934193
 346 048c D49AE61D 		.word	501652180
ARM GAS  /var/folders/84/_x1cyy_j36g486tldtwl37280000gn/T//cch5KVLM.s 			page 7


 347 0490 B7D1001E 		.word	503370167
 348 0494 9A081B1E 		.word	505088154
 349 0498 7C3F351E 		.word	506806140
 350 049c 5F764F1E 		.word	508524127
 351 04a0 42AD691E 		.word	510242114
 352 04a4 25E4831E 		.word	511960101
 353 04a8 081B9E1E 		.word	513678088
 354 04ac EB51B81E 		.word	515396075
 355              		.section	.rodata.lut_scale_aeolyian,"a"
 356              		.align	2
 359              	lut_scale_aeolyian:
 360 0000 00020305 		.ascii	"\000\002\003\005\007\010\012\014\016\017\021\023\024"
 360      07080A0C 
 360      0E0F1113 
 360      14
 361 000d 16181A1B 		.ascii	"\026\030\032\033\035\037 \"$&')+,.023578:<>?ACDFHJK"
 361      1D1F2022 
 361      24262729 
 361      2B2C2E30 
 361      32333537 
 362 002d 4D4F5052 		.ascii	"MOPRTVWY[\\^`bceghjlnoqstv"
 362      54565759 
 362      5B5C5E60 
 362      62636567 
 362      686A6C6E 
 363              		.section	.rodata.lut_scale_aeolyian_map,"a"
 364              		.align	2
 367              	lut_scale_aeolyian_map:
 368 0000 00000203 		.ascii	"\000\000\002\003\003\005\005\007\010\010\012\012\014"
 368      03050507 
 368      08080A0A 
 368      0C
 369 000d 0C0E0F0F 		.ascii	"\014\016\017\017\021\021\023\024\024\026\026\030\030"
 369      11111314 
 369      14161618 
 369      18
 370 001a 1A1B1B1D 		.ascii	"\032\033\033\035\035\037  \"\"$$&''))+,,..002335578"
 370      1D1F2020 
 370      22222424 
 370      26272729 
 370      292B2C2C 
 371 0039 383A3A3C 		.ascii	"8::<<>??AACDDFFHHJKKMMOPPRRTTVWWYY[\\\\^^``bcceeghh"
 371      3C3E3F3F 
 371      41414344 
 371      44464648 
 371      484A4B4B 
 372 006a 6A6A6C6C 		.ascii	"jjllnooqqsttvvxxz{{}}\177"
 372      6E6F6F71 
 372      71737474 
 372      76767878 
 372      7A7B7B7D 
 373              		.section	.rodata.lut_scale_dorian,"a"
 374              		.align	2
 377              	lut_scale_dorian:
 378 0000 00020305 		.ascii	"\000\002\003\005\007\011\012\014\016\017\021\023\025"
 378      07090A0C 
 378      0E0F1113 
ARM GAS  /var/folders/84/_x1cyy_j36g486tldtwl37280000gn/T//cch5KVLM.s 			page 8


 378      15
 379 000d 16181A1B 		.ascii	"\026\030\032\033\035\037!\"$&')+-.023579:<>?ACEFHJK"
 379      1D1F2122 
 379      24262729 
 379      2B2D2E30 
 379      32333537 
 380 002d 4D4F5152 		.ascii	"MOQRTVWY[]^`bcegijlnoqsuv"
 380      54565759 
 380      5B5D5E60 
 380      62636567 
 380      696A6C6E 
 381              		.section	.rodata.lut_scale_dorian_map,"a"
 382              		.align	2
 385              	lut_scale_dorian_map:
 386 0000 00000203 		.ascii	"\000\000\002\003\003\005\005\007\007\011\012\012\014"
 386      03050507 
 386      07090A0A 
 386      0C
 387 000d 0C0E0F0F 		.ascii	"\014\016\017\017\021\021\023\023\025\026\026\030\030"
 387      11111313 
 387      15161618 
 387      18
 388 001a 1A1B1B1D 		.ascii	"\032\033\033\035\035\037\037!\"\"$$&''))++-..002335"
 388      1D1F1F21 
 388      22222424 
 388      26272729 
 388      292B2B2D 
 389 0036 35373739 		.ascii	"5779::<<>??AACCEFFHHJKKMMOOQRRTTVWWYY[[]^^``bcceegg"
 389      3A3A3C3C 
 389      3E3F3F41 
 389      41434345 
 389      46464848 
 390 0069 696A6A6C 		.ascii	"ijjllnooqqssuvvxxz{{}}\177"
 390      6C6E6F6F 
 390      71717373 
 390      75767678 
 390      787A7B7B 
 391              		.section	.rodata.lut_scale_locrian,"a"
 392              		.align	2
 395              	lut_scale_locrian:
 396 0000 00010305 		.ascii	"\000\001\003\005\006\010\012\014\015\017\021\022\024"
 396      06080A0C 
 396      0D0F1112 
 396      14
 397 000d 1618191B 		.ascii	"\026\030\031\033\035\036 \"$%')*,.013568:<=?ABDFHIK"
 397      1D1E2022 
 397      24252729 
 397      2A2C2E30 
 397      31333536 
 398 002d 4D4E5052 		.ascii	"MNPRTUWYZ\\^`acefhjlmoqrtv"
 398      54555759 
 398      5A5C5E60 
 398      61636566 
 398      686A6C6D 
 399              		.section	.rodata.lut_scale_locrian_map,"a"
 400              		.align	2
 403              	lut_scale_locrian_map:
ARM GAS  /var/folders/84/_x1cyy_j36g486tldtwl37280000gn/T//cch5KVLM.s 			page 9


 404 0000 00010103 		.ascii	"\000\001\001\003\003\005\006\006\010\010\012\012\014"
 404      03050606 
 404      08080A0A 
 404      0C
 405 000d 0D0D0F0F 		.ascii	"\015\015\017\017\021\022\022\024\024\026\026\030\031"
 405      11121214 
 405      14161618 
 405      19
 406 001a 191B1B1D 		.ascii	"\031\033\033\035\036\036  \"\"$%%'')**,,..011335668"
 406      1E1E2020 
 406      22222425 
 406      25272729 
 406      2A2A2C2C 
 407 0039 383A3A3C 		.ascii	"8::<==??ABBDDFFHIIKKMNNPPRRTUUWWYZZ\\\\^^`aacceffhh"
 407      3D3D3F3F 
 407      41424244 
 407      44464648 
 407      49494B4B 
 408 006a 6A6A6C6D 		.ascii	"jjlmmooqrrttvvxyy{{}~~"
 408      6D6F6F71 
 408      72727474 
 408      76767879 
 408      797B7B7D 
 409              		.section	.rodata.lut_scale_lydian,"a"
 410              		.align	2
 413              	lut_scale_lydian:
 414 0000 00020406 		.ascii	"\000\002\004\006\007\011\013\014\016\020\022\023\025"
 414      07090B0C 
 414      0E101213 
 414      15
 415 000d 17181A1C 		.ascii	"\027\030\032\034\036\037!#$&(*+-/024679;<>@BCEGHJLN"
 415      1E1F2123 
 415      2426282A 
 415      2B2D2F30 
 415      32343637 
 416 002e 4F515354 		.ascii	"OQSTVXZ[]_`bdfgiklnprsuw"
 416      56585A5B 
 416      5D5F6062 
 416      64666769 
 416      6B6C6E70 
 417              		.section	.rodata.lut_scale_lydian_map,"a"
 418              		.align	2
 421              	lut_scale_lydian_map:
 422 0000 00000202 		.ascii	"\000\000\002\002\004\004\006\007\007\011\011\013\013"
 422      04040607 
 422      0709090B 
 422      0B
 423 000d 0C0C0E0E 		.ascii	"\014\014\016\016\020\020\022\023\023\025\025\027\027"
 423      10101213 
 423      13151517 
 423      17
 424 001a 18181A1A 		.ascii	"\030\030\032\032\034\034\036\037\037!!##$$&&((*++--"
 424      1C1C1E1F 
 424      1F212123 
 424      23242426 
 424      2628282A 
 425 0032 2F2F3030 		.ascii	"//00224467799;;<<>>@@BCCEEGGHHJJLLNOOQQSSTTVVXXZ[[]"
ARM GAS  /var/folders/84/_x1cyy_j36g486tldtwl37280000gn/T//cch5KVLM.s 			page 10


 425      32323434 
 425      36373739 
 425      393B3B3C 
 425      3C3E3E40 
 426 0065 5D5F5F60 		.ascii	"]__``bbddfggiikkllnnpprssuu"
 426      60626264 
 426      64666767 
 426      69696B6B 
 426      6C6C6E6E 
 427              		.section	.rodata.lut_scale_major,"a"
 428              		.align	2
 431              	lut_scale_major:
 432 0000 00020405 		.ascii	"\000\002\004\005\007\011\013\014\016\020\021\023\025"
 432      07090B0C 
 432      0E101113 
 432      15
 433 000d 17181A1C 		.ascii	"\027\030\032\034\035\037!#$&()+-/024579;<>@ACEGHJLM"
 433      1D1F2123 
 433      24262829 
 433      2B2D2F30 
 433      32343537 
 434 002e 4F515354 		.ascii	"OQSTVXY[]_`bdegiklnpqsuw"
 434      5658595B 
 434      5D5F6062 
 434      64656769 
 434      6B6C6E70 
 435              		.section	.rodata.lut_scale_major_map,"a"
 436              		.align	2
 439              	lut_scale_major_map:
 440 0000 00000202 		.ascii	"\000\000\002\002\004\005\005\007\007\011\011\013\014"
 440      04050507 
 440      0709090B 
 440      0C
 441 000d 0C0E0E10 		.ascii	"\014\016\016\020\021\021\023\023\025\025\027\030\030"
 441      11111313 
 441      15151718 
 441      18
 442 001a 1A1A1C1D 		.ascii	"\032\032\034\035\035\037\037!!#$$&&())++--/00224557"
 442      1D1F1F21 
 442      21232424 
 442      26262829 
 442      292B2B2D 
 443 0038 3739393B 		.ascii	"799;<<>>@AACCEEGHHJJLMMOOQQSTTVVXYY[[]]_``bbdeeggii"
 443      3C3C3E3E 
 443      40414143 
 443      43454547 
 443      48484A4A 
 444 006b 6B6C6C6E 		.ascii	"kllnnpqqssuuwxxzz|}}\177"
 444      6E707171 
 444      73737575 
 444      7778787A 
 444      7A7C7D7D 
 445              		.section	.rodata.lut_scale_minor,"a"
 446              		.align	2
 449              	lut_scale_minor:
 450 0000 00020305 		.ascii	"\000\002\003\005\007\010\012\014\016\017\021\023\024"
 450      07080A0C 
ARM GAS  /var/folders/84/_x1cyy_j36g486tldtwl37280000gn/T//cch5KVLM.s 			page 11


 450      0E0F1113 
 450      14
 451 000d 16181A1B 		.ascii	"\026\030\032\033\035\037 \"$&')+,.023578:<>?ACDFHJK"
 451      1D1F2022 
 451      24262729 
 451      2B2C2E30 
 451      32333537 
 452 002d 4D4F5052 		.ascii	"MOPRTVWY[\\^`bceghjlnoqstv"
 452      54565759 
 452      5B5C5E60 
 452      62636567 
 452      686A6C6E 
 453              		.section	.rodata.lut_scale_minor_map,"a"
 454              		.align	2
 457              	lut_scale_minor_map:
 458 0000 00000203 		.ascii	"\000\000\002\003\003\005\005\007\010\010\012\012\014"
 458      03050507 
 458      08080A0A 
 458      0C
 459 000d 0C0E0F0F 		.ascii	"\014\016\017\017\021\021\023\024\024\026\026\030\030"
 459      11111314 
 459      14161618 
 459      18
 460 001a 1A1B1B1D 		.ascii	"\032\033\033\035\035\037  \"\"$$&''))+,,..002335578"
 460      1D1F2020 
 460      22222424 
 460      26272729 
 460      292B2C2C 
 461 0039 383A3A3C 		.ascii	"8::<<>??AACDDFFHHJKKMMOPPRRTTVWWYY[\\\\^^``bcceeghh"
 461      3C3E3F3F 
 461      41414344 
 461      44464648 
 461      484A4B4B 
 462 006a 6A6A6C6C 		.ascii	"jjllnooqqsttvvxxz{{}}\177"
 462      6E6F6F71 
 462      71737474 
 462      76767878 
 462      7A7B7B7D 
 463              		.section	.rodata.lut_scale_mixolydian,"a"
 464              		.align	2
 467              	lut_scale_mixolydian:
 468 0000 00020405 		.ascii	"\000\002\004\005\007\011\012\014\016\020\021\023\025"
 468      07090A0C 
 468      0E101113 
 468      15
 469 000d 16181A1C 		.ascii	"\026\030\032\034\035\037!\"$&()+-.024579:<>@ACEFHJL"
 469      1D1F2122 
 469      24262829 
 469      2B2D2E30 
 469      32343537 
 470 002d 4D4F5152 		.ascii	"MOQRTVXY[]^`bdegijlnpqsuv"
 470      54565859 
 470      5B5D5E60 
 470      62646567 
 470      696A6C6E 
 471              		.section	.rodata.lut_scale_mixolydian_map,"a"
 472              		.align	2
ARM GAS  /var/folders/84/_x1cyy_j36g486tldtwl37280000gn/T//cch5KVLM.s 			page 12


 475              	lut_scale_mixolydian_map:
 476 0000 00000202 		.ascii	"\000\000\002\002\004\005\005\007\007\011\012\012\014"
 476      04050507 
 476      07090A0A 
 476      0C
 477 000d 0C0E0E10 		.ascii	"\014\016\016\020\021\021\023\023\025\026\026\030\030"
 477      11111313 
 477      15161618 
 477      18
 478 001a 1A1A1C1D 		.ascii	"\032\032\034\035\035\037\037!\"\"$$&&())++-..002245"
 478      1D1F1F21 
 478      22222424 
 478      26262829 
 478      292B2B2D 
 479 0036 35373739 		.ascii	"5779::<<>>@AACCEFFHHJJLMMOOQRRTTVVXYY[[]^^``bbdeegg"
 479      3A3A3C3C 
 479      3E3E4041 
 479      41434345 
 479      46464848 
 480 0069 696A6A6C 		.ascii	"ijjllnnpqqssuvvxxzz|}}\177"
 480      6C6E6E70 
 480      71717373 
 480      75767678 
 480      787A7A7C 
 481              		.section	.rodata.lut_scale_phrygian,"a"
 482              		.align	2
 485              	lut_scale_phrygian:
 486 0000 00010305 		.ascii	"\000\001\003\005\007\010\012\014\015\017\021\023\024"
 486      07080A0C 
 486      0D0F1113 
 486      14
 487 000d 1618191B 		.ascii	"\026\030\031\033\035\037 \"$%')+,.013578:<=?ACDFHIK"
 487      1D1F2022 
 487      24252729 
 487      2B2C2E30 
 487      31333537 
 488 002d 4D4F5052 		.ascii	"MOPRTUWY[\\^`aceghjlmoqstv"
 488      54555759 
 488      5B5C5E60 
 488      61636567 
 488      686A6C6D 
 489              		.section	.rodata.lut_scale_phrygian_map,"a"
 490              		.align	2
 493              	lut_scale_phrygian_map:
 494 0000 00010103 		.ascii	"\000\001\001\003\003\005\005\007\010\010\012\012\014"
 494      03050507 
 494      08080A0A 
 494      0C
 495 000d 0D0D0F0F 		.ascii	"\015\015\017\017\021\021\023\024\024\026\026\030\031"
 495      11111314 
 495      14161618 
 495      19
 496 001a 191B1B1D 		.ascii	"\031\033\033\035\035\037  \"\"$%%''))+,,..011335578"
 496      1D1F2020 
 496      22222425 
 496      25272729 
 496      292B2C2C 
ARM GAS  /var/folders/84/_x1cyy_j36g486tldtwl37280000gn/T//cch5KVLM.s 			page 13


 497 0039 383A3A3C 		.ascii	"8::<==??AACDDFFHIIKKMMOPPRRTUUWWYY[\\\\^^`aacceeghh"
 497      3D3D3F3F 
 497      41414344 
 497      44464648 
 497      49494B4B 
 498 006a 6A6A6C6D 		.ascii	"jjlmmooqqsttvvxyy{{}}\177"
 498      6D6F6F71 
 498      71737474 
 498      76767879 
 498      797B7B7D 
 499              		.text
 500              	.Letext0:
 501              		.file 1 "/usr/local/Caskroom/gcc-arm-embedded/9-2019-q4-major/gcc-arm-none-eabi-9-2019-q4-major/ar
 502              		.file 2 "/usr/local/Caskroom/gcc-arm-embedded/9-2019-q4-major/gcc-arm-none-eabi-9-2019-q4-major/ar
 503              		.file 3 "LookupTables/lookupTables.h"
 504              		.file 4 "LookupTables/lookupTables.cpp"
ARM GAS  /var/folders/84/_x1cyy_j36g486tldtwl37280000gn/T//cch5KVLM.s 			page 14


DEFINED SYMBOLS
                            *ABS*:0000000000000000 lookupTables.cpp
/var/folders/84/_x1cyy_j36g486tldtwl37280000gn/T//cch5KVLM.s:403    .rodata.lut_scale_locrian_map:0000000000000000 lut_scale_locrian_map
/var/folders/84/_x1cyy_j36g486tldtwl37280000gn/T//cch5KVLM.s:395    .rodata.lut_scale_locrian:0000000000000000 lut_scale_locrian
/var/folders/84/_x1cyy_j36g486tldtwl37280000gn/T//cch5KVLM.s:367    .rodata.lut_scale_aeolyian_map:0000000000000000 lut_scale_aeolyian_map
/var/folders/84/_x1cyy_j36g486tldtwl37280000gn/T//cch5KVLM.s:359    .rodata.lut_scale_aeolyian:0000000000000000 lut_scale_aeolyian
/var/folders/84/_x1cyy_j36g486tldtwl37280000gn/T//cch5KVLM.s:421    .rodata.lut_scale_lydian_map:0000000000000000 lut_scale_lydian_map
/var/folders/84/_x1cyy_j36g486tldtwl37280000gn/T//cch5KVLM.s:413    .rodata.lut_scale_lydian:0000000000000000 lut_scale_lydian
/var/folders/84/_x1cyy_j36g486tldtwl37280000gn/T//cch5KVLM.s:493    .rodata.lut_scale_phrygian_map:0000000000000000 lut_scale_phrygian_map
/var/folders/84/_x1cyy_j36g486tldtwl37280000gn/T//cch5KVLM.s:485    .rodata.lut_scale_phrygian:0000000000000000 lut_scale_phrygian
/var/folders/84/_x1cyy_j36g486tldtwl37280000gn/T//cch5KVLM.s:385    .rodata.lut_scale_dorian_map:0000000000000000 lut_scale_dorian_map
/var/folders/84/_x1cyy_j36g486tldtwl37280000gn/T//cch5KVLM.s:377    .rodata.lut_scale_dorian:0000000000000000 lut_scale_dorian
/var/folders/84/_x1cyy_j36g486tldtwl37280000gn/T//cch5KVLM.s:475    .rodata.lut_scale_mixolydian_map:0000000000000000 lut_scale_mixolydian_map
/var/folders/84/_x1cyy_j36g486tldtwl37280000gn/T//cch5KVLM.s:467    .rodata.lut_scale_mixolydian:0000000000000000 lut_scale_mixolydian
/var/folders/84/_x1cyy_j36g486tldtwl37280000gn/T//cch5KVLM.s:457    .rodata.lut_scale_minor_map:0000000000000000 lut_scale_minor_map
/var/folders/84/_x1cyy_j36g486tldtwl37280000gn/T//cch5KVLM.s:449    .rodata.lut_scale_minor:0000000000000000 lut_scale_minor
/var/folders/84/_x1cyy_j36g486tldtwl37280000gn/T//cch5KVLM.s:439    .rodata.lut_scale_major_map:0000000000000000 lut_scale_major_map
/var/folders/84/_x1cyy_j36g486tldtwl37280000gn/T//cch5KVLM.s:431    .rodata.lut_scale_major:0000000000000000 lut_scale_major
/var/folders/84/_x1cyy_j36g486tldtwl37280000gn/T//cch5KVLM.s:39     .rodata.lut_bpm_fractional_inc:0000000000000000 lut_bpm_fractional_inc
/var/folders/84/_x1cyy_j36g486tldtwl37280000gn/T//cch5KVLM.s:54     .rodata.lut_bpm_inc:0000000000000000 lut_bpm_inc
/var/folders/84/_x1cyy_j36g486tldtwl37280000gn/T//cch5KVLM.s:36     .rodata.lut_bpm_fractional_inc:0000000000000000 $d
/var/folders/84/_x1cyy_j36g486tldtwl37280000gn/T//cch5KVLM.s:51     .rodata.lut_bpm_inc:0000000000000000 $d
/var/folders/84/_x1cyy_j36g486tldtwl37280000gn/T//cch5KVLM.s:356    .rodata.lut_scale_aeolyian:0000000000000000 $d
/var/folders/84/_x1cyy_j36g486tldtwl37280000gn/T//cch5KVLM.s:364    .rodata.lut_scale_aeolyian_map:0000000000000000 $d
/var/folders/84/_x1cyy_j36g486tldtwl37280000gn/T//cch5KVLM.s:374    .rodata.lut_scale_dorian:0000000000000000 $d
/var/folders/84/_x1cyy_j36g486tldtwl37280000gn/T//cch5KVLM.s:382    .rodata.lut_scale_dorian_map:0000000000000000 $d
/var/folders/84/_x1cyy_j36g486tldtwl37280000gn/T//cch5KVLM.s:392    .rodata.lut_scale_locrian:0000000000000000 $d
/var/folders/84/_x1cyy_j36g486tldtwl37280000gn/T//cch5KVLM.s:400    .rodata.lut_scale_locrian_map:0000000000000000 $d
/var/folders/84/_x1cyy_j36g486tldtwl37280000gn/T//cch5KVLM.s:410    .rodata.lut_scale_lydian:0000000000000000 $d
/var/folders/84/_x1cyy_j36g486tldtwl37280000gn/T//cch5KVLM.s:418    .rodata.lut_scale_lydian_map:0000000000000000 $d
/var/folders/84/_x1cyy_j36g486tldtwl37280000gn/T//cch5KVLM.s:428    .rodata.lut_scale_major:0000000000000000 $d
/var/folders/84/_x1cyy_j36g486tldtwl37280000gn/T//cch5KVLM.s:436    .rodata.lut_scale_major_map:0000000000000000 $d
/var/folders/84/_x1cyy_j36g486tldtwl37280000gn/T//cch5KVLM.s:446    .rodata.lut_scale_minor:0000000000000000 $d
/var/folders/84/_x1cyy_j36g486tldtwl37280000gn/T//cch5KVLM.s:454    .rodata.lut_scale_minor_map:0000000000000000 $d
/var/folders/84/_x1cyy_j36g486tldtwl37280000gn/T//cch5KVLM.s:464    .rodata.lut_scale_mixolydian:0000000000000000 $d
/var/folders/84/_x1cyy_j36g486tldtwl37280000gn/T//cch5KVLM.s:472    .rodata.lut_scale_mixolydian_map:0000000000000000 $d
/var/folders/84/_x1cyy_j36g486tldtwl37280000gn/T//cch5KVLM.s:482    .rodata.lut_scale_phrygian:0000000000000000 $d
/var/folders/84/_x1cyy_j36g486tldtwl37280000gn/T//cch5KVLM.s:490    .rodata.lut_scale_phrygian_map:0000000000000000 $d

NO UNDEFINED SYMBOLS
