ARM GAS  /var/folders/84/_x1cyy_j36g486tldtwl37280000gn/T//ccRvaFsu.s 			page 1


   1              		.cpu cortex-m4
   2              		.eabi_attribute 27, 1
   3              		.eabi_attribute 28, 1
   4              		.eabi_attribute 20, 1
   5              		.eabi_attribute 21, 1
   6              		.eabi_attribute 23, 3
   7              		.eabi_attribute 24, 1
   8              		.eabi_attribute 25, 1
   9              		.eabi_attribute 26, 1
  10              		.eabi_attribute 30, 2
  11              		.eabi_attribute 34, 1
  12              		.eabi_attribute 18, 4
  13              		.file	"matrix.cpp"
  14              		.text
  15              	.Ltext0:
  16              		.cfi_sections	.debug_frame
  17              		.section	.text._ZN6Matrix4initEv,"ax",%progbits
  18              		.align	1
  19              		.p2align 2,,3
  20              		.global	_ZN6Matrix4initEv
  21              		.arch armv7e-m
  22              		.syntax unified
  23              		.thumb
  24              		.thumb_func
  25              		.fpu fpv4-sp-d16
  27              	_ZN6Matrix4initEv:
  28              	.LVL0:
  29              	.LFB1986:
  30              		.file 1 "Drivers/matrix.cpp"
   1:Drivers/matrix.cpp **** #include "matrix.h"
   2:Drivers/matrix.cpp **** 
   3:Drivers/matrix.cpp **** Matrix matrix;
   4:Drivers/matrix.cpp **** 
   5:Drivers/matrix.cpp **** void Matrix::init() {
  31              		.loc 1 5 21 view -0
  32              		.cfi_startproc
  33              		@ args = 0, pretend = 0, frame = 112
  34              		@ frame_needed = 0, uses_anonymous_args = 0
   6:Drivers/matrix.cpp **** 	GPIO_InitTypeDef GPIO_InitStruct = {0};
  35              		.loc 1 6 2 view .LVU1
   5:Drivers/matrix.cpp **** 	GPIO_InitTypeDef GPIO_InitStruct = {0};
  36              		.loc 1 5 21 is_stmt 0 view .LVU2
  37 0000 2DE9F043 		push	{r4, r5, r6, r7, r8, r9, lr}
  38              		.cfi_def_cfa_offset 28
  39              		.cfi_offset 4, -28
  40              		.cfi_offset 5, -24
  41              		.cfi_offset 6, -20
  42              		.cfi_offset 7, -16
  43              		.cfi_offset 8, -12
  44              		.cfi_offset 9, -8
  45              		.cfi_offset 14, -4
   7:Drivers/matrix.cpp **** 
   8:Drivers/matrix.cpp **** 	/**GPIO Configuration
   9:Drivers/matrix.cpp **** 	PE2     ------> Col 0
  10:Drivers/matrix.cpp **** 	PE3     ------> Col 1
  11:Drivers/matrix.cpp **** 	PE4     ------> Col 2
  12:Drivers/matrix.cpp **** 	PE6     ------> Latch SW row
ARM GAS  /var/folders/84/_x1cyy_j36g486tldtwl37280000gn/T//ccRvaFsu.s 			page 2


  13:Drivers/matrix.cpp **** 	*/
  14:Drivers/matrix.cpp **** 	GPIO_InitStruct.Pin = GPIO_PIN_2 | GPIO_PIN_3 | GPIO_PIN_4 | GPIO_PIN_6;
  15:Drivers/matrix.cpp **** 	GPIO_InitStruct.Mode = GPIO_MODE_OUTPUT_PP;
  16:Drivers/matrix.cpp **** 	GPIO_InitStruct.Pull = GPIO_NOPULL;
  17:Drivers/matrix.cpp **** 	GPIO_InitStruct.Speed = GPIO_SPEED_FREQ_VERY_HIGH;
  18:Drivers/matrix.cpp **** 	HAL_GPIO_Init(GPIOE, &GPIO_InitStruct);
  46              		.loc 1 18 15 view .LVU3
  47 0004 DFF8BC80 		ldr	r8, .L4+12
  19:Drivers/matrix.cpp **** 
  20:Drivers/matrix.cpp **** 	GPIOE->BSRR = GPIO_PIN_6;
  21:Drivers/matrix.cpp **** 
  22:Drivers/matrix.cpp **** 	/**GPIO Configuration
  23:Drivers/matrix.cpp **** 	PB8     ------> Latch LED row
  24:Drivers/matrix.cpp **** 	PB9     ------> Latch LED col
  25:Drivers/matrix.cpp **** 	*/
  26:Drivers/matrix.cpp **** 	GPIO_InitStruct.Pin = GPIO_PIN_8 | GPIO_PIN_9;
  27:Drivers/matrix.cpp **** 	GPIO_InitStruct.Mode = GPIO_MODE_OUTPUT_PP;
  28:Drivers/matrix.cpp **** 	GPIO_InitStruct.Pull = GPIO_NOPULL;
  29:Drivers/matrix.cpp **** 	GPIO_InitStruct.Speed = GPIO_SPEED_FREQ_VERY_HIGH;
  30:Drivers/matrix.cpp **** 	HAL_GPIO_Init(GPIOB, &GPIO_InitStruct);
  48              		.loc 1 30 15 view .LVU4
  49 0008 2B4E     		ldr	r6, .L4
   5:Drivers/matrix.cpp **** 	GPIO_InitTypeDef GPIO_InitStruct = {0};
  50              		.loc 1 5 21 view .LVU5
  51 000a 9DB0     		sub	sp, sp, #116
  52              		.cfi_def_cfa_offset 144
   6:Drivers/matrix.cpp **** 
  53              		.loc 1 6 19 view .LVU6
  54 000c 0024     		movs	r4, #0
  17:Drivers/matrix.cpp **** 	HAL_GPIO_Init(GPIOE, &GPIO_InitStruct);
  55              		.loc 1 17 24 view .LVU7
  56 000e 0325     		movs	r5, #3
  14:Drivers/matrix.cpp **** 	GPIO_InitStruct.Mode = GPIO_MODE_OUTPUT_PP;
  57              		.loc 1 14 22 view .LVU8
  58 0010 5C23     		movs	r3, #92
  20:Drivers/matrix.cpp **** 
  59              		.loc 1 20 14 view .LVU9
  60 0012 4FF04009 		mov	r9, #64
  18:Drivers/matrix.cpp **** 
  61              		.loc 1 18 15 view .LVU10
  62 0016 4046     		mov	r0, r8
  63              	.LVL1:
  18:Drivers/matrix.cpp **** 
  64              		.loc 1 18 15 view .LVU11
  65 0018 01A9     		add	r1, sp, #4
  15:Drivers/matrix.cpp **** 	GPIO_InitStruct.Pull = GPIO_NOPULL;
  66              		.loc 1 15 23 view .LVU12
  67 001a 0127     		movs	r7, #1
  14:Drivers/matrix.cpp **** 	GPIO_InitStruct.Mode = GPIO_MODE_OUTPUT_PP;
  68              		.loc 1 14 22 view .LVU13
  69 001c 0193     		str	r3, [sp, #4]
   6:Drivers/matrix.cpp **** 
  70              		.loc 1 6 19 view .LVU14
  71 001e 0594     		str	r4, [sp, #20]
  14:Drivers/matrix.cpp **** 	GPIO_InitStruct.Mode = GPIO_MODE_OUTPUT_PP;
  72              		.loc 1 14 2 is_stmt 1 view .LVU15
  15:Drivers/matrix.cpp **** 	GPIO_InitStruct.Pull = GPIO_NOPULL;
ARM GAS  /var/folders/84/_x1cyy_j36g486tldtwl37280000gn/T//ccRvaFsu.s 			page 3


  73              		.loc 1 15 2 view .LVU16
  16:Drivers/matrix.cpp **** 	GPIO_InitStruct.Speed = GPIO_SPEED_FREQ_VERY_HIGH;
  74              		.loc 1 16 23 is_stmt 0 view .LVU17
  75 0020 0394     		str	r4, [sp, #12]
  15:Drivers/matrix.cpp **** 	GPIO_InitStruct.Pull = GPIO_NOPULL;
  76              		.loc 1 15 23 view .LVU18
  77 0022 0297     		str	r7, [sp, #8]
  16:Drivers/matrix.cpp **** 	GPIO_InitStruct.Speed = GPIO_SPEED_FREQ_VERY_HIGH;
  78              		.loc 1 16 2 is_stmt 1 view .LVU19
  17:Drivers/matrix.cpp **** 	HAL_GPIO_Init(GPIOE, &GPIO_InitStruct);
  79              		.loc 1 17 2 view .LVU20
  17:Drivers/matrix.cpp **** 	HAL_GPIO_Init(GPIOE, &GPIO_InitStruct);
  80              		.loc 1 17 24 is_stmt 0 view .LVU21
  81 0024 0495     		str	r5, [sp, #16]
  18:Drivers/matrix.cpp **** 
  82              		.loc 1 18 2 is_stmt 1 view .LVU22
  18:Drivers/matrix.cpp **** 
  83              		.loc 1 18 15 is_stmt 0 view .LVU23
  84 0026 FFF7FEFF 		bl	HAL_GPIO_Init
  85              	.LVL2:
  20:Drivers/matrix.cpp **** 
  86              		.loc 1 20 2 is_stmt 1 view .LVU24
  20:Drivers/matrix.cpp **** 
  87              		.loc 1 20 14 is_stmt 0 view .LVU25
  88 002a C8F81890 		str	r9, [r8, #24]
  26:Drivers/matrix.cpp **** 	GPIO_InitStruct.Mode = GPIO_MODE_OUTPUT_PP;
  89              		.loc 1 26 2 is_stmt 1 view .LVU26
  26:Drivers/matrix.cpp **** 	GPIO_InitStruct.Mode = GPIO_MODE_OUTPUT_PP;
  90              		.loc 1 26 22 is_stmt 0 view .LVU27
  91 002e 4FF44072 		mov	r2, #768
  92              		.loc 1 30 15 view .LVU28
  93 0032 01A9     		add	r1, sp, #4
  94 0034 3046     		mov	r0, r6
  28:Drivers/matrix.cpp **** 	GPIO_InitStruct.Speed = GPIO_SPEED_FREQ_VERY_HIGH;
  95              		.loc 1 28 23 view .LVU29
  96 0036 CDE90274 		strd	r7, r4, [sp, #8]
  26:Drivers/matrix.cpp **** 	GPIO_InitStruct.Mode = GPIO_MODE_OUTPUT_PP;
  97              		.loc 1 26 22 view .LVU30
  98 003a 0192     		str	r2, [sp, #4]
  27:Drivers/matrix.cpp **** 	GPIO_InitStruct.Pull = GPIO_NOPULL;
  99              		.loc 1 27 2 is_stmt 1 view .LVU31
  28:Drivers/matrix.cpp **** 	GPIO_InitStruct.Speed = GPIO_SPEED_FREQ_VERY_HIGH;
 100              		.loc 1 28 2 view .LVU32
  29:Drivers/matrix.cpp **** 	HAL_GPIO_Init(GPIOB, &GPIO_InitStruct);
 101              		.loc 1 29 2 view .LVU33
 102              		.loc 1 30 2 view .LVU34
  29:Drivers/matrix.cpp **** 	HAL_GPIO_Init(GPIOB, &GPIO_InitStruct);
 103              		.loc 1 29 24 is_stmt 0 view .LVU35
 104 003c 0495     		str	r5, [sp, #16]
  31:Drivers/matrix.cpp **** 
  32:Drivers/matrix.cpp **** 	GPIOB->BSRR = GPIO_PIN_8;
  33:Drivers/matrix.cpp **** 	GPIOB->BSRR = GPIO_PIN_9;
 105              		.loc 1 33 14 view .LVU36
 106 003e 4FF40077 		mov	r7, #512
  30:Drivers/matrix.cpp **** 
 107              		.loc 1 30 15 view .LVU37
 108 0042 FFF7FEFF 		bl	HAL_GPIO_Init
ARM GAS  /var/folders/84/_x1cyy_j36g486tldtwl37280000gn/T//ccRvaFsu.s 			page 4


 109              	.LVL3:
  32:Drivers/matrix.cpp **** 	GPIOB->BSRR = GPIO_PIN_9;
 110              		.loc 1 32 2 is_stmt 1 view .LVU38
  32:Drivers/matrix.cpp **** 	GPIOB->BSRR = GPIO_PIN_9;
 111              		.loc 1 32 14 is_stmt 0 view .LVU39
 112 0046 4FF48070 		mov	r0, #256
 113 004a B061     		str	r0, [r6, #24]
 114              		.loc 1 33 2 is_stmt 1 view .LVU40
  34:Drivers/matrix.cpp **** 
  35:Drivers/matrix.cpp **** 	/**SPI3 GPIO Configuration
  36:Drivers/matrix.cpp **** 	PD6     ------> SPI3_MOSI
  37:Drivers/matrix.cpp **** 	PB3     ------> SPI3_SCK
  38:Drivers/matrix.cpp **** 	PB4     ------> SPI3_MISO
  39:Drivers/matrix.cpp **** 	*/
  40:Drivers/matrix.cpp **** 	GPIO_InitStruct.Pin = GPIO_PIN_6;
  41:Drivers/matrix.cpp **** 	GPIO_InitStruct.Mode = GPIO_MODE_AF_PP;
  42:Drivers/matrix.cpp **** 	GPIO_InitStruct.Pull = GPIO_NOPULL;
  43:Drivers/matrix.cpp **** 	GPIO_InitStruct.Speed = GPIO_SPEED_FREQ_VERY_HIGH;
  44:Drivers/matrix.cpp **** 	GPIO_InitStruct.Alternate = GPIO_AF5_SPI1;	// yes SPI_1 for some reason
 115              		.loc 1 44 28 is_stmt 0 view .LVU41
 116 004c 0523     		movs	r3, #5
  33:Drivers/matrix.cpp **** 
 117              		.loc 1 33 14 view .LVU42
 118 004e B761     		str	r7, [r6, #24]
  40:Drivers/matrix.cpp **** 	GPIO_InitStruct.Mode = GPIO_MODE_AF_PP;
 119              		.loc 1 40 2 is_stmt 1 view .LVU43
  45:Drivers/matrix.cpp **** 	HAL_GPIO_Init(GPIOD, &GPIO_InitStruct);
 120              		.loc 1 45 15 is_stmt 0 view .LVU44
 121 0050 01A9     		add	r1, sp, #4
  41:Drivers/matrix.cpp **** 	GPIO_InitStruct.Pull = GPIO_NOPULL;
 122              		.loc 1 41 23 view .LVU45
 123 0052 4FF00208 		mov	r8, #2
 124              		.loc 1 45 15 view .LVU46
 125 0056 1948     		ldr	r0, .L4+4
  44:Drivers/matrix.cpp **** 	HAL_GPIO_Init(GPIOD, &GPIO_InitStruct);
 126              		.loc 1 44 28 view .LVU47
 127 0058 0593     		str	r3, [sp, #20]
  43:Drivers/matrix.cpp **** 	GPIO_InitStruct.Alternate = GPIO_AF5_SPI1;	// yes SPI_1 for some reason
 128              		.loc 1 43 24 view .LVU48
 129 005a CDE90345 		strd	r4, r5, [sp, #12]
  40:Drivers/matrix.cpp **** 	GPIO_InitStruct.Mode = GPIO_MODE_AF_PP;
 130              		.loc 1 40 22 view .LVU49
 131 005e CDF80490 		str	r9, [sp, #4]
  41:Drivers/matrix.cpp **** 	GPIO_InitStruct.Pull = GPIO_NOPULL;
 132              		.loc 1 41 2 is_stmt 1 view .LVU50
  41:Drivers/matrix.cpp **** 	GPIO_InitStruct.Pull = GPIO_NOPULL;
 133              		.loc 1 41 23 is_stmt 0 view .LVU51
 134 0062 CDF80880 		str	r8, [sp, #8]
  42:Drivers/matrix.cpp **** 	GPIO_InitStruct.Speed = GPIO_SPEED_FREQ_VERY_HIGH;
 135              		.loc 1 42 2 is_stmt 1 view .LVU52
  43:Drivers/matrix.cpp **** 	GPIO_InitStruct.Alternate = GPIO_AF5_SPI1;	// yes SPI_1 for some reason
 136              		.loc 1 43 2 view .LVU53
  44:Drivers/matrix.cpp **** 	HAL_GPIO_Init(GPIOD, &GPIO_InitStruct);
 137              		.loc 1 44 2 view .LVU54
 138              		.loc 1 45 2 view .LVU55
 139              		.loc 1 45 15 is_stmt 0 view .LVU56
 140 0066 FFF7FEFF 		bl	HAL_GPIO_Init
ARM GAS  /var/folders/84/_x1cyy_j36g486tldtwl37280000gn/T//ccRvaFsu.s 			page 5


 141              	.LVL4:
  46:Drivers/matrix.cpp **** 
  47:Drivers/matrix.cpp **** 	GPIO_InitStruct.Pin = GPIO_PIN_3 | GPIO_PIN_4;
 142              		.loc 1 47 2 is_stmt 1 view .LVU57
  48:Drivers/matrix.cpp **** 	GPIO_InitStruct.Mode = GPIO_MODE_AF_PP;
  49:Drivers/matrix.cpp **** 	GPIO_InitStruct.Pull = GPIO_NOPULL;
  50:Drivers/matrix.cpp **** 	GPIO_InitStruct.Speed = GPIO_SPEED_FREQ_VERY_HIGH;
  51:Drivers/matrix.cpp **** 	GPIO_InitStruct.Alternate = GPIO_AF6_SPI3;
 143              		.loc 1 51 28 is_stmt 0 view .LVU58
 144 006a 0622     		movs	r2, #6
  52:Drivers/matrix.cpp **** 	HAL_GPIO_Init(GPIOB, &GPIO_InitStruct);
 145              		.loc 1 52 15 view .LVU59
 146 006c 01A9     		add	r1, sp, #4
 147 006e 3046     		mov	r0, r6
  50:Drivers/matrix.cpp **** 	GPIO_InitStruct.Alternate = GPIO_AF6_SPI3;
 148              		.loc 1 50 24 view .LVU60
 149 0070 0495     		str	r5, [sp, #16]
  47:Drivers/matrix.cpp **** 	GPIO_InitStruct.Mode = GPIO_MODE_AF_PP;
 150              		.loc 1 47 22 view .LVU61
 151 0072 1826     		movs	r6, #24
  53:Drivers/matrix.cpp **** 
  54:Drivers/matrix.cpp **** 	// SPI3
  55:Drivers/matrix.cpp **** 	SPI_HandleTypeDef hspi3;
  56:Drivers/matrix.cpp **** 	hspi3.Instance = SPI3;
 152              		.loc 1 56 17 view .LVU62
 153 0074 124D     		ldr	r5, .L4+8
  47:Drivers/matrix.cpp **** 	GPIO_InitStruct.Mode = GPIO_MODE_AF_PP;
 154              		.loc 1 47 22 view .LVU63
 155 0076 0196     		str	r6, [sp, #4]
  48:Drivers/matrix.cpp **** 	GPIO_InitStruct.Pull = GPIO_NOPULL;
 156              		.loc 1 48 2 is_stmt 1 view .LVU64
  49:Drivers/matrix.cpp **** 	GPIO_InitStruct.Speed = GPIO_SPEED_FREQ_VERY_HIGH;
 157              		.loc 1 49 2 view .LVU65
  50:Drivers/matrix.cpp **** 	GPIO_InitStruct.Alternate = GPIO_AF6_SPI3;
 158              		.loc 1 50 2 view .LVU66
  51:Drivers/matrix.cpp **** 	HAL_GPIO_Init(GPIOB, &GPIO_InitStruct);
 159              		.loc 1 51 2 view .LVU67
  49:Drivers/matrix.cpp **** 	GPIO_InitStruct.Speed = GPIO_SPEED_FREQ_VERY_HIGH;
 160              		.loc 1 49 23 is_stmt 0 view .LVU68
 161 0078 CDE90284 		strd	r8, r4, [sp, #8]
  51:Drivers/matrix.cpp **** 	HAL_GPIO_Init(GPIOB, &GPIO_InitStruct);
 162              		.loc 1 51 28 view .LVU69
 163 007c 0592     		str	r2, [sp, #20]
  52:Drivers/matrix.cpp **** 
 164              		.loc 1 52 2 is_stmt 1 view .LVU70
  57:Drivers/matrix.cpp **** 	hspi3.Init.Mode = SPI_MODE_MASTER;
  58:Drivers/matrix.cpp **** 	hspi3.Init.Direction = SPI_DIRECTION_2LINES;
  59:Drivers/matrix.cpp **** 	hspi3.Init.DataSize = SPI_DATASIZE_8BIT;
  60:Drivers/matrix.cpp **** 	hspi3.Init.CLKPolarity = SPI_POLARITY_LOW;
  61:Drivers/matrix.cpp **** 	hspi3.Init.CLKPhase = SPI_PHASE_1EDGE;
  62:Drivers/matrix.cpp **** 	hspi3.Init.NSS = SPI_NSS_SOFT;
  63:Drivers/matrix.cpp **** 	hspi3.Init.BaudRatePrescaler = SPI_BAUDRATEPRESCALER_32;
 165              		.loc 1 63 31 is_stmt 0 view .LVU71
 166 007e 2026     		movs	r6, #32
  52:Drivers/matrix.cpp **** 
 167              		.loc 1 52 15 view .LVU72
 168 0080 FFF7FEFF 		bl	HAL_GPIO_Init
ARM GAS  /var/folders/84/_x1cyy_j36g486tldtwl37280000gn/T//ccRvaFsu.s 			page 6


 169              	.LVL5:
  55:Drivers/matrix.cpp **** 	hspi3.Instance = SPI3;
 170              		.loc 1 55 2 is_stmt 1 view .LVU73
  56:Drivers/matrix.cpp **** 	hspi3.Init.Mode = SPI_MODE_MASTER;
 171              		.loc 1 56 2 view .LVU74
  57:Drivers/matrix.cpp **** 	hspi3.Init.Mode = SPI_MODE_MASTER;
 172              		.loc 1 57 18 is_stmt 0 view .LVU75
 173 0084 4FF48271 		mov	r1, #260
  64:Drivers/matrix.cpp **** 	hspi3.Init.FirstBit = SPI_FIRSTBIT_MSB;
  65:Drivers/matrix.cpp **** 	hspi3.Init.TIMode = SPI_TIMODE_DISABLE;
  66:Drivers/matrix.cpp **** 	hspi3.Init.CRCCalculation = SPI_CRCCALCULATION_DISABLE;
  67:Drivers/matrix.cpp **** 	hspi3.Init.CRCPolynomial = 10;
 174              		.loc 1 67 27 view .LVU76
 175 0088 0A23     		movs	r3, #10
  68:Drivers/matrix.cpp **** 	HAL_SPI_Init(&hspi3);
 176              		.loc 1 68 14 view .LVU77
 177 008a 06A8     		add	r0, sp, #24
  62:Drivers/matrix.cpp **** 	hspi3.Init.BaudRatePrescaler = SPI_BAUDRATEPRESCALER_32;
 178              		.loc 1 62 17 view .LVU78
 179 008c CDE90B47 		strd	r4, r7, [sp, #44]
  60:Drivers/matrix.cpp **** 	hspi3.Init.CLKPhase = SPI_PHASE_1EDGE;
 180              		.loc 1 60 25 view .LVU79
 181 0090 CDE90944 		strd	r4, r4, [sp, #36]
  65:Drivers/matrix.cpp **** 	hspi3.Init.CRCCalculation = SPI_CRCCALCULATION_DISABLE;
 182              		.loc 1 65 20 view .LVU80
 183 0094 CDE90E44 		strd	r4, r4, [sp, #56]
  58:Drivers/matrix.cpp **** 	hspi3.Init.DataSize = SPI_DATASIZE_8BIT;
 184              		.loc 1 58 23 view .LVU81
 185 0098 0894     		str	r4, [sp, #32]
  66:Drivers/matrix.cpp **** 	hspi3.Init.CRCPolynomial = 10;
 186              		.loc 1 66 28 view .LVU82
 187 009a 1094     		str	r4, [sp, #64]
  57:Drivers/matrix.cpp **** 	hspi3.Init.Direction = SPI_DIRECTION_2LINES;
 188              		.loc 1 57 18 view .LVU83
 189 009c CDE90651 		strd	r5, r1, [sp, #24]
  58:Drivers/matrix.cpp **** 	hspi3.Init.DataSize = SPI_DATASIZE_8BIT;
 190              		.loc 1 58 2 is_stmt 1 view .LVU84
  59:Drivers/matrix.cpp **** 	hspi3.Init.CLKPolarity = SPI_POLARITY_LOW;
 191              		.loc 1 59 2 view .LVU85
  60:Drivers/matrix.cpp **** 	hspi3.Init.CLKPhase = SPI_PHASE_1EDGE;
 192              		.loc 1 60 2 view .LVU86
  61:Drivers/matrix.cpp **** 	hspi3.Init.NSS = SPI_NSS_SOFT;
 193              		.loc 1 61 2 view .LVU87
  62:Drivers/matrix.cpp **** 	hspi3.Init.BaudRatePrescaler = SPI_BAUDRATEPRESCALER_32;
 194              		.loc 1 62 2 view .LVU88
  63:Drivers/matrix.cpp **** 	hspi3.Init.FirstBit = SPI_FIRSTBIT_MSB;
 195              		.loc 1 63 2 view .LVU89
  63:Drivers/matrix.cpp **** 	hspi3.Init.FirstBit = SPI_FIRSTBIT_MSB;
 196              		.loc 1 63 31 is_stmt 0 view .LVU90
 197 00a0 0D96     		str	r6, [sp, #52]
  64:Drivers/matrix.cpp **** 	hspi3.Init.TIMode = SPI_TIMODE_DISABLE;
 198              		.loc 1 64 2 is_stmt 1 view .LVU91
  65:Drivers/matrix.cpp **** 	hspi3.Init.CRCCalculation = SPI_CRCCALCULATION_DISABLE;
 199              		.loc 1 65 2 view .LVU92
  66:Drivers/matrix.cpp **** 	hspi3.Init.CRCPolynomial = 10;
 200              		.loc 1 66 2 view .LVU93
  67:Drivers/matrix.cpp **** 	HAL_SPI_Init(&hspi3);
ARM GAS  /var/folders/84/_x1cyy_j36g486tldtwl37280000gn/T//ccRvaFsu.s 			page 7


 201              		.loc 1 67 2 view .LVU94
  67:Drivers/matrix.cpp **** 	HAL_SPI_Init(&hspi3);
 202              		.loc 1 67 27 is_stmt 0 view .LVU95
 203 00a2 1193     		str	r3, [sp, #68]
 204              		.loc 1 68 2 is_stmt 1 view .LVU96
 205              		.loc 1 68 14 is_stmt 0 view .LVU97
 206 00a4 FFF7FEFF 		bl	HAL_SPI_Init
 207              	.LVL6:
  69:Drivers/matrix.cpp **** 	__HAL_SPI_ENABLE(&hspi3);
 208              		.loc 1 69 2 is_stmt 1 view .LVU98
 209 00a8 069C     		ldr	r4, [sp, #24]
 210 00aa 2768     		ldr	r7, [r4]
 211 00ac 47EA0900 		orr	r0, r7, r9
 212 00b0 2060     		str	r0, [r4]
  70:Drivers/matrix.cpp **** }
 213              		.loc 1 70 1 is_stmt 0 view .LVU99
 214 00b2 1DB0     		add	sp, sp, #116
 215              		.cfi_def_cfa_offset 28
 216              		@ sp needed
 217 00b4 BDE8F083 		pop	{r4, r5, r6, r7, r8, r9, pc}
 218              	.L5:
 219              		.align	2
 220              	.L4:
 221 00b8 00040240 		.word	1073873920
 222 00bc 000C0240 		.word	1073875968
 223 00c0 003C0040 		.word	1073757184
 224 00c4 00100240 		.word	1073876992
 225              		.cfi_endproc
 226              	.LFE1986:
 228              		.section	.text.startup._GLOBAL__sub_I_matrix,"ax",%progbits
 229              		.align	1
 230              		.p2align 2,,3
 231              		.syntax unified
 232              		.thumb
 233              		.thumb_func
 234              		.fpu fpv4-sp-d16
 236              	_GLOBAL__sub_I_matrix:
 237              	.LFB2442:
 238              		.loc 1 70 1 is_stmt 1 view -0
 239              		.cfi_startproc
 240              		@ args = 0, pretend = 0, frame = 0
 241              		@ frame_needed = 0, uses_anonymous_args = 0
 242              		@ link register save eliminated.
 243              	.LVL7:
 244              	.LBB10:
 245              	.LBI10:
 246              		.loc 1 70 1 view .LVU101
 247              	.LBB11:
 248              	.LBB12:
 249              	.LBI12:
 250              		.file 2 "Drivers/matrix.h"
   1:Drivers/matrix.h **** #ifndef Matrix_h
   2:Drivers/matrix.h **** #define Matrix_h
   3:Drivers/matrix.h **** 
   4:Drivers/matrix.h **** #include "stmf4lib.h"
   5:Drivers/matrix.h **** #include "micros.h"
   6:Drivers/matrix.h **** 
ARM GAS  /var/folders/84/_x1cyy_j36g486tldtwl37280000gn/T//ccRvaFsu.s 			page 8


   7:Drivers/matrix.h **** // Button led matrix 8x16
   8:Drivers/matrix.h **** 
   9:Drivers/matrix.h **** class Matrix {
 251              		.loc 2 9 7 view .LVU102
 252              	.LBB13:
 253 0000 024B     		ldr	r3, .L7
 254 0002 0022     		movs	r2, #0
 255 0004 1A70     		strb	r2, [r3]
 256 0006 5A70     		strb	r2, [r3, #1]
 257              	.LVL8:
 258              		.loc 2 9 7 is_stmt 0 view .LVU103
 259              	.LBE13:
 260              	.LBE12:
 261              	.LBE11:
 262              	.LBE10:
 263              		.loc 1 70 1 view .LVU104
 264 0008 7047     		bx	lr
 265              	.L8:
 266 000a 00BF     		.align	2
 267              	.L7:
 268 000c 00000000 		.word	.LANCHOR0
 269              		.cfi_endproc
 270              	.LFE2442:
 272              		.section	.init_array,"aw",%init_array
 273              		.align	2
 274 0000 00000000 		.word	_GLOBAL__sub_I_matrix(target1)
 275              		.global	matrix
 276              		.section	.bss.matrix,"aw",%nobits
 277              		.align	2
 278              		.set	.LANCHOR0,. + 0
 281              	matrix:
 282 0000 00000000 		.space	34
 282      00000000 
 282      00000000 
 282      00000000 
 282      00000000 
 283              		.text
 284              	.Letext0:
 285              		.file 3 "/usr/local/Caskroom/gcc-arm-embedded/9-2019-q4-major/gcc-arm-none-eabi-9-2019-q4-major/ar
 286              		.file 4 "/usr/local/Caskroom/gcc-arm-embedded/9-2019-q4-major/gcc-arm-none-eabi-9-2019-q4-major/ar
 287              		.file 5 "/usr/local/Caskroom/gcc-arm-embedded/9-2019-q4-major/gcc-arm-none-eabi-9-2019-q4-major/ar
 288              		.file 6 "/Users/joostbooy/STM32Cube/Repository/STM32Cube_FW_F4_V1.26.1/Drivers/CMSIS/Include/core_
 289              		.file 7 "/Users/joostbooy/STM32Cube/Repository/STM32Cube_FW_F4_V1.26.1/Drivers/CMSIS/Device/ST/STM
 290              		.file 8 "/Users/joostbooy/STM32Cube/Repository/STM32Cube_FW_F4_V1.26.1/Drivers/CMSIS/Device/ST/STM
 291              		.file 9 "/usr/local/Caskroom/gcc-arm-embedded/9-2019-q4-major/gcc-arm-none-eabi-9-2019-q4-major/li
 292              		.file 10 "/Users/joostbooy/STM32Cube/Repository/STM32Cube_FW_F4_V1.26.1/Drivers/STM32F4xx_HAL_Driv
 293              		.file 11 "/Users/joostbooy/STM32Cube/Repository/STM32Cube_FW_F4_V1.26.1/Drivers/STM32F4xx_HAL_Driv
 294              		.file 12 "/Users/joostbooy/STM32Cube/Repository/STM32Cube_FW_F4_V1.26.1/Drivers/STM32F4xx_HAL_Driv
 295              		.file 13 "/Users/joostbooy/STM32Cube/Repository/STM32Cube_FW_F4_V1.26.1/Drivers/STM32F4xx_HAL_Driv
 296              		.file 14 "/Users/joostbooy/STM32Cube/Repository/STM32Cube_FW_F4_V1.26.1/Drivers/STM32F4xx_HAL_Driv
 297              		.file 15 "/usr/local/Caskroom/gcc-arm-embedded/9-2019-q4-major/gcc-arm-none-eabi-9-2019-q4-major/a
 298              		.file 16 "/usr/local/Caskroom/gcc-arm-embedded/9-2019-q4-major/gcc-arm-none-eabi-9-2019-q4-major/a
 299              		.file 17 "/usr/local/Caskroom/gcc-arm-embedded/9-2019-q4-major/gcc-arm-none-eabi-9-2019-q4-major/a
 300              		.file 18 "/usr/local/Caskroom/gcc-arm-embedded/9-2019-q4-major/gcc-arm-none-eabi-9-2019-q4-major/a
 301              		.file 19 "/usr/local/Caskroom/gcc-arm-embedded/9-2019-q4-major/gcc-arm-none-eabi-9-2019-q4-major/a
 302              		.file 20 "/usr/local/Caskroom/gcc-arm-embedded/9-2019-q4-major/gcc-arm-none-eabi-9-2019-q4-major/a
 303              		.file 21 "/usr/local/Caskroom/gcc-arm-embedded/9-2019-q4-major/gcc-arm-none-eabi-9-2019-q4-major/a
ARM GAS  /var/folders/84/_x1cyy_j36g486tldtwl37280000gn/T//ccRvaFsu.s 			page 9


 304              		.file 22 "/usr/local/Caskroom/gcc-arm-embedded/9-2019-q4-major/gcc-arm-none-eabi-9-2019-q4-major/a
 305              		.file 23 "/usr/local/Caskroom/gcc-arm-embedded/9-2019-q4-major/gcc-arm-none-eabi-9-2019-q4-major/a
 306              		.file 24 "/usr/local/Caskroom/gcc-arm-embedded/9-2019-q4-major/gcc-arm-none-eabi-9-2019-q4-major/a
 307              		.file 25 "/usr/local/Caskroom/gcc-arm-embedded/9-2019-q4-major/gcc-arm-none-eabi-9-2019-q4-major/a
 308              		.file 26 "/usr/local/Caskroom/gcc-arm-embedded/9-2019-q4-major/gcc-arm-none-eabi-9-2019-q4-major/a
 309              		.file 27 "/usr/local/Caskroom/gcc-arm-embedded/9-2019-q4-major/gcc-arm-none-eabi-9-2019-q4-major/a
 310              		.file 28 "/usr/local/Caskroom/gcc-arm-embedded/9-2019-q4-major/gcc-arm-none-eabi-9-2019-q4-major/a
 311              		.file 29 "/usr/local/Caskroom/gcc-arm-embedded/9-2019-q4-major/gcc-arm-none-eabi-9-2019-q4-major/a
 312              		.file 30 "/usr/local/Caskroom/gcc-arm-embedded/9-2019-q4-major/gcc-arm-none-eabi-9-2019-q4-major/a
 313              		.file 31 "/usr/local/Caskroom/gcc-arm-embedded/9-2019-q4-major/gcc-arm-none-eabi-9-2019-q4-major/a
 314              		.file 32 "/usr/local/Caskroom/gcc-arm-embedded/9-2019-q4-major/gcc-arm-none-eabi-9-2019-q4-major/a
 315              		.file 33 "/usr/local/Caskroom/gcc-arm-embedded/9-2019-q4-major/gcc-arm-none-eabi-9-2019-q4-major/a
 316              		.file 34 "/usr/local/Caskroom/gcc-arm-embedded/9-2019-q4-major/gcc-arm-none-eabi-9-2019-q4-major/a
 317              		.file 35 "/usr/local/Caskroom/gcc-arm-embedded/9-2019-q4-major/gcc-arm-none-eabi-9-2019-q4-major/a
 318              		.file 36 "/usr/local/Caskroom/gcc-arm-embedded/9-2019-q4-major/gcc-arm-none-eabi-9-2019-q4-major/a
 319              		.file 37 "/usr/local/Caskroom/gcc-arm-embedded/9-2019-q4-major/gcc-arm-none-eabi-9-2019-q4-major/a
 320              		.file 38 "/usr/local/Caskroom/gcc-arm-embedded/9-2019-q4-major/gcc-arm-none-eabi-9-2019-q4-major/a
 321              		.file 39 "/usr/local/Caskroom/gcc-arm-embedded/9-2019-q4-major/gcc-arm-none-eabi-9-2019-q4-major/l
 322              		.file 40 "<built-in>"
 323              		.file 41 "/usr/local/Caskroom/gcc-arm-embedded/9-2019-q4-major/gcc-arm-none-eabi-9-2019-q4-major/a
 324              		.file 42 "/usr/local/Caskroom/gcc-arm-embedded/9-2019-q4-major/gcc-arm-none-eabi-9-2019-q4-major/a
 325              		.file 43 "/usr/local/Caskroom/gcc-arm-embedded/9-2019-q4-major/gcc-arm-none-eabi-9-2019-q4-major/a
 326              		.file 44 "/usr/local/Caskroom/gcc-arm-embedded/9-2019-q4-major/gcc-arm-none-eabi-9-2019-q4-major/a
 327              		.file 45 "/usr/local/Caskroom/gcc-arm-embedded/9-2019-q4-major/gcc-arm-none-eabi-9-2019-q4-major/a
 328              		.file 46 "/usr/local/Caskroom/gcc-arm-embedded/9-2019-q4-major/gcc-arm-none-eabi-9-2019-q4-major/a
 329              		.file 47 "/usr/local/Caskroom/gcc-arm-embedded/9-2019-q4-major/gcc-arm-none-eabi-9-2019-q4-major/a
 330              		.file 48 "/usr/local/Caskroom/gcc-arm-embedded/9-2019-q4-major/gcc-arm-none-eabi-9-2019-q4-major/a
 331              		.file 49 "/usr/local/Caskroom/gcc-arm-embedded/9-2019-q4-major/gcc-arm-none-eabi-9-2019-q4-major/a
 332              		.file 50 "Drivers/micros.h"
ARM GAS  /var/folders/84/_x1cyy_j36g486tldtwl37280000gn/T//ccRvaFsu.s 			page 10


DEFINED SYMBOLS
                            *ABS*:0000000000000000 matrix.cpp
/var/folders/84/_x1cyy_j36g486tldtwl37280000gn/T//ccRvaFsu.s:18     .text._ZN6Matrix4initEv:0000000000000000 $t
/var/folders/84/_x1cyy_j36g486tldtwl37280000gn/T//ccRvaFsu.s:27     .text._ZN6Matrix4initEv:0000000000000000 _ZN6Matrix4initEv
/var/folders/84/_x1cyy_j36g486tldtwl37280000gn/T//ccRvaFsu.s:221    .text._ZN6Matrix4initEv:00000000000000b8 $d
/var/folders/84/_x1cyy_j36g486tldtwl37280000gn/T//ccRvaFsu.s:229    .text.startup._GLOBAL__sub_I_matrix:0000000000000000 $t
/var/folders/84/_x1cyy_j36g486tldtwl37280000gn/T//ccRvaFsu.s:236    .text.startup._GLOBAL__sub_I_matrix:0000000000000000 _GLOBAL__sub_I_matrix
/var/folders/84/_x1cyy_j36g486tldtwl37280000gn/T//ccRvaFsu.s:268    .text.startup._GLOBAL__sub_I_matrix:000000000000000c $d
/var/folders/84/_x1cyy_j36g486tldtwl37280000gn/T//ccRvaFsu.s:273    .init_array:0000000000000000 $d
/var/folders/84/_x1cyy_j36g486tldtwl37280000gn/T//ccRvaFsu.s:281    .bss.matrix:0000000000000000 matrix
/var/folders/84/_x1cyy_j36g486tldtwl37280000gn/T//ccRvaFsu.s:277    .bss.matrix:0000000000000000 $d

UNDEFINED SYMBOLS
HAL_GPIO_Init
HAL_SPI_Init
