ARM GAS  /var/folders/84/_x1cyy_j36g486tldtwl37280000gn/T//ccj5762X.s 			page 1


   1              		.cpu cortex-m4
   2              		.eabi_attribute 27, 1
   3              		.eabi_attribute 28, 1
   4              		.eabi_attribute 20, 1
   5              		.eabi_attribute 21, 1
   6              		.eabi_attribute 23, 3
   7              		.eabi_attribute 24, 1
   8              		.eabi_attribute 25, 1
   9              		.eabi_attribute 26, 1
  10              		.eabi_attribute 30, 2
  11              		.eabi_attribute 34, 1
  12              		.eabi_attribute 18, 4
  13              		.file	"noteTrack.cpp"
  14              		.text
  15              	.Ltext0:
  16              		.cfi_sections	.debug_frame
  17              		.global	_ZN9NoteTrack11track_item_E
  18              		.global	_ZN9NoteTrack11track_mask_E
  19              		.global	_ZN9NoteTrack10step_item_E
  20              		.global	_ZN9NoteTrack10step_mask_E
  21              		.section	.data._ZN9NoteTrack10step_item_E,"aw"
  22              		.align	2
  25              	_ZN9NoteTrack10step_item_E:
  26 0000 00000000 		.word	0
  27 0004 01000000 		.word	1
  28 0008 01000000 		.word	1
  29 000c 00000000 		.word	0
  30 0010 00000000 		.word	_ZN9NoteTrack10step_mask_E
  31 0014 00000000 		.space	4
  32 0018 00000000 		.word	0
  33 001c 7F000000 		.word	127
  34 0020 0C000000 		.word	12
  35 0024 3C000000 		.word	60
  36 0028 08000000 		.word	_ZN9NoteTrack10step_mask_E+8
  37 002c 00000000 		.space	4
  38 0030 00000000 		.word	0
  39 0034 7F000000 		.word	127
  40 0038 0A000000 		.word	10
  41 003c 64000000 		.word	100
  42 0040 10000000 		.word	_ZN9NoteTrack10step_mask_E+16
  43 0044 00000000 		.space	4
  44 0048 01000000 		.word	1
  45 004c 40000000 		.word	64
  46 0050 04000000 		.word	4
  47 0054 04000000 		.word	4
  48 0058 18000000 		.word	_ZN9NoteTrack10step_mask_E+24
  49 005c 00000000 		.space	4
  50 0060 00000000 		.word	0
  51 0064 0E000000 		.word	14
  52 0068 02000000 		.word	2
  53 006c 07000000 		.word	7
  54 0070 20000000 		.word	_ZN9NoteTrack10step_mask_E+32
  55 0074 00000000 		.space	4
  56 0078 00000000 		.word	0
  57 007c 06000000 		.word	6
  58 0080 02000000 		.word	2
  59 0084 03000000 		.word	3
ARM GAS  /var/folders/84/_x1cyy_j36g486tldtwl37280000gn/T//ccj5762X.s 			page 2


  60 0088 28000000 		.word	_ZN9NoteTrack10step_mask_E+40
  61 008c 00000000 		.space	4
  62 0090 00000000 		.word	0
  63 0094 02000000 		.word	2
  64 0098 01000000 		.word	1
  65 009c 01000000 		.word	1
  66 00a0 30000000 		.word	_ZN9NoteTrack10step_mask_E+48
  67 00a4 00000000 		.space	4
  68 00a8 00000000 		.word	0
  69 00ac 03000000 		.word	3
  70 00b0 01000000 		.word	1
  71 00b4 00000000 		.word	0
  72 00b8 38000000 		.word	_ZN9NoteTrack10step_mask_E+56
  73 00bc 00000000 		.space	4
  74 00c0 00000000 		.word	0
  75 00c4 07000000 		.word	7
  76 00c8 02000000 		.word	2
  77 00cc 07000000 		.word	7
  78 00d0 40000000 		.word	_ZN9NoteTrack10step_mask_E+64
  79 00d4 00000000 		.space	4
  80              		.section	.data._ZN9NoteTrack10step_mask_E,"aw"
  81              		.align	2
  84              	_ZN9NoteTrack10step_mask_E:
  85 0000 00       		.byte	0
  86 0001 01       		.byte	1
  87 0002 00       		.byte	0
  88 0003 00       		.space	1
  89 0004 01000000 		.word	1
  90 0008 00       		.byte	0
  91 0009 07       		.byte	7
  92 000a 01       		.byte	1
  93 000b 00       		.space	1
  94 000c FE000000 		.word	254
  95 0010 00       		.byte	0
  96 0011 07       		.byte	7
  97 0012 08       		.byte	8
  98 0013 00       		.space	1
  99 0014 007F0000 		.word	32512
 100 0018 00       		.byte	0
 101 0019 07       		.byte	7
 102 001a 0F       		.byte	15
 103 001b 00       		.space	1
 104 001c 00803F00 		.word	4161536
 105 0020 00       		.byte	0
 106 0021 04       		.byte	4
 107 0022 16       		.byte	22
 108 0023 00       		.space	1
 109 0024 0000C003 		.word	62914560
 110 0028 00       		.byte	0
 111 0029 03       		.byte	3
 112 002a 1A       		.byte	26
 113 002b 00       		.space	1
 114 002c 0000001C 		.word	469762048
 115 0030 00       		.byte	0
 116 0031 02       		.byte	2
 117 0032 1D       		.byte	29
 118 0033 00       		.space	1
ARM GAS  /var/folders/84/_x1cyy_j36g486tldtwl37280000gn/T//ccj5762X.s 			page 3


 119 0034 00000060 		.word	1610612736
 120 0038 01       		.byte	1
 121 0039 02       		.byte	2
 122 003a 00       		.byte	0
 123 003b 00       		.space	1
 124 003c 03000000 		.word	3
 125 0040 01       		.byte	1
 126 0041 03       		.byte	3
 127 0042 02       		.byte	2
 128 0043 00       		.space	1
 129 0044 1C000000 		.word	28
 130              		.section	.data._ZN9NoteTrack11track_item_E,"aw"
 131              		.align	2
 134              	_ZN9NoteTrack11track_item_E:
 135 0000 00000000 		.word	0
 136 0004 01000000 		.word	1
 137 0008 01000000 		.word	1
 138 000c 01000000 		.word	1
 139 0010 00000000 		.word	_ZN9NoteTrack11track_mask_E
 140 0014 00000000 		.space	4
 141              		.section	.data._ZN9NoteTrack11track_mask_E,"aw"
 142              		.align	2
 145              	_ZN9NoteTrack11track_mask_E:
 146 0000 00       		.byte	0
 147 0001 01       		.byte	1
 148 0002 00       		.byte	0
 149 0003 00       		.space	1
 150 0004 01000000 		.word	1
 151              		.text
 152              	.Letext0:
 153              		.file 1 "/usr/local/Caskroom/gcc-arm-embedded/9-2019-q4-major/gcc-arm-none-eabi-9-2019-q4-major/ar
 154              		.file 2 "/usr/local/Caskroom/gcc-arm-embedded/9-2019-q4-major/gcc-arm-none-eabi-9-2019-q4-major/ar
 155              		.file 3 "/usr/local/Caskroom/gcc-arm-embedded/9-2019-q4-major/gcc-arm-none-eabi-9-2019-q4-major/ar
 156              		.file 4 "/Users/joostbooy/STM32Cube/Repository/STM32Cube_FW_F4_V1.26.1/Drivers/CMSIS/Include/core_
 157              		.file 5 "/Users/joostbooy/STM32Cube/Repository/STM32Cube_FW_F4_V1.26.1/Drivers/CMSIS/Device/ST/STM
 158              		.file 6 "/usr/local/Caskroom/gcc-arm-embedded/9-2019-q4-major/gcc-arm-none-eabi-9-2019-q4-major/li
 159              		.file 7 "/Users/joostbooy/STM32Cube/Repository/STM32Cube_FW_F4_V1.26.1/Drivers/STM32F4xx_HAL_Drive
 160              		.file 8 "/usr/local/Caskroom/gcc-arm-embedded/9-2019-q4-major/gcc-arm-none-eabi-9-2019-q4-major/ar
 161              		.file 9 "/usr/local/Caskroom/gcc-arm-embedded/9-2019-q4-major/gcc-arm-none-eabi-9-2019-q4-major/ar
 162              		.file 10 "/usr/local/Caskroom/gcc-arm-embedded/9-2019-q4-major/gcc-arm-none-eabi-9-2019-q4-major/a
 163              		.file 11 "/usr/local/Caskroom/gcc-arm-embedded/9-2019-q4-major/gcc-arm-none-eabi-9-2019-q4-major/a
 164              		.file 12 "/usr/local/Caskroom/gcc-arm-embedded/9-2019-q4-major/gcc-arm-none-eabi-9-2019-q4-major/a
 165              		.file 13 "/usr/local/Caskroom/gcc-arm-embedded/9-2019-q4-major/gcc-arm-none-eabi-9-2019-q4-major/a
 166              		.file 14 "/usr/local/Caskroom/gcc-arm-embedded/9-2019-q4-major/gcc-arm-none-eabi-9-2019-q4-major/a
 167              		.file 15 "/usr/local/Caskroom/gcc-arm-embedded/9-2019-q4-major/gcc-arm-none-eabi-9-2019-q4-major/a
 168              		.file 16 "/usr/local/Caskroom/gcc-arm-embedded/9-2019-q4-major/gcc-arm-none-eabi-9-2019-q4-major/a
 169              		.file 17 "/usr/local/Caskroom/gcc-arm-embedded/9-2019-q4-major/gcc-arm-none-eabi-9-2019-q4-major/a
 170              		.file 18 "/usr/local/Caskroom/gcc-arm-embedded/9-2019-q4-major/gcc-arm-none-eabi-9-2019-q4-major/a
 171              		.file 19 "/usr/local/Caskroom/gcc-arm-embedded/9-2019-q4-major/gcc-arm-none-eabi-9-2019-q4-major/a
 172              		.file 20 "/usr/local/Caskroom/gcc-arm-embedded/9-2019-q4-major/gcc-arm-none-eabi-9-2019-q4-major/a
 173              		.file 21 "/usr/local/Caskroom/gcc-arm-embedded/9-2019-q4-major/gcc-arm-none-eabi-9-2019-q4-major/a
 174              		.file 22 "/usr/local/Caskroom/gcc-arm-embedded/9-2019-q4-major/gcc-arm-none-eabi-9-2019-q4-major/a
 175              		.file 23 "/usr/local/Caskroom/gcc-arm-embedded/9-2019-q4-major/gcc-arm-none-eabi-9-2019-q4-major/a
 176              		.file 24 "/usr/local/Caskroom/gcc-arm-embedded/9-2019-q4-major/gcc-arm-none-eabi-9-2019-q4-major/a
 177              		.file 25 "/usr/local/Caskroom/gcc-arm-embedded/9-2019-q4-major/gcc-arm-none-eabi-9-2019-q4-major/a
 178              		.file 26 "/usr/local/Caskroom/gcc-arm-embedded/9-2019-q4-major/gcc-arm-none-eabi-9-2019-q4-major/a
 179              		.file 27 "/usr/local/Caskroom/gcc-arm-embedded/9-2019-q4-major/gcc-arm-none-eabi-9-2019-q4-major/a
ARM GAS  /var/folders/84/_x1cyy_j36g486tldtwl37280000gn/T//ccj5762X.s 			page 4


 180              		.file 28 "/usr/local/Caskroom/gcc-arm-embedded/9-2019-q4-major/gcc-arm-none-eabi-9-2019-q4-major/a
 181              		.file 29 "/usr/local/Caskroom/gcc-arm-embedded/9-2019-q4-major/gcc-arm-none-eabi-9-2019-q4-major/a
 182              		.file 30 "/usr/local/Caskroom/gcc-arm-embedded/9-2019-q4-major/gcc-arm-none-eabi-9-2019-q4-major/a
 183              		.file 31 "/usr/local/Caskroom/gcc-arm-embedded/9-2019-q4-major/gcc-arm-none-eabi-9-2019-q4-major/a
 184              		.file 32 "/usr/local/Caskroom/gcc-arm-embedded/9-2019-q4-major/gcc-arm-none-eabi-9-2019-q4-major/l
 185              		.file 33 "<built-in>"
 186              		.file 34 "/usr/local/Caskroom/gcc-arm-embedded/9-2019-q4-major/gcc-arm-none-eabi-9-2019-q4-major/a
 187              		.file 35 "/usr/local/Caskroom/gcc-arm-embedded/9-2019-q4-major/gcc-arm-none-eabi-9-2019-q4-major/a
 188              		.file 36 "/usr/local/Caskroom/gcc-arm-embedded/9-2019-q4-major/gcc-arm-none-eabi-9-2019-q4-major/a
 189              		.file 37 "/usr/local/Caskroom/gcc-arm-embedded/9-2019-q4-major/gcc-arm-none-eabi-9-2019-q4-major/a
 190              		.file 38 "/usr/local/Caskroom/gcc-arm-embedded/9-2019-q4-major/gcc-arm-none-eabi-9-2019-q4-major/a
 191              		.file 39 "/usr/local/Caskroom/gcc-arm-embedded/9-2019-q4-major/gcc-arm-none-eabi-9-2019-q4-major/a
 192              		.file 40 "/usr/local/Caskroom/gcc-arm-embedded/9-2019-q4-major/gcc-arm-none-eabi-9-2019-q4-major/a
 193              		.file 41 "/usr/local/Caskroom/gcc-arm-embedded/9-2019-q4-major/gcc-arm-none-eabi-9-2019-q4-major/a
 194              		.file 42 "/usr/local/Caskroom/gcc-arm-embedded/9-2019-q4-major/gcc-arm-none-eabi-9-2019-q4-major/a
 195              		.file 43 "Src/Settings/trackData.h"
 196              		.file 44 "lookupTables/lookUpTables.h"
 197              		.file 45 "Drivers/uart.h"
 198              		.file 46 "Drivers/Usb/usb.h"
 199              		.file 47 "lookupTables/font.h"
 200              		.file 48 "Src/Settings/pattern.h"
 201              		.file 49 "Src/Settings/baseTrack.h"
 202              		.file 50 "Src/Settings/serial.h"
 203              		.file 51 "Src/Settings/serialItem.h"
 204              		.file 52 "Src/Settings/noteTrack.h"
 205              		.file 53 "Src/Settings/noteTrack.cpp"
ARM GAS  /var/folders/84/_x1cyy_j36g486tldtwl37280000gn/T//ccj5762X.s 			page 5


DEFINED SYMBOLS
                            *ABS*:0000000000000000 noteTrack.cpp
/var/folders/84/_x1cyy_j36g486tldtwl37280000gn/T//ccj5762X.s:134    .data._ZN9NoteTrack11track_item_E:0000000000000000 _ZN9NoteTrack11track_item_E
/var/folders/84/_x1cyy_j36g486tldtwl37280000gn/T//ccj5762X.s:145    .data._ZN9NoteTrack11track_mask_E:0000000000000000 _ZN9NoteTrack11track_mask_E
/var/folders/84/_x1cyy_j36g486tldtwl37280000gn/T//ccj5762X.s:25     .data._ZN9NoteTrack10step_item_E:0000000000000000 _ZN9NoteTrack10step_item_E
/var/folders/84/_x1cyy_j36g486tldtwl37280000gn/T//ccj5762X.s:84     .data._ZN9NoteTrack10step_mask_E:0000000000000000 _ZN9NoteTrack10step_mask_E
/var/folders/84/_x1cyy_j36g486tldtwl37280000gn/T//ccj5762X.s:22     .data._ZN9NoteTrack10step_item_E:0000000000000000 $d
/var/folders/84/_x1cyy_j36g486tldtwl37280000gn/T//ccj5762X.s:81     .data._ZN9NoteTrack10step_mask_E:0000000000000000 $d
/var/folders/84/_x1cyy_j36g486tldtwl37280000gn/T//ccj5762X.s:131    .data._ZN9NoteTrack11track_item_E:0000000000000000 $d
/var/folders/84/_x1cyy_j36g486tldtwl37280000gn/T//ccj5762X.s:142    .data._ZN9NoteTrack11track_mask_E:0000000000000000 $d

NO UNDEFINED SYMBOLS
