ARM GAS  /var/folders/84/_x1cyy_j36g486tldtwl37280000gn/T//ccqADwjU.s 			page 1


   1              		.cpu cortex-m4
   2              		.eabi_attribute 27, 1
   3              		.eabi_attribute 28, 1
   4              		.eabi_attribute 20, 1
   5              		.eabi_attribute 21, 1
   6              		.eabi_attribute 23, 3
   7              		.eabi_attribute 24, 1
   8              		.eabi_attribute 25, 1
   9              		.eabi_attribute 26, 1
  10              		.eabi_attribute 30, 2
  11              		.eabi_attribute 34, 1
  12              		.eabi_attribute 18, 4
  13              		.file	"pianoRollPainter.cpp"
  14              		.text
  15              	.Ltext0:
  16              		.cfi_sections	.debug_frame
  17              		.section	.text.startup._GLOBAL__sub_I__ZN16PianoRollPainter6windowE,"ax",%progbits
  18              		.align	1
  19              		.p2align 2,,3
  20              		.arch armv7e-m
  21              		.syntax unified
  22              		.thumb
  23              		.thumb_func
  24              		.fpu fpv4-sp-d16
  26              	_GLOBAL__sub_I__ZN16PianoRollPainter6windowE:
  27              	.LFB3260:
  28              		.file 1 "Src/Ui/Painters/pianoRollPainter.cpp"
   1:Src/Ui/Painters/pianoRollPainter.cpp **** #include "pianoRollPainter.h"
   2:Src/Ui/Painters/pianoRollPainter.cpp **** 
   3:Src/Ui/Painters/pianoRollPainter.cpp **** Window PianoRollPainter::window = {
   4:Src/Ui/Painters/pianoRollPainter.cpp **** 	.x = 0,
   5:Src/Ui/Painters/pianoRollPainter.cpp **** 	.y = 8,
   6:Src/Ui/Painters/pianoRollPainter.cpp **** 	.width = canvas.width() - 1,
   7:Src/Ui/Painters/pianoRollPainter.cpp **** 	.height = 48,
   8:Src/Ui/Painters/pianoRollPainter.cpp **** 	.collumns = 1 + 16,
   9:Src/Ui/Painters/pianoRollPainter.cpp **** 	.rows = 12,
  10:Src/Ui/Painters/pianoRollPainter.cpp **** };
  11:Src/Ui/Painters/pianoRollPainter.cpp **** 
  12:Src/Ui/Painters/pianoRollPainter.cpp **** Window::Cell PianoRollPainter::cell;
  13:Src/Ui/Painters/pianoRollPainter.cpp **** 
  14:Src/Ui/Painters/pianoRollPainter.cpp **** float PianoRollPainter::wf;
  15:Src/Ui/Painters/pianoRollPainter.cpp **** 
  16:Src/Ui/Painters/pianoRollPainter.cpp **** int PianoRollPainter::last_top_row;
  17:Src/Ui/Painters/pianoRollPainter.cpp **** int PianoRollPainter::scroll_bar_frames;
  18:Src/Ui/Painters/pianoRollPainter.cpp **** int PianoRollPainter::last_step_value;
  19:Src/Ui/Painters/pianoRollPainter.cpp **** int PianoRollPainter::step_value_frames;
  20:Src/Ui/Painters/pianoRollPainter.cpp **** 
  21:Src/Ui/Painters/pianoRollPainter.cpp **** uint32_t PianoRollPainter::notes[128 / 32];
  22:Src/Ui/Painters/pianoRollPainter.cpp **** 
  23:Src/Ui/Painters/pianoRollPainter.cpp **** bool PianoRollPainter::is_black_key_[12] = { 0, 1, 0, 1, 0, 0, 1, 0, 1, 0, 1, 0 };
  29              		.loc 1 23 82 view -0
  30              		.cfi_startproc
  31              		@ args = 0, pretend = 0, frame = 0
  32              		@ frame_needed = 0, uses_anonymous_args = 0
  33              		@ link register save eliminated.
  34              	.LBB6:
  35              	.LBI6:
ARM GAS  /var/folders/84/_x1cyy_j36g486tldtwl37280000gn/T//ccqADwjU.s 			page 2


  36              		.loc 1 23 82 view .LVU1
  37              	.LVL0:
  38              		.loc 1 23 82 is_stmt 0 view .LVU2
  39              	.LBE6:
  40              		.file 2 "Src/Ui/canvas.h"
   1:Src/Ui/canvas.h **** #ifndef Canvas_h
   2:Src/Ui/canvas.h **** #define Canvas_h
   3:Src/Ui/canvas.h **** 
   4:Src/Ui/canvas.h **** #include "stmf4lib.h"
   5:Src/Ui/canvas.h **** #include "frameBuffer.h"
   6:Src/Ui/canvas.h **** #include "font.h"
   7:Src/Ui/canvas.h **** #include "bitmap.h"
   8:Src/Ui/canvas.h **** #include "stringUtils.h"
   9:Src/Ui/canvas.h **** #include "dsp.h"
  10:Src/Ui/canvas.h **** 
  11:Src/Ui/canvas.h **** class Canvas {
  12:Src/Ui/canvas.h **** 
  13:Src/Ui/canvas.h **** public:
  14:Src/Ui/canvas.h **** 
  15:Src/Ui/canvas.h **** 	enum Color {
  16:Src/Ui/canvas.h **** 		WHITE,
  17:Src/Ui/canvas.h **** 		LIGHT_GRAY,
  18:Src/Ui/canvas.h **** 		GRAY,
  19:Src/Ui/canvas.h **** 		DARK_GRAY,
  20:Src/Ui/canvas.h **** 		BLACK,
  21:Src/Ui/canvas.h **** 		INVERTED,
  22:Src/Ui/canvas.h **** 		SUBTRACTED,
  23:Src/Ui/canvas.h **** 		MULTIPLIED,
  24:Src/Ui/canvas.h **** 	};
  25:Src/Ui/canvas.h **** 
  26:Src/Ui/canvas.h **** 	enum Allign {
  27:Src/Ui/canvas.h **** 		LEFT,
  28:Src/Ui/canvas.h **** 		RIGHT,
  29:Src/Ui/canvas.h **** 		CENTER,
  30:Src/Ui/canvas.h **** 		TOP,
  31:Src/Ui/canvas.h **** 		BOTTOM,
  32:Src/Ui/canvas.h **** 	};
  33:Src/Ui/canvas.h **** 
  34:Src/Ui/canvas.h **** 	//Frame buffer
  35:Src/Ui/canvas.h **** 	static const int width_ = 256;
  36:Src/Ui/canvas.h **** 	static const int height_ = 64;
  37:Src/Ui/canvas.h **** 	const int width() { return Canvas::width_; }
  41              		.loc 2 37 22 is_stmt 1 view .LVU3
  42              	.LBB10:
  43              	.LBB7:
  10:Src/Ui/Painters/pianoRollPainter.cpp **** 
  44              		.loc 1 10 1 is_stmt 0 view .LVU4
  45 0000 0C4B     		ldr	r3, .L4
  46              	.LBE7:
  47              	.LBE10:
  48              		.loc 1 23 82 view .LVU5
  49 0002 30B4     		push	{r4, r5}
  50              		.cfi_def_cfa_offset 8
  51              		.cfi_offset 4, -8
  52              		.cfi_offset 5, -4
  53              	.LBB11:
  54              	.LBB8:
ARM GAS  /var/folders/84/_x1cyy_j36g486tldtwl37280000gn/T//ccqADwjU.s 			page 3


  10:Src/Ui/Painters/pianoRollPainter.cpp **** 
  55              		.loc 1 10 1 view .LVU6
  56 0004 D3E90420 		ldrd	r2, r0, [r3, #16]
  57 0008 FF24     		movs	r4, #255
  58 000a 411E     		subs	r1, r0, #1
  59 000c 551E     		subs	r5, r2, #1
  60 000e 9863     		str	r0, [r3, #56]
  61 0010 D863     		str	r0, [r3, #60]
  62 0012 5963     		str	r1, [r3, #52]
  63 0014 DA64     		str	r2, [r3, #76]
  64 0016 D968     		ldr	r1, [r3, #12]
  65 0018 1A65     		str	r2, [r3, #80]
  66              	.LVL1:
  10:Src/Ui/Painters/pianoRollPainter.cpp **** 
  67              		.loc 1 10 1 view .LVU7
  68 001a 91FBF0F0 		sdiv	r0, r1, r0
  69 001e 94FBF2F2 		sdiv	r2, r4, r2
  70 0022 9D64     		str	r5, [r3, #72]
  71 0024 9C60     		str	r4, [r3, #8]
  72 0026 D861     		str	r0, [r3, #28]
  73              	.LBE8:
  74              	.LBE11:
  75              		.loc 1 23 82 view .LVU8
  76 0028 30BC     		pop	{r4, r5}
  77              		.cfi_restore 5
  78              		.cfi_restore 4
  79              		.cfi_def_cfa_offset 0
  80              	.LBB12:
  81              	.LBB9:
  10:Src/Ui/Painters/pianoRollPainter.cpp **** 
  82              		.loc 1 10 1 view .LVU9
  83 002a D862     		str	r0, [r3, #44]
  84 002c 9A61     		str	r2, [r3, #24]
  85 002e 9A62     		str	r2, [r3, #40]
  86              	.LBE9:
  87              	.LBE12:
  88              		.loc 1 23 82 view .LVU10
  89 0030 7047     		bx	lr
  90              	.L5:
  91 0032 00BF     		.align	2
  92              	.L4:
  93 0034 00000000 		.word	.LANCHOR0
  94              		.cfi_endproc
  95              	.LFE3260:
  97              		.section	.init_array,"aw",%init_array
  98              		.align	2
  99 0000 00000000 		.word	_GLOBAL__sub_I__ZN16PianoRollPainter6windowE(target1)
 100              		.global	_ZN16PianoRollPainter13is_black_key_E
 101              		.global	_ZN16PianoRollPainter5notesE
 102              		.global	_ZN16PianoRollPainter17step_value_framesE
 103              		.global	_ZN16PianoRollPainter15last_step_valueE
 104              		.global	_ZN16PianoRollPainter17scroll_bar_framesE
 105              		.global	_ZN16PianoRollPainter12last_top_rowE
 106              		.global	_ZN16PianoRollPainter2wfE
 107              		.global	_ZN16PianoRollPainter4cellE
 108              		.global	_ZN16PianoRollPainter6windowE
 109              		.section	.bss._ZN16PianoRollPainter12last_top_rowE,"aw",%nobits
ARM GAS  /var/folders/84/_x1cyy_j36g486tldtwl37280000gn/T//ccqADwjU.s 			page 4


 110              		.align	2
 113              	_ZN16PianoRollPainter12last_top_rowE:
 114 0000 00000000 		.space	4
 115              		.section	.bss._ZN16PianoRollPainter15last_step_valueE,"aw",%nobits
 116              		.align	2
 119              	_ZN16PianoRollPainter15last_step_valueE:
 120 0000 00000000 		.space	4
 121              		.section	.bss._ZN16PianoRollPainter17scroll_bar_framesE,"aw",%nobits
 122              		.align	2
 125              	_ZN16PianoRollPainter17scroll_bar_framesE:
 126 0000 00000000 		.space	4
 127              		.section	.bss._ZN16PianoRollPainter17step_value_framesE,"aw",%nobits
 128              		.align	2
 131              	_ZN16PianoRollPainter17step_value_framesE:
 132 0000 00000000 		.space	4
 133              		.section	.bss._ZN16PianoRollPainter2wfE,"aw",%nobits
 134              		.align	2
 137              	_ZN16PianoRollPainter2wfE:
 138 0000 00000000 		.space	4
 139              		.section	.bss._ZN16PianoRollPainter4cellE,"aw",%nobits
 140              		.align	2
 143              	_ZN16PianoRollPainter4cellE:
 144 0000 00000000 		.space	16
 144      00000000 
 144      00000000 
 144      00000000 
 145              		.section	.bss._ZN16PianoRollPainter5notesE,"aw",%nobits
 146              		.align	2
 149              	_ZN16PianoRollPainter5notesE:
 150 0000 00000000 		.space	16
 150      00000000 
 150      00000000 
 150      00000000 
 151              		.section	.data._ZN16PianoRollPainter13is_black_key_E,"aw"
 152              		.align	2
 155              	_ZN16PianoRollPainter13is_black_key_E:
 156 0000 00       		.byte	0
 157 0001 01       		.byte	1
 158 0002 00       		.byte	0
 159 0003 01       		.byte	1
 160 0004 00       		.byte	0
 161 0005 00       		.byte	0
 162 0006 01       		.byte	1
 163 0007 00       		.byte	0
 164 0008 01       		.byte	1
 165 0009 00       		.byte	0
 166 000a 01       		.byte	1
 167 000b 00       		.space	1
 168              		.section	.data._ZN16PianoRollPainter6windowE,"aw"
 169              		.align	2
 170              		.set	.LANCHOR0,. + 0
 173              	_ZN16PianoRollPainter6windowE:
 174 0000 00000000 		.word	0
 175 0004 08000000 		.word	8
 176 0008 00000000 		.space	4
 177 000c 30000000 		.word	48
 178 0010 11000000 		.word	17
ARM GAS  /var/folders/84/_x1cyy_j36g486tldtwl37280000gn/T//ccqADwjU.s 			page 5


 179 0014 0C000000 		.word	12
 180 0018 00000000 		.space	8
 180      00000000 
 181 0020 00000000 		.word	0
 182 0024 00000000 		.word	0
 183 0028 00000000 		.space	8
 183      00000000 
 184 0030 00000000 		.word	0
 185 0034 00000000 		.space	12
 185      00000000 
 185      00000000 
 186 0040 00       		.byte	0
 187 0041 000000   		.space	3
 188 0044 00000000 		.word	0
 189 0048 00000000 		.space	12
 189      00000000 
 189      00000000 
 190 0054 00       		.byte	0
 191 0055 000000   		.space	3
 192              		.text
 193              	.Letext0:
 194              		.file 3 "/usr/local/Caskroom/gcc-arm-embedded/9-2019-q4-major/gcc-arm-none-eabi-9-2019-q4-major/ar
 195              		.file 4 "/usr/local/Caskroom/gcc-arm-embedded/9-2019-q4-major/gcc-arm-none-eabi-9-2019-q4-major/ar
 196              		.file 5 "/usr/local/Caskroom/gcc-arm-embedded/9-2019-q4-major/gcc-arm-none-eabi-9-2019-q4-major/ar
 197              		.file 6 "/Users/joostbooy/STM32Cube/Repository/STM32Cube_FW_F4_V1.26.1/Drivers/CMSIS/Include/core_
 198              		.file 7 "/Users/joostbooy/STM32Cube/Repository/STM32Cube_FW_F4_V1.26.1/Drivers/CMSIS/Device/ST/STM
 199              		.file 8 "/usr/local/Caskroom/gcc-arm-embedded/9-2019-q4-major/gcc-arm-none-eabi-9-2019-q4-major/li
 200              		.file 9 "/Users/joostbooy/STM32Cube/Repository/STM32Cube_FW_F4_V1.26.1/Drivers/STM32F4xx_HAL_Drive
 201              		.file 10 "/usr/local/Caskroom/gcc-arm-embedded/9-2019-q4-major/gcc-arm-none-eabi-9-2019-q4-major/a
 202              		.file 11 "/usr/local/Caskroom/gcc-arm-embedded/9-2019-q4-major/gcc-arm-none-eabi-9-2019-q4-major/a
 203              		.file 12 "/usr/local/Caskroom/gcc-arm-embedded/9-2019-q4-major/gcc-arm-none-eabi-9-2019-q4-major/a
 204              		.file 13 "/usr/local/Caskroom/gcc-arm-embedded/9-2019-q4-major/gcc-arm-none-eabi-9-2019-q4-major/a
 205              		.file 14 "/usr/local/Caskroom/gcc-arm-embedded/9-2019-q4-major/gcc-arm-none-eabi-9-2019-q4-major/a
 206              		.file 15 "/usr/local/Caskroom/gcc-arm-embedded/9-2019-q4-major/gcc-arm-none-eabi-9-2019-q4-major/a
 207              		.file 16 "/usr/local/Caskroom/gcc-arm-embedded/9-2019-q4-major/gcc-arm-none-eabi-9-2019-q4-major/a
 208              		.file 17 "/usr/local/Caskroom/gcc-arm-embedded/9-2019-q4-major/gcc-arm-none-eabi-9-2019-q4-major/a
 209              		.file 18 "/usr/local/Caskroom/gcc-arm-embedded/9-2019-q4-major/gcc-arm-none-eabi-9-2019-q4-major/a
 210              		.file 19 "/usr/local/Caskroom/gcc-arm-embedded/9-2019-q4-major/gcc-arm-none-eabi-9-2019-q4-major/a
 211              		.file 20 "/usr/local/Caskroom/gcc-arm-embedded/9-2019-q4-major/gcc-arm-none-eabi-9-2019-q4-major/a
 212              		.file 21 "/usr/local/Caskroom/gcc-arm-embedded/9-2019-q4-major/gcc-arm-none-eabi-9-2019-q4-major/a
 213              		.file 22 "/usr/local/Caskroom/gcc-arm-embedded/9-2019-q4-major/gcc-arm-none-eabi-9-2019-q4-major/a
 214              		.file 23 "/usr/local/Caskroom/gcc-arm-embedded/9-2019-q4-major/gcc-arm-none-eabi-9-2019-q4-major/a
 215              		.file 24 "/usr/local/Caskroom/gcc-arm-embedded/9-2019-q4-major/gcc-arm-none-eabi-9-2019-q4-major/a
 216              		.file 25 "/usr/local/Caskroom/gcc-arm-embedded/9-2019-q4-major/gcc-arm-none-eabi-9-2019-q4-major/a
 217              		.file 26 "/usr/local/Caskroom/gcc-arm-embedded/9-2019-q4-major/gcc-arm-none-eabi-9-2019-q4-major/a
 218              		.file 27 "/usr/local/Caskroom/gcc-arm-embedded/9-2019-q4-major/gcc-arm-none-eabi-9-2019-q4-major/a
 219              		.file 28 "/usr/local/Caskroom/gcc-arm-embedded/9-2019-q4-major/gcc-arm-none-eabi-9-2019-q4-major/a
 220              		.file 29 "/usr/local/Caskroom/gcc-arm-embedded/9-2019-q4-major/gcc-arm-none-eabi-9-2019-q4-major/a
 221              		.file 30 "/usr/local/Caskroom/gcc-arm-embedded/9-2019-q4-major/gcc-arm-none-eabi-9-2019-q4-major/a
 222              		.file 31 "/usr/local/Caskroom/gcc-arm-embedded/9-2019-q4-major/gcc-arm-none-eabi-9-2019-q4-major/a
 223              		.file 32 "/usr/local/Caskroom/gcc-arm-embedded/9-2019-q4-major/gcc-arm-none-eabi-9-2019-q4-major/a
 224              		.file 33 "/usr/local/Caskroom/gcc-arm-embedded/9-2019-q4-major/gcc-arm-none-eabi-9-2019-q4-major/a
 225              		.file 34 "/usr/local/Caskroom/gcc-arm-embedded/9-2019-q4-major/gcc-arm-none-eabi-9-2019-q4-major/l
 226              		.file 35 "<built-in>"
 227              		.file 36 "/usr/local/Caskroom/gcc-arm-embedded/9-2019-q4-major/gcc-arm-none-eabi-9-2019-q4-major/a
 228              		.file 37 "/usr/local/Caskroom/gcc-arm-embedded/9-2019-q4-major/gcc-arm-none-eabi-9-2019-q4-major/a
 229              		.file 38 "/usr/local/Caskroom/gcc-arm-embedded/9-2019-q4-major/gcc-arm-none-eabi-9-2019-q4-major/a
ARM GAS  /var/folders/84/_x1cyy_j36g486tldtwl37280000gn/T//ccqADwjU.s 			page 6


 230              		.file 39 "/usr/local/Caskroom/gcc-arm-embedded/9-2019-q4-major/gcc-arm-none-eabi-9-2019-q4-major/a
 231              		.file 40 "/usr/local/Caskroom/gcc-arm-embedded/9-2019-q4-major/gcc-arm-none-eabi-9-2019-q4-major/a
 232              		.file 41 "/usr/local/Caskroom/gcc-arm-embedded/9-2019-q4-major/gcc-arm-none-eabi-9-2019-q4-major/a
 233              		.file 42 "/usr/local/Caskroom/gcc-arm-embedded/9-2019-q4-major/gcc-arm-none-eabi-9-2019-q4-major/a
 234              		.file 43 "/usr/local/Caskroom/gcc-arm-embedded/9-2019-q4-major/gcc-arm-none-eabi-9-2019-q4-major/a
 235              		.file 44 "/usr/local/Caskroom/gcc-arm-embedded/9-2019-q4-major/gcc-arm-none-eabi-9-2019-q4-major/a
 236              		.file 45 "Src/Settings/trackData.h"
 237              		.file 46 "/Users/joostbooy/Desktop/Code/stm32/lib/utils/stringBuilder.h"
 238              		.file 47 "lookupTables/lookUpTables.h"
 239              		.file 48 "Src/Engine/midiEvent.h"
 240              		.file 49 "Drivers/uart.h"
 241              		.file 50 "Drivers/Usb/usb.h"
 242              		.file 51 "lookupTables/font.h"
 243              		.file 52 "Src/Settings/pattern.h"
 244              		.file 53 "Src/Settings/baseTrack.h"
 245              		.file 54 "Src/Settings/serial.h"
 246              		.file 55 "Src/Settings/serialItem.h"
 247              		.file 56 "/Users/joostbooy/Desktop/Code/stm32/lib/ff14b/source/ff.h"
 248              		.file 57 "Src/Disk/file.h"
 249              		.file 58 "/Users/joostbooy/Desktop/Code/stm32/lib/utils/hash.h"
 250              		.file 59 "Src/Disk/fileWriter.h"
 251              		.file 60 "Src/Disk/fileReader.h"
 252              		.file 61 "Src/Settings/scale.h"
 253              		.file 62 "/Users/joostbooy/Desktop/Code/stm32/lib/utils/stack.h"
 254              		.file 63 "Src/Settings/noteTrack.h"
 255              		.file 64 "Src/Settings/arpeggiator.h"
 256              		.file 65 "Src/Settings/chordTrack.h"
 257              		.file 66 "Src/Settings/drumTrack.h"
 258              		.file 67 "Src/Settings/curveTrack.h"
 259              		.file 68 "Src/Settings/track.h"
 260              		.file 69 "Src/Settings/midiClock.h"
 261              		.file 70 "Src/Settings/song.h"
 262              		.file 71 "Src/Ui/clipboard.h"
 263              		.file 72 "Src/Settings/cvOutput.h"
 264              		.file 73 "Src/Settings/cvInput.h"
 265              		.file 74 "Src/Settings/midiFilter.h"
 266              		.file 75 "Src/Settings/midiMonitor.h"
 267              		.file 76 "Src/Settings/midiInput.h"
 268              		.file 77 "Src/Settings/midiOutput.h"
 269              		.file 78 "Drivers/micros.h"
 270              		.file 79 "Drivers/dac.h"
 271              		.file 80 "Src/Settings/calibration.h"
 272              		.file 81 "Src/Settings/drumKit.h"
 273              		.file 82 "Src/Settings/settings.h"
 274              		.file 83 "lookupTables/bitmap.h"
 275              		.file 84 "Src/Ui/frameBuffer.h"
 276              		.file 85 "Src/Ui/Painters/window.h"
 277              		.file 86 "Src/Ui/Pages/pages.h"
 278              		.file 87 "Src/Ui/Pages/chapter.h"
 279              		.file 88 "Src/Ui/Painters/pianoRollPainter.h"
ARM GAS  /var/folders/84/_x1cyy_j36g486tldtwl37280000gn/T//ccqADwjU.s 			page 7


DEFINED SYMBOLS
                            *ABS*:0000000000000000 pianoRollPainter.cpp
/var/folders/84/_x1cyy_j36g486tldtwl37280000gn/T//ccqADwjU.s:18     .text.startup._GLOBAL__sub_I__ZN16PianoRollPainter6windowE:0000000000000000 $t
/var/folders/84/_x1cyy_j36g486tldtwl37280000gn/T//ccqADwjU.s:26     .text.startup._GLOBAL__sub_I__ZN16PianoRollPainter6windowE:0000000000000000 _GLOBAL__sub_I__ZN16PianoRollPainter6windowE
/var/folders/84/_x1cyy_j36g486tldtwl37280000gn/T//ccqADwjU.s:93     .text.startup._GLOBAL__sub_I__ZN16PianoRollPainter6windowE:0000000000000034 $d
/var/folders/84/_x1cyy_j36g486tldtwl37280000gn/T//ccqADwjU.s:98     .init_array:0000000000000000 $d
/var/folders/84/_x1cyy_j36g486tldtwl37280000gn/T//ccqADwjU.s:155    .data._ZN16PianoRollPainter13is_black_key_E:0000000000000000 _ZN16PianoRollPainter13is_black_key_E
/var/folders/84/_x1cyy_j36g486tldtwl37280000gn/T//ccqADwjU.s:149    .bss._ZN16PianoRollPainter5notesE:0000000000000000 _ZN16PianoRollPainter5notesE
/var/folders/84/_x1cyy_j36g486tldtwl37280000gn/T//ccqADwjU.s:131    .bss._ZN16PianoRollPainter17step_value_framesE:0000000000000000 _ZN16PianoRollPainter17step_value_framesE
/var/folders/84/_x1cyy_j36g486tldtwl37280000gn/T//ccqADwjU.s:119    .bss._ZN16PianoRollPainter15last_step_valueE:0000000000000000 _ZN16PianoRollPainter15last_step_valueE
/var/folders/84/_x1cyy_j36g486tldtwl37280000gn/T//ccqADwjU.s:125    .bss._ZN16PianoRollPainter17scroll_bar_framesE:0000000000000000 _ZN16PianoRollPainter17scroll_bar_framesE
/var/folders/84/_x1cyy_j36g486tldtwl37280000gn/T//ccqADwjU.s:113    .bss._ZN16PianoRollPainter12last_top_rowE:0000000000000000 _ZN16PianoRollPainter12last_top_rowE
/var/folders/84/_x1cyy_j36g486tldtwl37280000gn/T//ccqADwjU.s:137    .bss._ZN16PianoRollPainter2wfE:0000000000000000 _ZN16PianoRollPainter2wfE
/var/folders/84/_x1cyy_j36g486tldtwl37280000gn/T//ccqADwjU.s:143    .bss._ZN16PianoRollPainter4cellE:0000000000000000 _ZN16PianoRollPainter4cellE
/var/folders/84/_x1cyy_j36g486tldtwl37280000gn/T//ccqADwjU.s:173    .data._ZN16PianoRollPainter6windowE:0000000000000000 _ZN16PianoRollPainter6windowE
/var/folders/84/_x1cyy_j36g486tldtwl37280000gn/T//ccqADwjU.s:110    .bss._ZN16PianoRollPainter12last_top_rowE:0000000000000000 $d
/var/folders/84/_x1cyy_j36g486tldtwl37280000gn/T//ccqADwjU.s:116    .bss._ZN16PianoRollPainter15last_step_valueE:0000000000000000 $d
/var/folders/84/_x1cyy_j36g486tldtwl37280000gn/T//ccqADwjU.s:122    .bss._ZN16PianoRollPainter17scroll_bar_framesE:0000000000000000 $d
/var/folders/84/_x1cyy_j36g486tldtwl37280000gn/T//ccqADwjU.s:128    .bss._ZN16PianoRollPainter17step_value_framesE:0000000000000000 $d
/var/folders/84/_x1cyy_j36g486tldtwl37280000gn/T//ccqADwjU.s:134    .bss._ZN16PianoRollPainter2wfE:0000000000000000 $d
/var/folders/84/_x1cyy_j36g486tldtwl37280000gn/T//ccqADwjU.s:140    .bss._ZN16PianoRollPainter4cellE:0000000000000000 $d
/var/folders/84/_x1cyy_j36g486tldtwl37280000gn/T//ccqADwjU.s:146    .bss._ZN16PianoRollPainter5notesE:0000000000000000 $d
/var/folders/84/_x1cyy_j36g486tldtwl37280000gn/T//ccqADwjU.s:152    .data._ZN16PianoRollPainter13is_black_key_E:0000000000000000 $d
/var/folders/84/_x1cyy_j36g486tldtwl37280000gn/T//ccqADwjU.s:169    .data._ZN16PianoRollPainter6windowE:0000000000000000 $d

NO UNDEFINED SYMBOLS
