ARM GAS  /var/folders/84/_x1cyy_j36g486tldtwl37280000gn/T//cc4GbBWb.s 			page 1


   1              		.cpu cortex-m4
   2              		.eabi_attribute 27, 1
   3              		.eabi_attribute 28, 1
   4              		.eabi_attribute 20, 1
   5              		.eabi_attribute 21, 1
   6              		.eabi_attribute 23, 3
   7              		.eabi_attribute 24, 1
   8              		.eabi_attribute 25, 1
   9              		.eabi_attribute 26, 1
  10              		.eabi_attribute 30, 2
  11              		.eabi_attribute 34, 1
  12              		.eabi_attribute 18, 4
  13              		.file	"rng.cpp"
  14              		.text
  15              	.Ltext0:
  16              		.cfi_sections	.debug_frame
  17              		.global	_ZN3Rng5seed_E
  18              		.section	.data._ZN3Rng5seed_E,"aw"
  19              		.align	1
  22              	_ZN3Rng5seed_E:
  23 0000 2A00     		.short	42
  24              		.text
  25              	.Letext0:
  26              		.file 1 "/usr/local/Caskroom/gcc-arm-embedded/9-2019-q4-major/gcc-arm-none-eabi-9-2019-q4-major/ar
  27              		.file 2 "/usr/local/Caskroom/gcc-arm-embedded/9-2019-q4-major/gcc-arm-none-eabi-9-2019-q4-major/ar
  28              		.file 3 "/Users/joostbooy/Desktop/Code/stm32/lib/utils/Rng.h"
  29              		.file 4 "/Users/joostbooy/Desktop/Code/stm32/lib/utils/rng.cpp"
ARM GAS  /var/folders/84/_x1cyy_j36g486tldtwl37280000gn/T//cc4GbBWb.s 			page 2


DEFINED SYMBOLS
                            *ABS*:0000000000000000 rng.cpp
/var/folders/84/_x1cyy_j36g486tldtwl37280000gn/T//cc4GbBWb.s:22     .data._ZN3Rng5seed_E:0000000000000000 _ZN3Rng5seed_E
/var/folders/84/_x1cyy_j36g486tldtwl37280000gn/T//cc4GbBWb.s:19     .data._ZN3Rng5seed_E:0000000000000000 $d

NO UNDEFINED SYMBOLS
