ARM GAS  /var/folders/84/_x1cyy_j36g486tldtwl37280000gn/T//ccrygjfV.s 			page 1


   1              		.cpu cortex-m4
   2              		.eabi_attribute 27, 1
   3              		.eabi_attribute 28, 1
   4              		.eabi_attribute 20, 1
   5              		.eabi_attribute 21, 1
   6              		.eabi_attribute 23, 3
   7              		.eabi_attribute 24, 1
   8              		.eabi_attribute 25, 1
   9              		.eabi_attribute 26, 1
  10              		.eabi_attribute 30, 2
  11              		.eabi_attribute 34, 1
  12              		.eabi_attribute 18, 4
  13              		.file	"stm32f4xx_hal_sai_ex.c"
  14              		.text
  15              	.Ltext0:
  16              		.cfi_sections	.debug_frame
  17              	.Letext0:
  18              		.file 1 "/usr/local/Caskroom/gcc-arm-embedded/9-2019-q4-major/gcc-arm-none-eabi-9-2019-q4-major/ar
  19              		.file 2 "/usr/local/Caskroom/gcc-arm-embedded/9-2019-q4-major/gcc-arm-none-eabi-9-2019-q4-major/ar
  20              		.file 3 "/Users/joostbooy/STM32Cube/Repository/STM32Cube_FW_F4_V1.26.1/Drivers/CMSIS/Include/core_
  21              		.file 4 "/Users/joostbooy/STM32Cube/Repository/STM32Cube_FW_F4_V1.26.1/Drivers/CMSIS/Device/ST/STM
  22              		.file 5 "/Users/joostbooy/STM32Cube/Repository/STM32Cube_FW_F4_V1.26.1/Drivers/STM32F4xx_HAL_Drive
ARM GAS  /var/folders/84/_x1cyy_j36g486tldtwl37280000gn/T//ccrygjfV.s 			page 2


DEFINED SYMBOLS
                            *ABS*:0000000000000000 stm32f4xx_hal_sai_ex.c

NO UNDEFINED SYMBOLS
