ARM GAS  /var/folders/84/_x1cyy_j36g486tldtwl37280000gn/T//ccQ7BiXw.s 			page 1


   1              		.cpu cortex-m4
   2              		.eabi_attribute 27, 1
   3              		.eabi_attribute 28, 1
   4              		.eabi_attribute 20, 1
   5              		.eabi_attribute 21, 1
   6              		.eabi_attribute 23, 3
   7              		.eabi_attribute 24, 1
   8              		.eabi_attribute 25, 1
   9              		.eabi_attribute 26, 1
  10              		.eabi_attribute 30, 2
  11              		.eabi_attribute 34, 1
  12              		.eabi_attribute 18, 4
  13              		.file	"timer.cpp"
  14              		.text
  15              	.Ltext0:
  16              		.cfi_sections	.debug_frame
  17              		.section	.text._ZN5Timer7start_2Em,"ax",%progbits
  18              		.align	1
  19              		.p2align 2,,3
  20              		.global	_ZN5Timer7start_2Em
  21              		.arch armv7e-m
  22              		.syntax unified
  23              		.thumb
  24              		.thumb_func
  25              		.fpu fpv4-sp-d16
  27              	_ZN5Timer7start_2Em:
  28              	.LVL0:
  29              	.LFB1974:
  30              		.file 1 "Drivers/timer.cpp"
   1:Drivers/timer.cpp **** #include "timer.h"
   2:Drivers/timer.cpp **** 
   3:Drivers/timer.cpp **** Timer timer;
   4:Drivers/timer.cpp **** 
   5:Drivers/timer.cpp **** void Timer::start_2(uint32_t freq){
  31              		.loc 1 5 35 view -0
  32              		.cfi_startproc
  33              		@ args = 0, pretend = 0, frame = 72
  34              		@ frame_needed = 0, uses_anonymous_args = 0
   6:Drivers/timer.cpp **** 	TIM_HandleTypeDef TimHandle;
  35              		.loc 1 6 2 view .LVU1
   7:Drivers/timer.cpp **** 
   8:Drivers/timer.cpp **** 	TimHandle.Instance               = TIM2;
  36              		.loc 1 8 2 view .LVU2
   5:Drivers/timer.cpp **** 	TIM_HandleTypeDef TimHandle;
  37              		.loc 1 5 35 is_stmt 0 view .LVU3
  38 0000 00B5     		push	{lr}
  39              		.cfi_def_cfa_offset 4
  40              		.cfi_offset 14, -4
  41 0002 93B0     		sub	sp, sp, #76
  42              		.cfi_def_cfa_offset 80
  43              		.loc 1 8 35 view .LVU4
  44 0004 4FF08042 		mov	r2, #1073741824
   9:Drivers/timer.cpp **** 	TimHandle.Init.Period            = (F_CPU / freq / 2) - 1;
  45              		.loc 1 9 56 view .LVU5
  46 0008 0B4B     		ldr	r3, .L4
  47 000a B3FBF1F1 		udiv	r1, r3, r1
  48              	.LVL1:
ARM GAS  /var/folders/84/_x1cyy_j36g486tldtwl37280000gn/T//ccQ7BiXw.s 			page 2


  10:Drivers/timer.cpp **** 	TimHandle.Init.Prescaler         = 0;
  11:Drivers/timer.cpp **** 	TimHandle.Init.ClockDivision     = TIM_CLOCKDIVISION_DIV1;
  12:Drivers/timer.cpp **** 	TimHandle.Init.CounterMode       = TIM_COUNTERMODE_UP;
  13:Drivers/timer.cpp **** 	TimHandle.Init.RepetitionCounter = 0;
  14:Drivers/timer.cpp **** 	TimHandle.Init.AutoReloadPreload = TIM_AUTORELOAD_PRELOAD_DISABLE;
  15:Drivers/timer.cpp **** 
  16:Drivers/timer.cpp **** 	HAL_TIM_Base_Init(&TimHandle);
  49              		.loc 1 16 19 view .LVU6
  50 000e 6846     		mov	r0, sp
  51              	.LVL2:
  10:Drivers/timer.cpp **** 	TimHandle.Init.Prescaler         = 0;
  52              		.loc 1 10 35 view .LVU7
  53 0010 0023     		movs	r3, #0
   9:Drivers/timer.cpp **** 	TimHandle.Init.Period            = (F_CPU / freq / 2) - 1;
  54              		.loc 1 9 56 view .LVU8
  55 0012 0139     		subs	r1, r1, #1
  10:Drivers/timer.cpp **** 	TimHandle.Init.Prescaler         = 0;
  56              		.loc 1 10 35 view .LVU9
  57 0014 CDE90023 		strd	r2, r3, [sp]
  11:Drivers/timer.cpp **** 	TimHandle.Init.CounterMode       = TIM_COUNTERMODE_UP;
  58              		.loc 1 11 2 is_stmt 1 view .LVU10
  14:Drivers/timer.cpp **** 
  59              		.loc 1 14 35 is_stmt 0 view .LVU11
  60 0018 CDE90533 		strd	r3, r3, [sp, #20]
   9:Drivers/timer.cpp **** 	TimHandle.Init.Prescaler         = 0;
  61              		.loc 1 9 35 view .LVU12
  62 001c 0391     		str	r1, [sp, #12]
  11:Drivers/timer.cpp **** 	TimHandle.Init.CounterMode       = TIM_COUNTERMODE_UP;
  63              		.loc 1 11 35 view .LVU13
  64 001e 0493     		str	r3, [sp, #16]
  12:Drivers/timer.cpp **** 	TimHandle.Init.RepetitionCounter = 0;
  65              		.loc 1 12 2 is_stmt 1 view .LVU14
  12:Drivers/timer.cpp **** 	TimHandle.Init.RepetitionCounter = 0;
  66              		.loc 1 12 35 is_stmt 0 view .LVU15
  67 0020 0293     		str	r3, [sp, #8]
  13:Drivers/timer.cpp **** 	TimHandle.Init.AutoReloadPreload = TIM_AUTORELOAD_PRELOAD_DISABLE;
  68              		.loc 1 13 2 is_stmt 1 view .LVU16
  69              		.loc 1 16 2 view .LVU17
  70              		.loc 1 16 19 is_stmt 0 view .LVU18
  71 0022 FFF7FEFF 		bl	HAL_TIM_Base_Init
  72              	.LVL3:
  17:Drivers/timer.cpp **** 	HAL_TIM_Base_Start_IT(&TimHandle);
  73              		.loc 1 17 2 is_stmt 1 view .LVU19
  74              		.loc 1 17 23 is_stmt 0 view .LVU20
  75 0026 6846     		mov	r0, sp
  76 0028 FFF7FEFF 		bl	HAL_TIM_Base_Start_IT
  77              	.LVL4:
  18:Drivers/timer.cpp **** 	HAL_NVIC_EnableIRQ(TIM2_IRQn);
  78              		.loc 1 18 2 is_stmt 1 view .LVU21
  79              		.loc 1 18 20 is_stmt 0 view .LVU22
  80 002c 1C20     		movs	r0, #28
  81 002e FFF7FEFF 		bl	HAL_NVIC_EnableIRQ
  82              	.LVL5:
  19:Drivers/timer.cpp **** }
  83              		.loc 1 19 1 view .LVU23
  84 0032 13B0     		add	sp, sp, #76
  85              		.cfi_def_cfa_offset 4
ARM GAS  /var/folders/84/_x1cyy_j36g486tldtwl37280000gn/T//ccQ7BiXw.s 			page 3


  86              		@ sp needed
  87 0034 5DF804FB 		ldr	pc, [sp], #4
  88              	.L5:
  89              		.align	2
  90              	.L4:
  91 0038 00BD0105 		.word	84000000
  92              		.cfi_endproc
  93              	.LFE1974:
  95              		.section	.text._ZN5Timer7start_3Em,"ax",%progbits
  96              		.align	1
  97              		.p2align 2,,3
  98              		.global	_ZN5Timer7start_3Em
  99              		.syntax unified
 100              		.thumb
 101              		.thumb_func
 102              		.fpu fpv4-sp-d16
 104              	_ZN5Timer7start_3Em:
 105              	.LVL6:
 106              	.LFB1975:
  20:Drivers/timer.cpp **** 
  21:Drivers/timer.cpp **** void Timer::start_3(uint32_t freq){
 107              		.loc 1 21 35 is_stmt 1 view -0
 108              		.cfi_startproc
 109              		@ args = 0, pretend = 0, frame = 72
 110              		@ frame_needed = 0, uses_anonymous_args = 0
  22:Drivers/timer.cpp **** 	TIM_HandleTypeDef TimHandle;
 111              		.loc 1 22 2 view .LVU25
  23:Drivers/timer.cpp **** 
  24:Drivers/timer.cpp **** 	TimHandle.Instance               = TIM3;
 112              		.loc 1 24 2 view .LVU26
  21:Drivers/timer.cpp **** 	TIM_HandleTypeDef TimHandle;
 113              		.loc 1 21 35 is_stmt 0 view .LVU27
 114 0000 00B5     		push	{lr}
 115              		.cfi_def_cfa_offset 4
 116              		.cfi_offset 14, -4
 117              		.loc 1 24 35 view .LVU28
 118 0002 0D4A     		ldr	r2, .L8
  25:Drivers/timer.cpp **** 	TimHandle.Init.Period            = (F_CPU / freq / 2) - 1;
 119              		.loc 1 25 56 view .LVU29
 120 0004 0D4B     		ldr	r3, .L8+4
 121 0006 B3FBF1F1 		udiv	r1, r3, r1
 122              	.LVL7:
  21:Drivers/timer.cpp **** 	TIM_HandleTypeDef TimHandle;
 123              		.loc 1 21 35 view .LVU30
 124 000a 93B0     		sub	sp, sp, #76
 125              		.cfi_def_cfa_offset 80
  26:Drivers/timer.cpp **** 	TimHandle.Init.Prescaler         = 0;
 126              		.loc 1 26 35 view .LVU31
 127 000c 0023     		movs	r3, #0
  25:Drivers/timer.cpp **** 	TimHandle.Init.Period            = (F_CPU / freq / 2) - 1;
 128              		.loc 1 25 56 view .LVU32
 129 000e 0139     		subs	r1, r1, #1
  27:Drivers/timer.cpp **** 	TimHandle.Init.ClockDivision     = TIM_CLOCKDIVISION_DIV1;
  28:Drivers/timer.cpp **** 	TimHandle.Init.CounterMode       = TIM_COUNTERMODE_UP;
  29:Drivers/timer.cpp **** 	TimHandle.Init.RepetitionCounter = 0;
  30:Drivers/timer.cpp **** 	TimHandle.Init.AutoReloadPreload = TIM_AUTORELOAD_PRELOAD_DISABLE;
  31:Drivers/timer.cpp **** 
ARM GAS  /var/folders/84/_x1cyy_j36g486tldtwl37280000gn/T//ccQ7BiXw.s 			page 4


  32:Drivers/timer.cpp **** 	HAL_TIM_Base_Init(&TimHandle);
 130              		.loc 1 32 19 view .LVU33
 131 0010 6846     		mov	r0, sp
 132              	.LVL8:
  26:Drivers/timer.cpp **** 	TimHandle.Init.Prescaler         = 0;
 133              		.loc 1 26 35 view .LVU34
 134 0012 CDE90023 		strd	r2, r3, [sp]
  27:Drivers/timer.cpp **** 	TimHandle.Init.ClockDivision     = TIM_CLOCKDIVISION_DIV1;
 135              		.loc 1 27 2 is_stmt 1 view .LVU35
  30:Drivers/timer.cpp **** 
 136              		.loc 1 30 35 is_stmt 0 view .LVU36
 137 0016 CDE90533 		strd	r3, r3, [sp, #20]
  25:Drivers/timer.cpp **** 	TimHandle.Init.Prescaler         = 0;
 138              		.loc 1 25 35 view .LVU37
 139 001a 0391     		str	r1, [sp, #12]
  27:Drivers/timer.cpp **** 	TimHandle.Init.ClockDivision     = TIM_CLOCKDIVISION_DIV1;
 140              		.loc 1 27 35 view .LVU38
 141 001c 0493     		str	r3, [sp, #16]
  28:Drivers/timer.cpp **** 	TimHandle.Init.RepetitionCounter = 0;
 142              		.loc 1 28 2 is_stmt 1 view .LVU39
  28:Drivers/timer.cpp **** 	TimHandle.Init.RepetitionCounter = 0;
 143              		.loc 1 28 35 is_stmt 0 view .LVU40
 144 001e 0293     		str	r3, [sp, #8]
  29:Drivers/timer.cpp **** 	TimHandle.Init.AutoReloadPreload = TIM_AUTORELOAD_PRELOAD_DISABLE;
 145              		.loc 1 29 2 is_stmt 1 view .LVU41
 146              		.loc 1 32 2 view .LVU42
 147              		.loc 1 32 19 is_stmt 0 view .LVU43
 148 0020 FFF7FEFF 		bl	HAL_TIM_Base_Init
 149              	.LVL9:
  33:Drivers/timer.cpp **** 	HAL_TIM_Base_Start_IT(&TimHandle);
 150              		.loc 1 33 2 is_stmt 1 view .LVU44
 151              		.loc 1 33 23 is_stmt 0 view .LVU45
 152 0024 6846     		mov	r0, sp
 153 0026 FFF7FEFF 		bl	HAL_TIM_Base_Start_IT
 154              	.LVL10:
  34:Drivers/timer.cpp **** 	HAL_NVIC_EnableIRQ(TIM3_IRQn);
 155              		.loc 1 34 2 is_stmt 1 view .LVU46
 156              		.loc 1 34 20 is_stmt 0 view .LVU47
 157 002a 1D20     		movs	r0, #29
 158 002c FFF7FEFF 		bl	HAL_NVIC_EnableIRQ
 159              	.LVL11:
  35:Drivers/timer.cpp **** }
 160              		.loc 1 35 1 view .LVU48
 161 0030 13B0     		add	sp, sp, #76
 162              		.cfi_def_cfa_offset 4
 163              		@ sp needed
 164 0032 5DF804FB 		ldr	pc, [sp], #4
 165              	.L9:
 166 0036 00BF     		.align	2
 167              	.L8:
 168 0038 00040040 		.word	1073742848
 169 003c 00BD0105 		.word	84000000
 170              		.cfi_endproc
 171              	.LFE1975:
 173              		.section	.text._ZN5Timer7start_4Em,"ax",%progbits
 174              		.align	1
 175              		.p2align 2,,3
ARM GAS  /var/folders/84/_x1cyy_j36g486tldtwl37280000gn/T//ccQ7BiXw.s 			page 5


 176              		.global	_ZN5Timer7start_4Em
 177              		.syntax unified
 178              		.thumb
 179              		.thumb_func
 180              		.fpu fpv4-sp-d16
 182              	_ZN5Timer7start_4Em:
 183              	.LVL12:
 184              	.LFB1976:
  36:Drivers/timer.cpp **** 
  37:Drivers/timer.cpp **** void Timer::start_4(uint32_t freq) {
 185              		.loc 1 37 36 is_stmt 1 view -0
 186              		.cfi_startproc
 187              		@ args = 0, pretend = 0, frame = 72
 188              		@ frame_needed = 0, uses_anonymous_args = 0
  38:Drivers/timer.cpp **** 	TIM_HandleTypeDef TimHandle;
 189              		.loc 1 38 2 view .LVU50
  39:Drivers/timer.cpp **** 
  40:Drivers/timer.cpp **** 	TimHandle.Instance               = TIM4;
 190              		.loc 1 40 2 view .LVU51
  37:Drivers/timer.cpp **** 	TIM_HandleTypeDef TimHandle;
 191              		.loc 1 37 36 is_stmt 0 view .LVU52
 192 0000 10B5     		push	{r4, lr}
 193              		.cfi_def_cfa_offset 8
 194              		.cfi_offset 4, -8
 195              		.cfi_offset 14, -4
 196              		.loc 1 40 35 view .LVU53
 197 0002 0D4C     		ldr	r4, .L12
  41:Drivers/timer.cpp **** 	TimHandle.Init.Period            = (F_CPU / freq / 4) - 1;
 198              		.loc 1 41 56 view .LVU54
 199 0004 0D4B     		ldr	r3, .L12+4
 200 0006 B3FBF1F1 		udiv	r1, r3, r1
 201              	.LVL13:
  37:Drivers/timer.cpp **** 	TIM_HandleTypeDef TimHandle;
 202              		.loc 1 37 36 view .LVU55
 203 000a 92B0     		sub	sp, sp, #72
 204              		.cfi_def_cfa_offset 80
  42:Drivers/timer.cpp **** 	TimHandle.Init.Prescaler         = 1;
  43:Drivers/timer.cpp **** 	TimHandle.Init.ClockDivision     = TIM_CLOCKDIVISION_DIV1;
 205              		.loc 1 43 35 view .LVU56
 206 000c 0023     		movs	r3, #0
  41:Drivers/timer.cpp **** 	TimHandle.Init.Period            = (F_CPU / freq / 4) - 1;
 207              		.loc 1 41 56 view .LVU57
 208 000e 0139     		subs	r1, r1, #1
  42:Drivers/timer.cpp **** 	TimHandle.Init.Prescaler         = 1;
 209              		.loc 1 42 35 view .LVU58
 210 0010 0122     		movs	r2, #1
  44:Drivers/timer.cpp **** 	TimHandle.Init.CounterMode       = TIM_COUNTERMODE_UP;
  45:Drivers/timer.cpp **** 	TimHandle.Init.RepetitionCounter = 0;
  46:Drivers/timer.cpp **** 	TimHandle.Init.AutoReloadPreload = TIM_AUTORELOAD_PRELOAD_DISABLE;
  47:Drivers/timer.cpp **** 
  48:Drivers/timer.cpp **** 	HAL_TIM_Base_Init(&TimHandle);
 211              		.loc 1 48 19 view .LVU59
 212 0012 6846     		mov	r0, sp
 213              	.LVL14:
  42:Drivers/timer.cpp **** 	TimHandle.Init.Prescaler         = 1;
 214              		.loc 1 42 35 view .LVU60
 215 0014 CDE90042 		strd	r4, r2, [sp]
ARM GAS  /var/folders/84/_x1cyy_j36g486tldtwl37280000gn/T//ccQ7BiXw.s 			page 6


  43:Drivers/timer.cpp **** 	TimHandle.Init.CounterMode       = TIM_COUNTERMODE_UP;
 216              		.loc 1 43 2 is_stmt 1 view .LVU61
  46:Drivers/timer.cpp **** 
 217              		.loc 1 46 35 is_stmt 0 view .LVU62
 218 0018 CDE90533 		strd	r3, r3, [sp, #20]
  41:Drivers/timer.cpp **** 	TimHandle.Init.Prescaler         = 1;
 219              		.loc 1 41 35 view .LVU63
 220 001c 0391     		str	r1, [sp, #12]
  43:Drivers/timer.cpp **** 	TimHandle.Init.CounterMode       = TIM_COUNTERMODE_UP;
 221              		.loc 1 43 35 view .LVU64
 222 001e 0493     		str	r3, [sp, #16]
  44:Drivers/timer.cpp **** 	TimHandle.Init.RepetitionCounter = 0;
 223              		.loc 1 44 2 is_stmt 1 view .LVU65
  44:Drivers/timer.cpp **** 	TimHandle.Init.RepetitionCounter = 0;
 224              		.loc 1 44 35 is_stmt 0 view .LVU66
 225 0020 0293     		str	r3, [sp, #8]
  45:Drivers/timer.cpp **** 	TimHandle.Init.AutoReloadPreload = TIM_AUTORELOAD_PRELOAD_DISABLE;
 226              		.loc 1 45 2 is_stmt 1 view .LVU67
 227              		.loc 1 48 2 view .LVU68
 228              		.loc 1 48 19 is_stmt 0 view .LVU69
 229 0022 FFF7FEFF 		bl	HAL_TIM_Base_Init
 230              	.LVL15:
  49:Drivers/timer.cpp **** 	HAL_TIM_Base_Start_IT(&TimHandle);
 231              		.loc 1 49 2 is_stmt 1 view .LVU70
 232              		.loc 1 49 23 is_stmt 0 view .LVU71
 233 0026 6846     		mov	r0, sp
 234 0028 FFF7FEFF 		bl	HAL_TIM_Base_Start_IT
 235              	.LVL16:
  50:Drivers/timer.cpp **** 	HAL_NVIC_EnableIRQ(TIM4_IRQn);
 236              		.loc 1 50 2 is_stmt 1 view .LVU72
 237              		.loc 1 50 20 is_stmt 0 view .LVU73
 238 002c 1E20     		movs	r0, #30
 239 002e FFF7FEFF 		bl	HAL_NVIC_EnableIRQ
 240              	.LVL17:
  51:Drivers/timer.cpp **** }
 241              		.loc 1 51 1 view .LVU74
 242 0032 12B0     		add	sp, sp, #72
 243              		.cfi_def_cfa_offset 8
 244              		@ sp needed
 245 0034 10BD     		pop	{r4, pc}
 246              	.L13:
 247 0036 00BF     		.align	2
 248              	.L12:
 249 0038 00080040 		.word	1073743872
 250 003c 80DE8002 		.word	42000000
 251              		.cfi_endproc
 252              	.LFE1976:
 254              		.global	timer
 255              		.section	.bss.timer,"aw",%nobits
 256              		.align	2
 259              	timer:
 260 0000 00       		.space	1
 261              		.text
 262              	.Letext0:
 263              		.file 2 "/Users/joostbooy/STM32Cube/Repository/STM32Cube_FW_F4_V1.26.1/Drivers/CMSIS/Device/ST/STM
 264              		.file 3 "/usr/local/Caskroom/gcc-arm-embedded/9-2019-q4-major/gcc-arm-none-eabi-9-2019-q4-major/ar
 265              		.file 4 "/usr/local/Caskroom/gcc-arm-embedded/9-2019-q4-major/gcc-arm-none-eabi-9-2019-q4-major/ar
ARM GAS  /var/folders/84/_x1cyy_j36g486tldtwl37280000gn/T//ccQ7BiXw.s 			page 7


 266              		.file 5 "/usr/local/Caskroom/gcc-arm-embedded/9-2019-q4-major/gcc-arm-none-eabi-9-2019-q4-major/ar
 267              		.file 6 "/Users/joostbooy/STM32Cube/Repository/STM32Cube_FW_F4_V1.26.1/Drivers/CMSIS/Include/core_
 268              		.file 7 "/Users/joostbooy/STM32Cube/Repository/STM32Cube_FW_F4_V1.26.1/Drivers/CMSIS/Device/ST/STM
 269              		.file 8 "/usr/local/Caskroom/gcc-arm-embedded/9-2019-q4-major/gcc-arm-none-eabi-9-2019-q4-major/li
 270              		.file 9 "/Users/joostbooy/STM32Cube/Repository/STM32Cube_FW_F4_V1.26.1/Drivers/STM32F4xx_HAL_Drive
 271              		.file 10 "/Users/joostbooy/STM32Cube/Repository/STM32Cube_FW_F4_V1.26.1/Drivers/STM32F4xx_HAL_Driv
 272              		.file 11 "/Users/joostbooy/STM32Cube/Repository/STM32Cube_FW_F4_V1.26.1/Drivers/STM32F4xx_HAL_Driv
 273              		.file 12 "/Users/joostbooy/STM32Cube/Repository/STM32Cube_FW_F4_V1.26.1/Drivers/STM32F4xx_HAL_Driv
 274              		.file 13 "/usr/local/Caskroom/gcc-arm-embedded/9-2019-q4-major/gcc-arm-none-eabi-9-2019-q4-major/a
 275              		.file 14 "/usr/local/Caskroom/gcc-arm-embedded/9-2019-q4-major/gcc-arm-none-eabi-9-2019-q4-major/a
 276              		.file 15 "/usr/local/Caskroom/gcc-arm-embedded/9-2019-q4-major/gcc-arm-none-eabi-9-2019-q4-major/a
 277              		.file 16 "/usr/local/Caskroom/gcc-arm-embedded/9-2019-q4-major/gcc-arm-none-eabi-9-2019-q4-major/a
 278              		.file 17 "/usr/local/Caskroom/gcc-arm-embedded/9-2019-q4-major/gcc-arm-none-eabi-9-2019-q4-major/a
 279              		.file 18 "/usr/local/Caskroom/gcc-arm-embedded/9-2019-q4-major/gcc-arm-none-eabi-9-2019-q4-major/a
 280              		.file 19 "/usr/local/Caskroom/gcc-arm-embedded/9-2019-q4-major/gcc-arm-none-eabi-9-2019-q4-major/a
 281              		.file 20 "/usr/local/Caskroom/gcc-arm-embedded/9-2019-q4-major/gcc-arm-none-eabi-9-2019-q4-major/a
 282              		.file 21 "/usr/local/Caskroom/gcc-arm-embedded/9-2019-q4-major/gcc-arm-none-eabi-9-2019-q4-major/a
 283              		.file 22 "/usr/local/Caskroom/gcc-arm-embedded/9-2019-q4-major/gcc-arm-none-eabi-9-2019-q4-major/a
 284              		.file 23 "/usr/local/Caskroom/gcc-arm-embedded/9-2019-q4-major/gcc-arm-none-eabi-9-2019-q4-major/a
 285              		.file 24 "/usr/local/Caskroom/gcc-arm-embedded/9-2019-q4-major/gcc-arm-none-eabi-9-2019-q4-major/a
 286              		.file 25 "/usr/local/Caskroom/gcc-arm-embedded/9-2019-q4-major/gcc-arm-none-eabi-9-2019-q4-major/a
 287              		.file 26 "/usr/local/Caskroom/gcc-arm-embedded/9-2019-q4-major/gcc-arm-none-eabi-9-2019-q4-major/a
 288              		.file 27 "/usr/local/Caskroom/gcc-arm-embedded/9-2019-q4-major/gcc-arm-none-eabi-9-2019-q4-major/a
 289              		.file 28 "/usr/local/Caskroom/gcc-arm-embedded/9-2019-q4-major/gcc-arm-none-eabi-9-2019-q4-major/a
 290              		.file 29 "/usr/local/Caskroom/gcc-arm-embedded/9-2019-q4-major/gcc-arm-none-eabi-9-2019-q4-major/a
 291              		.file 30 "/usr/local/Caskroom/gcc-arm-embedded/9-2019-q4-major/gcc-arm-none-eabi-9-2019-q4-major/a
 292              		.file 31 "/usr/local/Caskroom/gcc-arm-embedded/9-2019-q4-major/gcc-arm-none-eabi-9-2019-q4-major/a
 293              		.file 32 "/usr/local/Caskroom/gcc-arm-embedded/9-2019-q4-major/gcc-arm-none-eabi-9-2019-q4-major/a
 294              		.file 33 "/usr/local/Caskroom/gcc-arm-embedded/9-2019-q4-major/gcc-arm-none-eabi-9-2019-q4-major/a
 295              		.file 34 "/usr/local/Caskroom/gcc-arm-embedded/9-2019-q4-major/gcc-arm-none-eabi-9-2019-q4-major/a
 296              		.file 35 "/usr/local/Caskroom/gcc-arm-embedded/9-2019-q4-major/gcc-arm-none-eabi-9-2019-q4-major/a
 297              		.file 36 "/usr/local/Caskroom/gcc-arm-embedded/9-2019-q4-major/gcc-arm-none-eabi-9-2019-q4-major/a
 298              		.file 37 "/usr/local/Caskroom/gcc-arm-embedded/9-2019-q4-major/gcc-arm-none-eabi-9-2019-q4-major/l
 299              		.file 38 "<built-in>"
 300              		.file 39 "/usr/local/Caskroom/gcc-arm-embedded/9-2019-q4-major/gcc-arm-none-eabi-9-2019-q4-major/a
 301              		.file 40 "/usr/local/Caskroom/gcc-arm-embedded/9-2019-q4-major/gcc-arm-none-eabi-9-2019-q4-major/a
 302              		.file 41 "/usr/local/Caskroom/gcc-arm-embedded/9-2019-q4-major/gcc-arm-none-eabi-9-2019-q4-major/a
 303              		.file 42 "/usr/local/Caskroom/gcc-arm-embedded/9-2019-q4-major/gcc-arm-none-eabi-9-2019-q4-major/a
 304              		.file 43 "/usr/local/Caskroom/gcc-arm-embedded/9-2019-q4-major/gcc-arm-none-eabi-9-2019-q4-major/a
 305              		.file 44 "/usr/local/Caskroom/gcc-arm-embedded/9-2019-q4-major/gcc-arm-none-eabi-9-2019-q4-major/a
 306              		.file 45 "/usr/local/Caskroom/gcc-arm-embedded/9-2019-q4-major/gcc-arm-none-eabi-9-2019-q4-major/a
 307              		.file 46 "/usr/local/Caskroom/gcc-arm-embedded/9-2019-q4-major/gcc-arm-none-eabi-9-2019-q4-major/a
 308              		.file 47 "/usr/local/Caskroom/gcc-arm-embedded/9-2019-q4-major/gcc-arm-none-eabi-9-2019-q4-major/a
 309              		.file 48 "Drivers/timer.h"
 310              		.file 49 "/Users/joostbooy/STM32Cube/Repository/STM32Cube_FW_F4_V1.26.1/Drivers/STM32F4xx_HAL_Driv
ARM GAS  /var/folders/84/_x1cyy_j36g486tldtwl37280000gn/T//ccQ7BiXw.s 			page 8


DEFINED SYMBOLS
                            *ABS*:0000000000000000 timer.cpp
/var/folders/84/_x1cyy_j36g486tldtwl37280000gn/T//ccQ7BiXw.s:18     .text._ZN5Timer7start_2Em:0000000000000000 $t
/var/folders/84/_x1cyy_j36g486tldtwl37280000gn/T//ccQ7BiXw.s:27     .text._ZN5Timer7start_2Em:0000000000000000 _ZN5Timer7start_2Em
/var/folders/84/_x1cyy_j36g486tldtwl37280000gn/T//ccQ7BiXw.s:91     .text._ZN5Timer7start_2Em:0000000000000038 $d
/var/folders/84/_x1cyy_j36g486tldtwl37280000gn/T//ccQ7BiXw.s:96     .text._ZN5Timer7start_3Em:0000000000000000 $t
/var/folders/84/_x1cyy_j36g486tldtwl37280000gn/T//ccQ7BiXw.s:104    .text._ZN5Timer7start_3Em:0000000000000000 _ZN5Timer7start_3Em
/var/folders/84/_x1cyy_j36g486tldtwl37280000gn/T//ccQ7BiXw.s:168    .text._ZN5Timer7start_3Em:0000000000000038 $d
/var/folders/84/_x1cyy_j36g486tldtwl37280000gn/T//ccQ7BiXw.s:174    .text._ZN5Timer7start_4Em:0000000000000000 $t
/var/folders/84/_x1cyy_j36g486tldtwl37280000gn/T//ccQ7BiXw.s:182    .text._ZN5Timer7start_4Em:0000000000000000 _ZN5Timer7start_4Em
/var/folders/84/_x1cyy_j36g486tldtwl37280000gn/T//ccQ7BiXw.s:249    .text._ZN5Timer7start_4Em:0000000000000038 $d
/var/folders/84/_x1cyy_j36g486tldtwl37280000gn/T//ccQ7BiXw.s:259    .bss.timer:0000000000000000 timer
/var/folders/84/_x1cyy_j36g486tldtwl37280000gn/T//ccQ7BiXw.s:256    .bss.timer:0000000000000000 $d

UNDEFINED SYMBOLS
HAL_TIM_Base_Init
HAL_TIM_Base_Start_IT
HAL_NVIC_EnableIRQ
