ARM GAS  /var/folders/84/_x1cyy_j36g486tldtwl37280000gn/T//cchnpS4r.s 			page 1


   1              		.cpu cortex-m4
   2              		.eabi_attribute 27, 1
   3              		.eabi_attribute 28, 1
   4              		.eabi_attribute 20, 1
   5              		.eabi_attribute 21, 1
   6              		.eabi_attribute 23, 3
   7              		.eabi_attribute 24, 1
   8              		.eabi_attribute 25, 1
   9              		.eabi_attribute 26, 1
  10              		.eabi_attribute 30, 2
  11              		.eabi_attribute 34, 1
  12              		.eabi_attribute 18, 4
  13              		.file	"uiText.cpp"
  14              		.text
  15              	.Ltext0:
  16              		.cfi_sections	.debug_frame
  17              		.section	.text.startup._GLOBAL__sub_I__ZN6UiText3strE,"ax",%progbits
  18              		.align	1
  19              		.p2align 2,,3
  20              		.arch armv7e-m
  21              		.syntax unified
  22              		.thumb
  23              		.thumb_func
  24              		.fpu fpv4-sp-d16
  26              	_GLOBAL__sub_I__ZN6UiText3strE:
  27              	.LFB2641:
  28              		.file 1 "Src/Ui/uiText.cpp"
   1:Src/Ui/uiText.cpp **** #include "uiText.h"
   2:Src/Ui/uiText.cpp **** 
   3:Src/Ui/uiText.cpp **** //extern
   4:Src/Ui/uiText.cpp **** 
   5:Src/Ui/uiText.cpp **** StringBuilderBase<31>UiText::str;
   6:Src/Ui/uiText.cpp **** 
   7:Src/Ui/uiText.cpp **** const char* UiText::note_to_text[12] = {
   8:Src/Ui/uiText.cpp **** 	"C", "Cb", "D", "Db", "E", "F", "Fb", "G", "Gb", "A", "Ab", "B"
   9:Src/Ui/uiText.cpp **** };
  29              		.loc 1 9 2 view -0
  30              		.cfi_startproc
  31              		@ args = 0, pretend = 0, frame = 0
  32              		@ frame_needed = 0, uses_anonymous_args = 0
  33              		@ link register save eliminated.
  34              	.LVL0:
  35              	.LBB28:
  36              	.LBI28:
  37              		.loc 1 9 2 view .LVU1
  38              	.LBB29:
  39              	.LBB30:
  40              	.LBI30:
  41              		.file 2 "/Users/joostbooy/Desktop/Code/stm32/lib/utils/stringBuilder.h"
   1:/Users/joostbooy/Desktop/Code/stm32/lib/utils/stringBuilder.h **** #ifndef StringBuilder_h
   2:/Users/joostbooy/Desktop/Code/stm32/lib/utils/stringBuilder.h **** #define StringBuilder_h
   3:/Users/joostbooy/Desktop/Code/stm32/lib/utils/stringBuilder.h **** 
   4:/Users/joostbooy/Desktop/Code/stm32/lib/utils/stringBuilder.h **** #include "stmf4lib.h"
   5:/Users/joostbooy/Desktop/Code/stm32/lib/utils/stringBuilder.h **** 
   6:/Users/joostbooy/Desktop/Code/stm32/lib/utils/stringBuilder.h **** class StringBuilder {
   7:/Users/joostbooy/Desktop/Code/stm32/lib/utils/stringBuilder.h **** 
   8:/Users/joostbooy/Desktop/Code/stm32/lib/utils/stringBuilder.h **** public:
ARM GAS  /var/folders/84/_x1cyy_j36g486tldtwl37280000gn/T//cchnpS4r.s 			page 2


   9:/Users/joostbooy/Desktop/Code/stm32/lib/utils/stringBuilder.h **** 
  10:/Users/joostbooy/Desktop/Code/stm32/lib/utils/stringBuilder.h **** 	StringBuilder(char* ptr, int kMax) {
  11:/Users/joostbooy/Desktop/Code/stm32/lib/utils/stringBuilder.h **** 		char_buff_ = ptr;
  12:/Users/joostbooy/Desktop/Code/stm32/lib/utils/stringBuilder.h **** 		kMax_ = kMax;
  13:/Users/joostbooy/Desktop/Code/stm32/lib/utils/stringBuilder.h **** 		clear();
  14:/Users/joostbooy/Desktop/Code/stm32/lib/utils/stringBuilder.h **** 	}
  15:/Users/joostbooy/Desktop/Code/stm32/lib/utils/stringBuilder.h **** 
  16:/Users/joostbooy/Desktop/Code/stm32/lib/utils/stringBuilder.h **** 	void clear() {
  17:/Users/joostbooy/Desktop/Code/stm32/lib/utils/stringBuilder.h **** 		pos = 0;
  18:/Users/joostbooy/Desktop/Code/stm32/lib/utils/stringBuilder.h **** 		char_buff_[0] = '\0';
  19:/Users/joostbooy/Desktop/Code/stm32/lib/utils/stringBuilder.h **** 	}
  20:/Users/joostbooy/Desktop/Code/stm32/lib/utils/stringBuilder.h **** 
  21:/Users/joostbooy/Desktop/Code/stm32/lib/utils/stringBuilder.h **** 	uint8_t length() {
  22:/Users/joostbooy/Desktop/Code/stm32/lib/utils/stringBuilder.h **** 		return pos;
  23:/Users/joostbooy/Desktop/Code/stm32/lib/utils/stringBuilder.h **** 	}
  24:/Users/joostbooy/Desktop/Code/stm32/lib/utils/stringBuilder.h **** 
  25:/Users/joostbooy/Desktop/Code/stm32/lib/utils/stringBuilder.h **** 	const char* read()  {
  26:/Users/joostbooy/Desktop/Code/stm32/lib/utils/stringBuilder.h **** 		return char_buff_;
  27:/Users/joostbooy/Desktop/Code/stm32/lib/utils/stringBuilder.h **** 	}
  28:/Users/joostbooy/Desktop/Code/stm32/lib/utils/stringBuilder.h **** 
  29:/Users/joostbooy/Desktop/Code/stm32/lib/utils/stringBuilder.h **** 	void truncate(uint8_t last) {
  30:/Users/joostbooy/Desktop/Code/stm32/lib/utils/stringBuilder.h **** 		if (last < pos) {
  31:/Users/joostbooy/Desktop/Code/stm32/lib/utils/stringBuilder.h **** 			pos = last;
  32:/Users/joostbooy/Desktop/Code/stm32/lib/utils/stringBuilder.h **** 			char_buff_[pos] = '\0';
  33:/Users/joostbooy/Desktop/Code/stm32/lib/utils/stringBuilder.h **** 		}
  34:/Users/joostbooy/Desktop/Code/stm32/lib/utils/stringBuilder.h **** 	}
  35:/Users/joostbooy/Desktop/Code/stm32/lib/utils/stringBuilder.h **** 
  36:/Users/joostbooy/Desktop/Code/stm32/lib/utils/stringBuilder.h **** 	// Char
  37:/Users/joostbooy/Desktop/Code/stm32/lib/utils/stringBuilder.h **** 	const char* append(const char* txt) {
  38:/Users/joostbooy/Desktop/Code/stm32/lib/utils/stringBuilder.h **** 		copy(&char_buff_[pos], txt);
  39:/Users/joostbooy/Desktop/Code/stm32/lib/utils/stringBuilder.h **** 		return read();
  40:/Users/joostbooy/Desktop/Code/stm32/lib/utils/stringBuilder.h **** 	}
  41:/Users/joostbooy/Desktop/Code/stm32/lib/utils/stringBuilder.h **** 
  42:/Users/joostbooy/Desktop/Code/stm32/lib/utils/stringBuilder.h **** 	const char* prepend(const char* txt) {
  43:/Users/joostbooy/Desktop/Code/stm32/lib/utils/stringBuilder.h **** 		char copy_buff[kMax_];
  44:/Users/joostbooy/Desktop/Code/stm32/lib/utils/stringBuilder.h **** 		for (int i = 0; i <= pos; ++i) {
  45:/Users/joostbooy/Desktop/Code/stm32/lib/utils/stringBuilder.h **** 			copy_buff[i] = char_buff_[i];
  46:/Users/joostbooy/Desktop/Code/stm32/lib/utils/stringBuilder.h **** 		}
  47:/Users/joostbooy/Desktop/Code/stm32/lib/utils/stringBuilder.h **** 		write(txt, &copy_buff[0]);
  48:/Users/joostbooy/Desktop/Code/stm32/lib/utils/stringBuilder.h **** 		return read();
  49:/Users/joostbooy/Desktop/Code/stm32/lib/utils/stringBuilder.h **** 	}
  50:/Users/joostbooy/Desktop/Code/stm32/lib/utils/stringBuilder.h **** 
  51:/Users/joostbooy/Desktop/Code/stm32/lib/utils/stringBuilder.h **** 	// Int
  52:/Users/joostbooy/Desktop/Code/stm32/lib/utils/stringBuilder.h **** 	const char* append(int32_t value) {
  53:/Users/joostbooy/Desktop/Code/stm32/lib/utils/stringBuilder.h **** 		char int_buffer[kMax_];
  54:/Users/joostbooy/Desktop/Code/stm32/lib/utils/stringBuilder.h **** 		itoa(value, int_buffer, 10);
  55:/Users/joostbooy/Desktop/Code/stm32/lib/utils/stringBuilder.h **** 		copy(&char_buff_[pos], int_buffer);
  56:/Users/joostbooy/Desktop/Code/stm32/lib/utils/stringBuilder.h **** 		return read();
  57:/Users/joostbooy/Desktop/Code/stm32/lib/utils/stringBuilder.h **** 	}
  58:/Users/joostbooy/Desktop/Code/stm32/lib/utils/stringBuilder.h **** 
  59:/Users/joostbooy/Desktop/Code/stm32/lib/utils/stringBuilder.h **** 	const char* prepend(int32_t value) {
  60:/Users/joostbooy/Desktop/Code/stm32/lib/utils/stringBuilder.h **** 		char copy_buff[kMax_];
  61:/Users/joostbooy/Desktop/Code/stm32/lib/utils/stringBuilder.h **** 		for (int i = 0; i <= pos; ++i) {
  62:/Users/joostbooy/Desktop/Code/stm32/lib/utils/stringBuilder.h **** 			copy_buff[i] = char_buff_[i];
  63:/Users/joostbooy/Desktop/Code/stm32/lib/utils/stringBuilder.h **** 		}
  64:/Users/joostbooy/Desktop/Code/stm32/lib/utils/stringBuilder.h **** 		write(value, &copy_buff[0]);
  65:/Users/joostbooy/Desktop/Code/stm32/lib/utils/stringBuilder.h **** 		return read();
ARM GAS  /var/folders/84/_x1cyy_j36g486tldtwl37280000gn/T//cchnpS4r.s 			page 3


  66:/Users/joostbooy/Desktop/Code/stm32/lib/utils/stringBuilder.h **** 	}
  67:/Users/joostbooy/Desktop/Code/stm32/lib/utils/stringBuilder.h **** 
  68:/Users/joostbooy/Desktop/Code/stm32/lib/utils/stringBuilder.h **** 	// Builders
  69:/Users/joostbooy/Desktop/Code/stm32/lib/utils/stringBuilder.h **** 	template <typename type_a>
  70:/Users/joostbooy/Desktop/Code/stm32/lib/utils/stringBuilder.h **** 	const char* write(type_a a) {
  71:/Users/joostbooy/Desktop/Code/stm32/lib/utils/stringBuilder.h **** 		clear();
  72:/Users/joostbooy/Desktop/Code/stm32/lib/utils/stringBuilder.h **** 		append(a);
  73:/Users/joostbooy/Desktop/Code/stm32/lib/utils/stringBuilder.h **** 		return read();
  74:/Users/joostbooy/Desktop/Code/stm32/lib/utils/stringBuilder.h **** 	}
  75:/Users/joostbooy/Desktop/Code/stm32/lib/utils/stringBuilder.h **** 
  76:/Users/joostbooy/Desktop/Code/stm32/lib/utils/stringBuilder.h **** 	template <typename type_a, typename type_b>
  77:/Users/joostbooy/Desktop/Code/stm32/lib/utils/stringBuilder.h **** 	const char* write(type_a a, type_b b) {
  78:/Users/joostbooy/Desktop/Code/stm32/lib/utils/stringBuilder.h **** 		clear();
  79:/Users/joostbooy/Desktop/Code/stm32/lib/utils/stringBuilder.h **** 		append(a);
  80:/Users/joostbooy/Desktop/Code/stm32/lib/utils/stringBuilder.h **** 		append(b);
  81:/Users/joostbooy/Desktop/Code/stm32/lib/utils/stringBuilder.h **** 		return read();
  82:/Users/joostbooy/Desktop/Code/stm32/lib/utils/stringBuilder.h **** 	}
  83:/Users/joostbooy/Desktop/Code/stm32/lib/utils/stringBuilder.h **** 
  84:/Users/joostbooy/Desktop/Code/stm32/lib/utils/stringBuilder.h **** 	template <typename type_a, typename type_b, typename type_c>
  85:/Users/joostbooy/Desktop/Code/stm32/lib/utils/stringBuilder.h **** 	const char* write(type_a a, type_b b, type_c c) {
  86:/Users/joostbooy/Desktop/Code/stm32/lib/utils/stringBuilder.h **** 		clear();
  87:/Users/joostbooy/Desktop/Code/stm32/lib/utils/stringBuilder.h **** 		append(a);
  88:/Users/joostbooy/Desktop/Code/stm32/lib/utils/stringBuilder.h **** 		append(b);
  89:/Users/joostbooy/Desktop/Code/stm32/lib/utils/stringBuilder.h **** 		append(c);
  90:/Users/joostbooy/Desktop/Code/stm32/lib/utils/stringBuilder.h **** 		return read();
  91:/Users/joostbooy/Desktop/Code/stm32/lib/utils/stringBuilder.h **** 	}
  92:/Users/joostbooy/Desktop/Code/stm32/lib/utils/stringBuilder.h **** 
  93:/Users/joostbooy/Desktop/Code/stm32/lib/utils/stringBuilder.h **** 	template <typename type_a, typename type_b, typename type_c, typename type_d>
  94:/Users/joostbooy/Desktop/Code/stm32/lib/utils/stringBuilder.h **** 	const char* write(type_a a, type_b b, type_c c, type_d d) {
  95:/Users/joostbooy/Desktop/Code/stm32/lib/utils/stringBuilder.h **** 		clear();
  96:/Users/joostbooy/Desktop/Code/stm32/lib/utils/stringBuilder.h **** 		append(a);
  97:/Users/joostbooy/Desktop/Code/stm32/lib/utils/stringBuilder.h **** 		append(b);
  98:/Users/joostbooy/Desktop/Code/stm32/lib/utils/stringBuilder.h **** 		append(c);
  99:/Users/joostbooy/Desktop/Code/stm32/lib/utils/stringBuilder.h **** 		append(d);
 100:/Users/joostbooy/Desktop/Code/stm32/lib/utils/stringBuilder.h **** 		return read();
 101:/Users/joostbooy/Desktop/Code/stm32/lib/utils/stringBuilder.h **** 	}
 102:/Users/joostbooy/Desktop/Code/stm32/lib/utils/stringBuilder.h **** 
 103:/Users/joostbooy/Desktop/Code/stm32/lib/utils/stringBuilder.h **** 	template <typename type_a, typename type_b, typename type_c, typename type_d, typename type_e>
 104:/Users/joostbooy/Desktop/Code/stm32/lib/utils/stringBuilder.h **** 	const char* write(type_a a, type_b b, type_c c, type_d d, type_e e) {
 105:/Users/joostbooy/Desktop/Code/stm32/lib/utils/stringBuilder.h **** 		clear();
 106:/Users/joostbooy/Desktop/Code/stm32/lib/utils/stringBuilder.h **** 		append(a);
 107:/Users/joostbooy/Desktop/Code/stm32/lib/utils/stringBuilder.h **** 		append(b);
 108:/Users/joostbooy/Desktop/Code/stm32/lib/utils/stringBuilder.h **** 		append(c);
 109:/Users/joostbooy/Desktop/Code/stm32/lib/utils/stringBuilder.h **** 		append(d);
 110:/Users/joostbooy/Desktop/Code/stm32/lib/utils/stringBuilder.h **** 		append(e);
 111:/Users/joostbooy/Desktop/Code/stm32/lib/utils/stringBuilder.h **** 		return read();
 112:/Users/joostbooy/Desktop/Code/stm32/lib/utils/stringBuilder.h **** 	}
 113:/Users/joostbooy/Desktop/Code/stm32/lib/utils/stringBuilder.h **** 
 114:/Users/joostbooy/Desktop/Code/stm32/lib/utils/stringBuilder.h **** 	template <typename type_a, typename type_b, typename type_c, typename type_d, typename type_e, typ
 115:/Users/joostbooy/Desktop/Code/stm32/lib/utils/stringBuilder.h **** 	const char* write(type_a a, type_b b, type_c c, type_d d, type_e e, type_f f) {
 116:/Users/joostbooy/Desktop/Code/stm32/lib/utils/stringBuilder.h **** 		clear();
 117:/Users/joostbooy/Desktop/Code/stm32/lib/utils/stringBuilder.h **** 		append(a);
 118:/Users/joostbooy/Desktop/Code/stm32/lib/utils/stringBuilder.h **** 		append(b);
 119:/Users/joostbooy/Desktop/Code/stm32/lib/utils/stringBuilder.h **** 		append(c);
 120:/Users/joostbooy/Desktop/Code/stm32/lib/utils/stringBuilder.h **** 		append(d);
 121:/Users/joostbooy/Desktop/Code/stm32/lib/utils/stringBuilder.h **** 		append(e);
 122:/Users/joostbooy/Desktop/Code/stm32/lib/utils/stringBuilder.h **** 		append(f);
ARM GAS  /var/folders/84/_x1cyy_j36g486tldtwl37280000gn/T//cchnpS4r.s 			page 4


 123:/Users/joostbooy/Desktop/Code/stm32/lib/utils/stringBuilder.h **** 		return read();
 124:/Users/joostbooy/Desktop/Code/stm32/lib/utils/stringBuilder.h **** 	}
 125:/Users/joostbooy/Desktop/Code/stm32/lib/utils/stringBuilder.h **** 
 126:/Users/joostbooy/Desktop/Code/stm32/lib/utils/stringBuilder.h **** private:
 127:/Users/joostbooy/Desktop/Code/stm32/lib/utils/stringBuilder.h **** 	uint8_t pos = 0;
 128:/Users/joostbooy/Desktop/Code/stm32/lib/utils/stringBuilder.h **** 	char* char_buff_;
 129:/Users/joostbooy/Desktop/Code/stm32/lib/utils/stringBuilder.h **** 	int kMax_;
 130:/Users/joostbooy/Desktop/Code/stm32/lib/utils/stringBuilder.h **** 
 131:/Users/joostbooy/Desktop/Code/stm32/lib/utils/stringBuilder.h **** 	void copy(char* dest, const char* src) {
 132:/Users/joostbooy/Desktop/Code/stm32/lib/utils/stringBuilder.h **** 		if (pos >= kMax_) { return; }
 133:/Users/joostbooy/Desktop/Code/stm32/lib/utils/stringBuilder.h **** 
 134:/Users/joostbooy/Desktop/Code/stm32/lib/utils/stringBuilder.h **** 		while (*src != '\0') {
 135:/Users/joostbooy/Desktop/Code/stm32/lib/utils/stringBuilder.h **** 			*dest++ = *src++;
 136:/Users/joostbooy/Desktop/Code/stm32/lib/utils/stringBuilder.h **** 			if (++pos >= kMax_){
 137:/Users/joostbooy/Desktop/Code/stm32/lib/utils/stringBuilder.h **** 				break;
 138:/Users/joostbooy/Desktop/Code/stm32/lib/utils/stringBuilder.h **** 			}
 139:/Users/joostbooy/Desktop/Code/stm32/lib/utils/stringBuilder.h **** 		}
 140:/Users/joostbooy/Desktop/Code/stm32/lib/utils/stringBuilder.h **** 		*dest = '\0';
 141:/Users/joostbooy/Desktop/Code/stm32/lib/utils/stringBuilder.h **** 	}
 142:/Users/joostbooy/Desktop/Code/stm32/lib/utils/stringBuilder.h **** };
 143:/Users/joostbooy/Desktop/Code/stm32/lib/utils/stringBuilder.h **** 
 144:/Users/joostbooy/Desktop/Code/stm32/lib/utils/stringBuilder.h **** 
 145:/Users/joostbooy/Desktop/Code/stm32/lib/utils/stringBuilder.h **** template <const uint8_t kMax>
 146:/Users/joostbooy/Desktop/Code/stm32/lib/utils/stringBuilder.h **** class StringBuilderBase : public StringBuilder {
 147:/Users/joostbooy/Desktop/Code/stm32/lib/utils/stringBuilder.h **** 
 148:/Users/joostbooy/Desktop/Code/stm32/lib/utils/stringBuilder.h **** public:
 149:/Users/joostbooy/Desktop/Code/stm32/lib/utils/stringBuilder.h **** 	StringBuilderBase() : StringBuilder(char_buff, kMax) {};
  42              		.loc 2 149 2 view .LVU2
  43              	.LBB31:
  44              	.LBB32:
  45              	.LBI32:
  10:/Users/joostbooy/Desktop/Code/stm32/lib/utils/stringBuilder.h **** 		char_buff_ = ptr;
  46              		.loc 2 10 2 view .LVU3
  47              	.LBB33:
  48              	.LBB34:
  10:/Users/joostbooy/Desktop/Code/stm32/lib/utils/stringBuilder.h **** 		char_buff_ = ptr;
  49              		.loc 2 10 37 is_stmt 0 view .LVU4
  50 0000 044B     		ldr	r3, .L3
  51 0002 1A46     		mov	r2, r3
  52 0004 0021     		movs	r1, #0
  53 0006 02F80C1B 		strb	r1, [r2], #12
  11:/Users/joostbooy/Desktop/Code/stm32/lib/utils/stringBuilder.h **** 		kMax_ = kMax;
  54              		.loc 2 11 3 is_stmt 1 view .LVU5
  12:/Users/joostbooy/Desktop/Code/stm32/lib/utils/stringBuilder.h **** 		clear();
  55              		.loc 2 12 9 is_stmt 0 view .LVU6
  56 000a 1F20     		movs	r0, #31
  11:/Users/joostbooy/Desktop/Code/stm32/lib/utils/stringBuilder.h **** 		kMax_ = kMax;
  57              		.loc 2 11 14 view .LVU7
  58 000c C3E90120 		strd	r2, r0, [r3, #4]
  12:/Users/joostbooy/Desktop/Code/stm32/lib/utils/stringBuilder.h **** 		clear();
  59              		.loc 2 12 3 is_stmt 1 view .LVU8
  13:/Users/joostbooy/Desktop/Code/stm32/lib/utils/stringBuilder.h **** 	}
  60              		.loc 2 13 3 view .LVU9
  61              	.LBB35:
  62              	.LBI35:
  16:/Users/joostbooy/Desktop/Code/stm32/lib/utils/stringBuilder.h **** 		pos = 0;
  63              		.loc 2 16 7 view .LVU10
ARM GAS  /var/folders/84/_x1cyy_j36g486tldtwl37280000gn/T//cchnpS4r.s 			page 5


  64              	.LVL1:
  65              	.LBB36:
  17:/Users/joostbooy/Desktop/Code/stm32/lib/utils/stringBuilder.h **** 		char_buff_[0] = '\0';
  66              		.loc 2 17 3 view .LVU11
  18:/Users/joostbooy/Desktop/Code/stm32/lib/utils/stringBuilder.h **** 	}
  67              		.loc 2 18 3 view .LVU12
  18:/Users/joostbooy/Desktop/Code/stm32/lib/utils/stringBuilder.h **** 	}
  68              		.loc 2 18 17 is_stmt 0 view .LVU13
  69 0010 1973     		strb	r1, [r3, #12]
  70              	.LVL2:
  18:/Users/joostbooy/Desktop/Code/stm32/lib/utils/stringBuilder.h **** 	}
  71              		.loc 2 18 17 view .LVU14
  72              	.LBE36:
  73              	.LBE35:
  74              	.LBE34:
  75              	.LBE33:
  76              	.LBE32:
  77              	.LBE31:
  78              	.LBE30:
  79              	.LBE29:
  80              	.LBE28:
  81              		.loc 1 9 2 view .LVU15
  82 0012 7047     		bx	lr
  83              	.L4:
  84              		.align	2
  85              	.L3:
  86 0014 00000000 		.word	.LANCHOR0
  87              		.cfi_endproc
  88              	.LFE2641:
  90              		.section	.init_array,"aw",%init_array
  91              		.align	2
  92 0000 00000000 		.word	_GLOBAL__sub_I__ZN6UiText3strE(target1)
  93              		.global	_ZN6UiText12note_to_textE
  94              		.section	.rodata.str1.4,"aMS",%progbits,1
  95              		.align	2
  96              	.LC0:
  97 0000 4300     		.ascii	"C\000"
  98 0002 0000     		.align	2
  99              	.LC1:
 100 0004 436200   		.ascii	"Cb\000"
 101 0007 00       		.align	2
 102              	.LC2:
 103 0008 4400     		.ascii	"D\000"
 104 000a 0000     		.align	2
 105              	.LC3:
 106 000c 446200   		.ascii	"Db\000"
 107 000f 00       		.align	2
 108              	.LC4:
 109 0010 4500     		.ascii	"E\000"
 110 0012 0000     		.align	2
 111              	.LC5:
 112 0014 4600     		.ascii	"F\000"
 113 0016 0000     		.align	2
 114              	.LC6:
 115 0018 466200   		.ascii	"Fb\000"
 116 001b 00       		.align	2
 117              	.LC7:
ARM GAS  /var/folders/84/_x1cyy_j36g486tldtwl37280000gn/T//cchnpS4r.s 			page 6


 118 001c 4700     		.ascii	"G\000"
 119 001e 0000     		.align	2
 120              	.LC8:
 121 0020 476200   		.ascii	"Gb\000"
 122 0023 00       		.align	2
 123              	.LC9:
 124 0024 4100     		.ascii	"A\000"
 125 0026 0000     		.align	2
 126              	.LC10:
 127 0028 416200   		.ascii	"Ab\000"
 128 002b 00       		.align	2
 129              	.LC11:
 130 002c 4200     		.ascii	"B\000"
 131              		.global	_ZN6UiText3strE
 132              		.section	.bss._ZN6UiText3strE,"aw",%nobits
 133              		.align	2
 134              		.set	.LANCHOR0,. + 0
 137              	_ZN6UiText3strE:
 138 0000 00000000 		.space	44
 138      00000000 
 138      00000000 
 138      00000000 
 138      00000000 
 139              		.section	.data._ZN6UiText12note_to_textE,"aw"
 140              		.align	2
 143              	_ZN6UiText12note_to_textE:
 144 0000 00000000 		.word	.LC0
 145 0004 04000000 		.word	.LC1
 146 0008 08000000 		.word	.LC2
 147 000c 0C000000 		.word	.LC3
 148 0010 10000000 		.word	.LC4
 149 0014 14000000 		.word	.LC5
 150 0018 18000000 		.word	.LC6
 151 001c 1C000000 		.word	.LC7
 152 0020 20000000 		.word	.LC8
 153 0024 24000000 		.word	.LC9
 154 0028 28000000 		.word	.LC10
 155 002c 2C000000 		.word	.LC11
 156              		.text
 157              	.Letext0:
 158              		.file 3 "/usr/local/Caskroom/gcc-arm-embedded/9-2019-q4-major/gcc-arm-none-eabi-9-2019-q4-major/ar
 159              		.file 4 "/usr/local/Caskroom/gcc-arm-embedded/9-2019-q4-major/gcc-arm-none-eabi-9-2019-q4-major/ar
 160              		.file 5 "/usr/local/Caskroom/gcc-arm-embedded/9-2019-q4-major/gcc-arm-none-eabi-9-2019-q4-major/ar
 161              		.file 6 "/Users/joostbooy/STM32Cube/Repository/STM32Cube_FW_F4_V1.26.1/Drivers/CMSIS/Include/core_
 162              		.file 7 "/Users/joostbooy/STM32Cube/Repository/STM32Cube_FW_F4_V1.26.1/Drivers/CMSIS/Device/ST/STM
 163              		.file 8 "/usr/local/Caskroom/gcc-arm-embedded/9-2019-q4-major/gcc-arm-none-eabi-9-2019-q4-major/li
 164              		.file 9 "/Users/joostbooy/STM32Cube/Repository/STM32Cube_FW_F4_V1.26.1/Drivers/STM32F4xx_HAL_Drive
 165              		.file 10 "/usr/local/Caskroom/gcc-arm-embedded/9-2019-q4-major/gcc-arm-none-eabi-9-2019-q4-major/a
 166              		.file 11 "/usr/local/Caskroom/gcc-arm-embedded/9-2019-q4-major/gcc-arm-none-eabi-9-2019-q4-major/a
 167              		.file 12 "/usr/local/Caskroom/gcc-arm-embedded/9-2019-q4-major/gcc-arm-none-eabi-9-2019-q4-major/a
 168              		.file 13 "/usr/local/Caskroom/gcc-arm-embedded/9-2019-q4-major/gcc-arm-none-eabi-9-2019-q4-major/a
 169              		.file 14 "/usr/local/Caskroom/gcc-arm-embedded/9-2019-q4-major/gcc-arm-none-eabi-9-2019-q4-major/a
 170              		.file 15 "/usr/local/Caskroom/gcc-arm-embedded/9-2019-q4-major/gcc-arm-none-eabi-9-2019-q4-major/a
 171              		.file 16 "/usr/local/Caskroom/gcc-arm-embedded/9-2019-q4-major/gcc-arm-none-eabi-9-2019-q4-major/a
 172              		.file 17 "/usr/local/Caskroom/gcc-arm-embedded/9-2019-q4-major/gcc-arm-none-eabi-9-2019-q4-major/a
 173              		.file 18 "/usr/local/Caskroom/gcc-arm-embedded/9-2019-q4-major/gcc-arm-none-eabi-9-2019-q4-major/a
 174              		.file 19 "/usr/local/Caskroom/gcc-arm-embedded/9-2019-q4-major/gcc-arm-none-eabi-9-2019-q4-major/a
ARM GAS  /var/folders/84/_x1cyy_j36g486tldtwl37280000gn/T//cchnpS4r.s 			page 7


 175              		.file 20 "/usr/local/Caskroom/gcc-arm-embedded/9-2019-q4-major/gcc-arm-none-eabi-9-2019-q4-major/a
 176              		.file 21 "/usr/local/Caskroom/gcc-arm-embedded/9-2019-q4-major/gcc-arm-none-eabi-9-2019-q4-major/a
 177              		.file 22 "/usr/local/Caskroom/gcc-arm-embedded/9-2019-q4-major/gcc-arm-none-eabi-9-2019-q4-major/a
 178              		.file 23 "/usr/local/Caskroom/gcc-arm-embedded/9-2019-q4-major/gcc-arm-none-eabi-9-2019-q4-major/a
 179              		.file 24 "/usr/local/Caskroom/gcc-arm-embedded/9-2019-q4-major/gcc-arm-none-eabi-9-2019-q4-major/a
 180              		.file 25 "/usr/local/Caskroom/gcc-arm-embedded/9-2019-q4-major/gcc-arm-none-eabi-9-2019-q4-major/a
 181              		.file 26 "/usr/local/Caskroom/gcc-arm-embedded/9-2019-q4-major/gcc-arm-none-eabi-9-2019-q4-major/a
 182              		.file 27 "/usr/local/Caskroom/gcc-arm-embedded/9-2019-q4-major/gcc-arm-none-eabi-9-2019-q4-major/a
 183              		.file 28 "/usr/local/Caskroom/gcc-arm-embedded/9-2019-q4-major/gcc-arm-none-eabi-9-2019-q4-major/a
 184              		.file 29 "/usr/local/Caskroom/gcc-arm-embedded/9-2019-q4-major/gcc-arm-none-eabi-9-2019-q4-major/a
 185              		.file 30 "/usr/local/Caskroom/gcc-arm-embedded/9-2019-q4-major/gcc-arm-none-eabi-9-2019-q4-major/a
 186              		.file 31 "/usr/local/Caskroom/gcc-arm-embedded/9-2019-q4-major/gcc-arm-none-eabi-9-2019-q4-major/a
 187              		.file 32 "/usr/local/Caskroom/gcc-arm-embedded/9-2019-q4-major/gcc-arm-none-eabi-9-2019-q4-major/a
 188              		.file 33 "/usr/local/Caskroom/gcc-arm-embedded/9-2019-q4-major/gcc-arm-none-eabi-9-2019-q4-major/a
 189              		.file 34 "/usr/local/Caskroom/gcc-arm-embedded/9-2019-q4-major/gcc-arm-none-eabi-9-2019-q4-major/a
 190              		.file 35 "/usr/local/Caskroom/gcc-arm-embedded/9-2019-q4-major/gcc-arm-none-eabi-9-2019-q4-major/l
 191              		.file 36 "<built-in>"
 192              		.file 37 "/usr/local/Caskroom/gcc-arm-embedded/9-2019-q4-major/gcc-arm-none-eabi-9-2019-q4-major/a
 193              		.file 38 "/usr/local/Caskroom/gcc-arm-embedded/9-2019-q4-major/gcc-arm-none-eabi-9-2019-q4-major/a
 194              		.file 39 "/usr/local/Caskroom/gcc-arm-embedded/9-2019-q4-major/gcc-arm-none-eabi-9-2019-q4-major/a
 195              		.file 40 "/usr/local/Caskroom/gcc-arm-embedded/9-2019-q4-major/gcc-arm-none-eabi-9-2019-q4-major/a
 196              		.file 41 "/usr/local/Caskroom/gcc-arm-embedded/9-2019-q4-major/gcc-arm-none-eabi-9-2019-q4-major/a
 197              		.file 42 "/usr/local/Caskroom/gcc-arm-embedded/9-2019-q4-major/gcc-arm-none-eabi-9-2019-q4-major/a
 198              		.file 43 "/usr/local/Caskroom/gcc-arm-embedded/9-2019-q4-major/gcc-arm-none-eabi-9-2019-q4-major/a
 199              		.file 44 "/usr/local/Caskroom/gcc-arm-embedded/9-2019-q4-major/gcc-arm-none-eabi-9-2019-q4-major/a
 200              		.file 45 "/usr/local/Caskroom/gcc-arm-embedded/9-2019-q4-major/gcc-arm-none-eabi-9-2019-q4-major/a
 201              		.file 46 "lookupTables/lookUpTables.h"
 202              		.file 47 "Src/Engine/midiEvent.h"
 203              		.file 48 "Drivers/uart.h"
 204              		.file 49 "Drivers/Usb/usb.h"
 205              		.file 50 "Src/Engine/midiBuffer.h"
 206              		.file 51 "/Users/joostbooy/Desktop/Code/stm32/lib/utils/que.h"
 207              		.file 52 "Src/Engine/midiPort.h"
 208              		.file 53 "lookupTables/font.h"
 209              		.file 54 "Src/Ui/uiText.h"
ARM GAS  /var/folders/84/_x1cyy_j36g486tldtwl37280000gn/T//cchnpS4r.s 			page 8


DEFINED SYMBOLS
                            *ABS*:0000000000000000 uiText.cpp
/var/folders/84/_x1cyy_j36g486tldtwl37280000gn/T//cchnpS4r.s:18     .text.startup._GLOBAL__sub_I__ZN6UiText3strE:0000000000000000 $t
/var/folders/84/_x1cyy_j36g486tldtwl37280000gn/T//cchnpS4r.s:26     .text.startup._GLOBAL__sub_I__ZN6UiText3strE:0000000000000000 _GLOBAL__sub_I__ZN6UiText3strE
/var/folders/84/_x1cyy_j36g486tldtwl37280000gn/T//cchnpS4r.s:86     .text.startup._GLOBAL__sub_I__ZN6UiText3strE:0000000000000014 $d
/var/folders/84/_x1cyy_j36g486tldtwl37280000gn/T//cchnpS4r.s:91     .init_array:0000000000000000 $d
/var/folders/84/_x1cyy_j36g486tldtwl37280000gn/T//cchnpS4r.s:143    .data._ZN6UiText12note_to_textE:0000000000000000 _ZN6UiText12note_to_textE
/var/folders/84/_x1cyy_j36g486tldtwl37280000gn/T//cchnpS4r.s:95     .rodata.str1.4:0000000000000000 $d
/var/folders/84/_x1cyy_j36g486tldtwl37280000gn/T//cchnpS4r.s:137    .bss._ZN6UiText3strE:0000000000000000 _ZN6UiText3strE
/var/folders/84/_x1cyy_j36g486tldtwl37280000gn/T//cchnpS4r.s:133    .bss._ZN6UiText3strE:0000000000000000 $d
/var/folders/84/_x1cyy_j36g486tldtwl37280000gn/T//cchnpS4r.s:140    .data._ZN6UiText12note_to_textE:0000000000000000 $d

NO UNDEFINED SYMBOLS
